#
# There is insufficient memory for the Java Runtime Environment to continue.
# Native memory allocation (mmap) failed to map 196083712 bytes for G1 virtual space
# Possible reasons:
#   The system is out of physical RAM or swap space
#   The process is running with CompressedOops enabled, and the Java Heap may be blocking the growth of the native heap
# Possible solutions:
#   Reduce memory load on the system
#   Increase physical memory or swap space
#   Check if swap backing store is full
#   Decrease Java heap size (-Xmx/-Xms)
#   Decrease number of Java threads
#   Decrease Java thread stack sizes (-Xss)
#   Set larger code cache with -XX:ReservedCodeCacheSize=
#   JVM is running with Unscaled Compressed Oops mode in which the Java heap is
#     placed in the first 4GB address space. The Java Heap base address is the
#     maximum limit for the native heap growth. Please use -XX:HeapBaseMinAddress
#     to set the Java Heap base and to place the Java Heap above 4GB virtual address.
# This output file may be truncated or incomplete.
#
#  Out of Memory Error (os_windows.cpp:3769), pid=3968, tid=2972
#
# JRE version: OpenJDK Runtime Environment (17.0.6) (build 17.0.6+0-b2043.56-9586694)
# Java VM: OpenJDK 64-Bit Server VM (17.0.6+0-b2043.56-9586694, mixed mode, tiered, compressed oops, compressed class ptrs, g1 gc, windows-amd64)
# No core dump will be written. Minidumps are not enabled by default on client versions of Windows
#

---------------  S U M M A R Y ------------

Command Line: --add-opens=java.base/java.util=ALL-UNNAMED --add-opens=java.base/java.lang=ALL-UNNAMED --add-opens=java.base/java.lang.invoke=ALL-UNNAMED --add-opens=java.base/java.util=ALL-UNNAMED --add-opens=java.prefs/java.util.prefs=ALL-UNNAMED --add-opens=java.prefs/java.util.prefs=ALL-UNNAMED --add-opens=java.base/java.nio.charset=ALL-UNNAMED --add-opens=java.base/java.net=ALL-UNNAMED --add-opens=java.base/java.util.concurrent.atomic=ALL-UNNAMED -Xmx2048m -Dfile.encoding=UTF-8 -Duser.country=TR -Duser.language=tr -Duser.variant org.gradle.launcher.daemon.bootstrap.GradleDaemon 7.5

Host: AMD Ryzen 5 3500U with Radeon Vega Mobile Gfx  , 8 cores, 3G,  Windows 10 , 64 bit Build 19041 (10.0.19041.2788)
Time: Mon May  1 16:47:50 2023 Türkiye Standart Saati elapsed time: 103.943836 seconds (0d 0h 1m 43s)

---------------  T H R E A D  ---------------

Current thread (0x000001d3733e1290):  VMThread "VM Thread" [stack: 0x0000009089100000,0x0000009089200000] [id=2972]

Stack: [0x0000009089100000,0x0000009089200000]
Native frames: (J=compiled Java code, j=interpreted, Vv=VM code, C=native code)
V  [jvm.dll+0x683b4a]
V  [jvm.dll+0x842654]
V  [jvm.dll+0x843dfe]
V  [jvm.dll+0x844463]
V  [jvm.dll+0x249b75]
V  [jvm.dll+0x680a19]
V  [jvm.dll+0x674f0a]
V  [jvm.dll+0x309acb]
V  [jvm.dll+0x310f86]
V  [jvm.dll+0x3608ee]
V  [jvm.dll+0x360b1f]
V  [jvm.dll+0x2dfbf8]
V  [jvm.dll+0x2ddec4]
V  [jvm.dll+0x2dd4cc]
V  [jvm.dll+0x321f3b]
V  [jvm.dll+0x84893b]
V  [jvm.dll+0x849674]
V  [jvm.dll+0x849b8d]
V  [jvm.dll+0x849f64]
V  [jvm.dll+0x84a030]
V  [jvm.dll+0x7f25fa]
V  [jvm.dll+0x682985]
C  [ucrtbase.dll+0x21bb2]
C  [KERNEL32.DLL+0x17604]
C  [ntdll.dll+0x526a1]

VM_Operation (0x000000908abf6c50): G1CollectForAllocation, mode: safepoint, requested by thread 0x000001d37499d9f0


---------------  P R O C E S S  ---------------

Threads class SMR info:
_java_thread_list=0x000001d376627ed0, length=124, elements={
0x000001d3595e18b0, 0x000001d373423030, 0x000001d373423af0, 0x000001d37345e4d0,
0x000001d37343a4d0, 0x000001d37343ae80, 0x000001d3733fe4e0, 0x000001d37343bf60,
0x000001d373458ca0, 0x000001d37345b6a0, 0x000001d374182230, 0x000001d374182b10,
0x000001d375562cc0, 0x000001d374bab370, 0x000001d374d2f8f0, 0x000001d3755b35c0,
0x000001d3748b78d0, 0x000001d37499c080, 0x000001d37499d9f0, 0x000001d374c378c0,
0x000001d376442210, 0x000001d376443550, 0x000001d376443080, 0x000001d3764426e0,
0x000001d376440530, 0x000001d376440060, 0x000001d376440a00, 0x000001d376441870,
0x000001d376441d40, 0x000001d376442bb0, 0x000001d376440ed0, 0x000001d3764413a0,
0x000001d375a2c3a0, 0x000001d375a323e0, 0x000001d375a2ea20, 0x000001d375a2b060,
0x000001d375a328b0, 0x000001d375a310a0, 0x000001d375a2eef0, 0x000001d375a2e080,
0x000001d375a31570, 0x000001d375a2c870, 0x000001d375a2f3c0, 0x000001d375a2d210,
0x000001d375a30230, 0x000001d375a31a40, 0x000001d375a2ba00, 0x000001d375a2d6e0,
0x000001d375a30700, 0x000001d375a30bd0, 0x000001d375a2bed0, 0x000001d3791be990,
0x000001d3791bdff0, 0x000001d3791bee60, 0x000001d3791c01a0, 0x000001d3791c0670,
0x000001d3791bf330, 0x000001d3791bccb0, 0x000001d3791bd650, 0x000001d3791bdb20,
0x000001d3791bf800, 0x000001d3791bfcd0, 0x000001d3791bd180, 0x000001d3791be4c0,
0x000001d374dee630, 0x000001d374dec480, 0x000001d374ded2f0, 0x000001d374def4a0,
0x000001d374debfb0, 0x000001d374ded7c0, 0x000001d374debae0, 0x000001d374dec950,
0x000001d374dece20, 0x000001d374dedc90, 0x000001d374deefd0, 0x000001d374dee160,
0x000001d374deeb00, 0x000001d3786f74c0, 0x000001d3786f57e0, 0x000001d3786f6b20,
0x000001d3786f3160, 0x000001d3786f7990, 0x000001d3786f44a0, 0x000001d3786f3b00,
0x000001d3786f7e60, 0x000001d3786f3fd0, 0x000001d3786f8330, 0x000001d3786f8800,
0x000001d3786f22f0, 0x000001d3786f27c0, 0x000001d3786f4970, 0x000001d3786f4e40,
0x000001d3786f2c90, 0x000001d3786f5cb0, 0x000001d3786f1e20, 0x000001d3786f0fb0,
0x000001d3786f3630, 0x000001d3786f1480, 0x000001d3786f1950, 0x000001d3786f5310,
0x000001d3786f6180, 0x000001d3786f6650, 0x000001d3786f6ff0, 0x000001d376bb39f0,
0x000001d376bb3ec0, 0x000001d376bb1840, 0x000001d376bade80, 0x000001d376bb4d30,
0x000001d376bae350, 0x000001d376bb1370, 0x000001d376bafb60, 0x000001d376baf690,
0x000001d376bb0030, 0x000001d376bb1d10, 0x000001d376bb4860, 0x000001d376bb3520,
0x000001d376bb0500, 0x000001d376baf1c0, 0x000001d376bb4390, 0x000001d376bb21e0,
0x000001d376bae820, 0x000001d376bb09d0, 0x000001d376bb26b0, 0x000001d376bb3050
}

Java Threads: ( => current thread )
  0x000001d3595e18b0 JavaThread "main" [_thread_blocked, id=2152, stack(0x0000009088b00000,0x0000009088c00000)]
  0x000001d373423030 JavaThread "Reference Handler" daemon [_thread_blocked, id=14444, stack(0x0000009089200000,0x0000009089300000)]
  0x000001d373423af0 JavaThread "Finalizer" daemon [_thread_blocked, id=12780, stack(0x0000009089300000,0x0000009089400000)]
  0x000001d37345e4d0 JavaThread "Signal Dispatcher" daemon [_thread_blocked, id=15248, stack(0x0000009089400000,0x0000009089500000)]
  0x000001d37343a4d0 JavaThread "Attach Listener" daemon [_thread_blocked, id=1856, stack(0x0000009089500000,0x0000009089600000)]
  0x000001d37343ae80 JavaThread "Service Thread" daemon [_thread_blocked, id=14808, stack(0x0000009089600000,0x0000009089700000)]
  0x000001d3733fe4e0 JavaThread "Monitor Deflation Thread" daemon [_thread_blocked, id=12988, stack(0x0000009089700000,0x0000009089800000)]
  0x000001d37343bf60 JavaThread "C2 CompilerThread0" daemon [_thread_blocked, id=8244, stack(0x0000009089800000,0x0000009089900000)]
  0x000001d373458ca0 JavaThread "C1 CompilerThread0" daemon [_thread_blocked, id=1144, stack(0x0000009089900000,0x0000009089a00000)]
  0x000001d37345b6a0 JavaThread "Sweeper thread" daemon [_thread_blocked, id=11048, stack(0x0000009089a00000,0x0000009089b00000)]
  0x000001d374182230 JavaThread "Common-Cleaner" daemon [_thread_blocked, id=13036, stack(0x0000009089b00000,0x0000009089c00000)]
  0x000001d374182b10 JavaThread "Notification Thread" daemon [_thread_blocked, id=7428, stack(0x0000009089c00000,0x0000009089d00000)]
  0x000001d375562cc0 JavaThread "Daemon health stats" [_thread_blocked, id=5696, stack(0x000000908a200000,0x000000908a300000)]
  0x000001d374bab370 JavaThread "Incoming local TCP Connector on port 61014" [_thread_in_native, id=11740, stack(0x000000908a600000,0x000000908a700000)]
  0x000001d374d2f8f0 JavaThread "Daemon periodic checks" [_thread_blocked, id=7520, stack(0x000000908a700000,0x000000908a800000)]
  0x000001d3755b35c0 JavaThread "Daemon" [_thread_blocked, id=11060, stack(0x000000908a800000,0x000000908a900000)]
  0x000001d3748b78d0 JavaThread "Handler for socket connection from /127.0.0.1:61014 to /127.0.0.1:61016" [_thread_in_native, id=11796, stack(0x000000908a900000,0x000000908aa00000)]
  0x000001d37499c080 JavaThread "Cancel handler" [_thread_blocked, id=3880, stack(0x000000908aa00000,0x000000908ab00000)]
  0x000001d37499d9f0 JavaThread "Daemon worker" [_thread_blocked, id=2104, stack(0x000000908ab00000,0x000000908ac00000)]
  0x000001d374c378c0 JavaThread "Asynchronous log dispatcher for DefaultDaemonConnection: socket connection from /127.0.0.1:61014 to /127.0.0.1:61016" [_thread_blocked, id=12600, stack(0x000000908ac00000,0x000000908ad00000)]
  0x000001d376442210 JavaThread "Stdin handler" [_thread_blocked, id=1176, stack(0x000000908ad00000,0x000000908ae00000)]
  0x000001d376443550 JavaThread "Daemon client event forwarder" [_thread_blocked, id=224, stack(0x000000908ae00000,0x000000908af00000)]
  0x000001d376443080 JavaThread "Cache worker for journal cache (C:\Users\beyza\.gradle\caches\journal-1)" [_thread_blocked, id=1032, stack(0x000000908af00000,0x000000908b000000)]
  0x000001d3764426e0 JavaThread "File lock request listener" [_thread_in_native, id=10660, stack(0x000000908b000000,0x000000908b100000)]
  0x000001d376440530 JavaThread "Cache worker for file hash cache (C:\Users\beyza\.gradle\caches\7.5\fileHashes)" [_thread_blocked, id=16360, stack(0x000000908b200000,0x000000908b300000)]
  0x000001d376440060 JavaThread "File watcher server" daemon [_thread_in_native, id=2008, stack(0x000000908b300000,0x000000908b400000)]
  0x000001d376440a00 JavaThread "File watcher consumer" daemon [_thread_blocked, id=15340, stack(0x000000908b400000,0x000000908b500000)]
  0x000001d376441870 JavaThread "jar transforms" [_thread_blocked, id=1060, stack(0x000000908b500000,0x000000908b600000)]
  0x000001d376441d40 JavaThread "jar transforms Thread 2" [_thread_blocked, id=16304, stack(0x000000908b600000,0x000000908b700000)]
  0x000001d376442bb0 JavaThread "jar transforms Thread 3" [_thread_blocked, id=2276, stack(0x000000908b700000,0x000000908b800000)]
  0x000001d376440ed0 JavaThread "jar transforms Thread 4" [_thread_blocked, id=4416, stack(0x000000908b800000,0x000000908b900000)]
  0x000001d3764413a0 JavaThread "jar transforms Thread 5" [_thread_blocked, id=1088, stack(0x000000908b900000,0x000000908ba00000)]
  0x000001d375a2c3a0 JavaThread "jar transforms Thread 6" [_thread_blocked, id=14732, stack(0x000000908ba00000,0x000000908bb00000)]
  0x000001d375a323e0 JavaThread "jar transforms Thread 7" [_thread_blocked, id=6420, stack(0x000000908bb00000,0x000000908bc00000)]
  0x000001d375a2ea20 JavaThread "jar transforms Thread 8" [_thread_blocked, id=9308, stack(0x000000908bc00000,0x000000908bd00000)]
  0x000001d375a2b060 JavaThread "Cache worker for checksums cache (C:\Users\beyza\AndroidStudioProjects\GradStudentApp\.gradle\7.5\checksums)" [_thread_blocked, id=11688, stack(0x000000908bd00000,0x000000908be00000)]
  0x000001d375a328b0 JavaThread "Cache worker for cache directory md-rule (C:\Users\beyza\.gradle\caches\7.5\md-rule)" [_thread_blocked, id=9476, stack(0x000000908be00000,0x000000908bf00000)]
  0x000001d375a310a0 JavaThread "Cache worker for file content cache (C:\Users\beyza\.gradle\caches\7.5\fileContent)" [_thread_blocked, id=4408, stack(0x000000908bf00000,0x000000908c000000)]
  0x000001d375a2eef0 JavaThread "Cache worker for file hash cache (C:\Users\beyza\AndroidStudioProjects\GradStudentApp\.gradle\7.5\fileHashes)" [_thread_blocked, id=11548, stack(0x000000908c000000,0x000000908c100000)]
  0x000001d375a2e080 JavaThread "Cache worker for cache directory md-supplier (C:\Users\beyza\.gradle\caches\7.5\md-supplier)" [_thread_blocked, id=16160, stack(0x000000908c100000,0x000000908c200000)]
  0x000001d375a31570 JavaThread "Cache worker for execution history cache (C:\Users\beyza\.gradle\caches\7.5\executionHistory)" [_thread_blocked, id=15124, stack(0x000000908c200000,0x000000908c300000)]
  0x000001d375a2c870 JavaThread "Cache worker for dependencies-accessors (C:\Users\beyza\AndroidStudioProjects\GradStudentApp\.gradle\7.5\dependencies-accessors)" [_thread_blocked, id=8180, stack(0x0000009088800000,0x0000009088900000)]
  0x000001d375a2f3c0 JavaThread "Cache worker for Build Output Cleanup Cache (C:\Users\beyza\AndroidStudioProjects\GradStudentApp\.gradle\buildOutputCleanup)" [_thread_blocked, id=11248, stack(0x0000009088a00000,0x0000009088b00000)]
  0x000001d375a2d210 JavaThread "Unconstrained build operations" [_thread_blocked, id=11632, stack(0x000000908c300000,0x000000908c400000)]
  0x000001d375a30230 JavaThread "Unconstrained build operations Thread 2" [_thread_blocked, id=2880, stack(0x000000908c400000,0x000000908c500000)]
  0x000001d375a31a40 JavaThread "Unconstrained build operations Thread 3" [_thread_blocked, id=12472, stack(0x000000908c500000,0x000000908c600000)]
  0x000001d375a2ba00 JavaThread "Unconstrained build operations Thread 4" [_thread_blocked, id=9812, stack(0x000000908c600000,0x000000908c700000)]
  0x000001d375a2d6e0 JavaThread "Unconstrained build operations Thread 5" [_thread_blocked, id=9656, stack(0x000000908c700000,0x000000908c800000)]
  0x000001d375a30700 JavaThread "Unconstrained build operations Thread 6" [_thread_blocked, id=5072, stack(0x000000908c800000,0x000000908c900000)]
  0x000001d375a30bd0 JavaThread "Unconstrained build operations Thread 7" [_thread_blocked, id=1048, stack(0x000000908c900000,0x000000908ca00000)]
  0x000001d375a2bed0 JavaThread "Unconstrained build operations Thread 8" [_thread_blocked, id=11024, stack(0x000000908ca00000,0x000000908cb00000)]
  0x000001d3791be990 JavaThread "Unconstrained build operations Thread 9" [_thread_blocked, id=10472, stack(0x000000908cb00000,0x000000908cc00000)]
  0x000001d3791bdff0 JavaThread "Unconstrained build operations Thread 10" [_thread_blocked, id=7048, stack(0x000000908cc00000,0x000000908cd00000)]
  0x000001d3791bee60 JavaThread "Unconstrained build operations Thread 11" [_thread_blocked, id=13088, stack(0x000000908cd00000,0x000000908ce00000)]
  0x000001d3791c01a0 JavaThread "Unconstrained build operations Thread 12" [_thread_blocked, id=10176, stack(0x000000908ce00000,0x000000908cf00000)]
  0x000001d3791c0670 JavaThread "Unconstrained build operations Thread 13" [_thread_blocked, id=14708, stack(0x000000908cf00000,0x000000908d000000)]
  0x000001d3791bf330 JavaThread "Unconstrained build operations Thread 14" [_thread_blocked, id=12740, stack(0x000000908d000000,0x000000908d100000)]
  0x000001d3791bccb0 JavaThread "Unconstrained build operations Thread 15" [_thread_blocked, id=2464, stack(0x000000908d100000,0x000000908d200000)]
  0x000001d3791bd650 JavaThread "Unconstrained build operations Thread 16" [_thread_blocked, id=14008, stack(0x000000908d200000,0x000000908d300000)]
  0x000001d3791bdb20 JavaThread "Unconstrained build operations Thread 17" [_thread_blocked, id=4532, stack(0x000000908d300000,0x000000908d400000)]
  0x000001d3791bf800 JavaThread "Unconstrained build operations Thread 18" [_thread_blocked, id=10708, stack(0x000000908d400000,0x000000908d500000)]
  0x000001d3791bfcd0 JavaThread "Unconstrained build operations Thread 19" [_thread_blocked, id=6472, stack(0x000000908d500000,0x000000908d600000)]
  0x000001d3791bd180 JavaThread "Unconstrained build operations Thread 20" [_thread_blocked, id=14348, stack(0x000000908d600000,0x000000908d700000)]
  0x000001d3791be4c0 JavaThread "Unconstrained build operations Thread 21" [_thread_blocked, id=12212, stack(0x000000908d700000,0x000000908d800000)]
  0x000001d374dee630 JavaThread "Unconstrained build operations Thread 22" [_thread_blocked, id=13400, stack(0x000000908d800000,0x000000908d900000)]
  0x000001d374dec480 JavaThread "Unconstrained build operations Thread 23" [_thread_blocked, id=7100, stack(0x000000908d900000,0x000000908da00000)]
  0x000001d374ded2f0 JavaThread "Unconstrained build operations Thread 24" [_thread_blocked, id=12904, stack(0x000000908da00000,0x000000908db00000)]
  0x000001d374def4a0 JavaThread "Unconstrained build operations Thread 25" [_thread_blocked, id=13068, stack(0x000000908db00000,0x000000908dc00000)]
  0x000001d374debfb0 JavaThread "Unconstrained build operations Thread 26" [_thread_blocked, id=14100, stack(0x000000908dc00000,0x000000908dd00000)]
  0x000001d374ded7c0 JavaThread "Unconstrained build operations Thread 27" [_thread_blocked, id=15972, stack(0x000000908dd00000,0x000000908de00000)]
  0x000001d374debae0 JavaThread "Unconstrained build operations Thread 28" [_thread_blocked, id=10336, stack(0x000000908de00000,0x000000908df00000)]
  0x000001d374dec950 JavaThread "Unconstrained build operations Thread 29" [_thread_blocked, id=3640, stack(0x000000908df00000,0x000000908e000000)]
  0x000001d374dece20 JavaThread "Unconstrained build operations Thread 30" [_thread_blocked, id=13168, stack(0x000000908e000000,0x000000908e100000)]
  0x000001d374dedc90 JavaThread "Unconstrained build operations Thread 31" [_thread_blocked, id=15040, stack(0x000000908e100000,0x000000908e200000)]
  0x000001d374deefd0 JavaThread "Unconstrained build operations Thread 32" [_thread_blocked, id=1972, stack(0x000000908e200000,0x000000908e300000)]
  0x000001d374dee160 JavaThread "Unconstrained build operations Thread 33" [_thread_blocked, id=4612, stack(0x000000908e300000,0x000000908e400000)]
  0x000001d374deeb00 JavaThread "Unconstrained build operations Thread 34" [_thread_blocked, id=10500, stack(0x000000908e400000,0x000000908e500000)]
  0x000001d3786f74c0 JavaThread "Unconstrained build operations Thread 35" [_thread_blocked, id=5360, stack(0x000000908e500000,0x000000908e600000)]
  0x000001d3786f57e0 JavaThread "Unconstrained build operations Thread 36" [_thread_blocked, id=13044, stack(0x000000908e600000,0x000000908e700000)]
  0x000001d3786f6b20 JavaThread "Unconstrained build operations Thread 37" [_thread_blocked, id=11600, stack(0x000000908e700000,0x000000908e800000)]
  0x000001d3786f3160 JavaThread "Unconstrained build operations Thread 38" [_thread_blocked, id=7928, stack(0x000000908e800000,0x000000908e900000)]
  0x000001d3786f7990 JavaThread "Unconstrained build operations Thread 39" [_thread_blocked, id=7972, stack(0x000000908e900000,0x000000908ea00000)]
  0x000001d3786f44a0 JavaThread "Unconstrained build operations Thread 40" [_thread_blocked, id=4280, stack(0x000000908ea00000,0x000000908eb00000)]
  0x000001d3786f3b00 JavaThread "Unconstrained build operations Thread 41" [_thread_blocked, id=12032, stack(0x000000908eb00000,0x000000908ec00000)]
  0x000001d3786f7e60 JavaThread "Unconstrained build operations Thread 42" [_thread_blocked, id=10048, stack(0x000000908ec00000,0x000000908ed00000)]
  0x000001d3786f3fd0 JavaThread "Unconstrained build operations Thread 43" [_thread_blocked, id=13464, stack(0x000000908ed00000,0x000000908ee00000)]
  0x000001d3786f8330 JavaThread "Unconstrained build operations Thread 44" [_thread_blocked, id=13884, stack(0x000000908ee00000,0x000000908ef00000)]
  0x000001d3786f8800 JavaThread "Unconstrained build operations Thread 45" [_thread_blocked, id=13772, stack(0x000000908ef00000,0x000000908f000000)]
  0x000001d3786f22f0 JavaThread "Unconstrained build operations Thread 46" [_thread_blocked, id=8632, stack(0x000000908f000000,0x000000908f100000)]
  0x000001d3786f27c0 JavaThread "Unconstrained build operations Thread 47" [_thread_blocked, id=14312, stack(0x000000908f100000,0x000000908f200000)]
  0x000001d3786f4970 JavaThread "Unconstrained build operations Thread 48" [_thread_blocked, id=15280, stack(0x000000908f200000,0x000000908f300000)]
  0x000001d3786f4e40 JavaThread "Unconstrained build operations Thread 49" [_thread_blocked, id=16188, stack(0x000000908f300000,0x000000908f400000)]
  0x000001d3786f2c90 JavaThread "Unconstrained build operations Thread 50" [_thread_blocked, id=15528, stack(0x000000908f400000,0x000000908f500000)]
  0x000001d3786f5cb0 JavaThread "Unconstrained build operations Thread 51" [_thread_blocked, id=13260, stack(0x000000908f500000,0x000000908f600000)]
  0x000001d3786f1e20 JavaThread "Unconstrained build operations Thread 52" [_thread_blocked, id=10348, stack(0x000000908f600000,0x000000908f700000)]
  0x000001d3786f0fb0 JavaThread "Unconstrained build operations Thread 53" [_thread_blocked, id=7132, stack(0x000000908f700000,0x000000908f800000)]
  0x000001d3786f3630 JavaThread "Unconstrained build operations Thread 54" [_thread_blocked, id=15284, stack(0x000000908f800000,0x000000908f900000)]
  0x000001d3786f1480 JavaThread "Unconstrained build operations Thread 55" [_thread_blocked, id=15480, stack(0x000000908f900000,0x000000908fa00000)]
  0x000001d3786f1950 JavaThread "Unconstrained build operations Thread 56" [_thread_blocked, id=916, stack(0x000000908fa00000,0x000000908fb00000)]
  0x000001d3786f5310 JavaThread "Unconstrained build operations Thread 57" [_thread_blocked, id=1752, stack(0x000000908fb00000,0x000000908fc00000)]
  0x000001d3786f6180 JavaThread "Unconstrained build operations Thread 58" [_thread_blocked, id=7988, stack(0x000000908fc00000,0x000000908fd00000)]
  0x000001d3786f6650 JavaThread "Unconstrained build operations Thread 59" [_thread_blocked, id=10700, stack(0x000000908fd00000,0x000000908fe00000)]
  0x000001d3786f6ff0 JavaThread "Unconstrained build operations Thread 60" [_thread_blocked, id=2068, stack(0x000000908fe00000,0x000000908ff00000)]
  0x000001d376bb39f0 JavaThread "Unconstrained build operations Thread 61" [_thread_blocked, id=15988, stack(0x000000908ff00000,0x0000009090000000)]
  0x000001d376bb3ec0 JavaThread "Unconstrained build operations Thread 62" [_thread_blocked, id=9236, stack(0x0000009090000000,0x0000009090100000)]
  0x000001d376bb1840 JavaThread "Unconstrained build operations Thread 63" [_thread_blocked, id=9536, stack(0x0000009090100000,0x0000009090200000)]
  0x000001d376bade80 JavaThread "Unconstrained build operations Thread 64" [_thread_blocked, id=3392, stack(0x0000009090200000,0x0000009090300000)]
  0x000001d376bb4d30 JavaThread "Unconstrained build operations Thread 65" [_thread_blocked, id=10844, stack(0x0000009090300000,0x0000009090400000)]
  0x000001d376bae350 JavaThread "Unconstrained build operations Thread 66" [_thread_blocked, id=11940, stack(0x0000009090400000,0x0000009090500000)]
  0x000001d376bb1370 JavaThread "Unconstrained build operations Thread 67" [_thread_blocked, id=6120, stack(0x0000009090500000,0x0000009090600000)]
  0x000001d376bafb60 JavaThread "Unconstrained build operations Thread 68" [_thread_blocked, id=9740, stack(0x0000009090600000,0x0000009090700000)]
  0x000001d376baf690 JavaThread "Unconstrained build operations Thread 69" [_thread_blocked, id=12488, stack(0x0000009090700000,0x0000009090800000)]
  0x000001d376bb0030 JavaThread "Unconstrained build operations Thread 70" [_thread_blocked, id=3668, stack(0x0000009090800000,0x0000009090900000)]
  0x000001d376bb1d10 JavaThread "Unconstrained build operations Thread 71" [_thread_blocked, id=7516, stack(0x0000009090900000,0x0000009090a00000)]
  0x000001d376bb4860 JavaThread "Unconstrained build operations Thread 72" [_thread_blocked, id=2224, stack(0x0000009090a00000,0x0000009090b00000)]
  0x000001d376bb3520 JavaThread "Unconstrained build operations Thread 73" [_thread_blocked, id=14948, stack(0x0000009090b00000,0x0000009090c00000)]
  0x000001d376bb0500 JavaThread "Unconstrained build operations Thread 74" [_thread_blocked, id=5804, stack(0x0000009090c00000,0x0000009090d00000)]
  0x000001d376baf1c0 JavaThread "Unconstrained build operations Thread 75" [_thread_blocked, id=5168, stack(0x0000009090d00000,0x0000009090e00000)]
  0x000001d376bb4390 JavaThread "Unconstrained build operations Thread 76" [_thread_blocked, id=15792, stack(0x0000009090e00000,0x0000009090f00000)]
  0x000001d376bb21e0 JavaThread "Unconstrained build operations Thread 77" [_thread_blocked, id=15136, stack(0x0000009090f00000,0x0000009091000000)]
  0x000001d376bae820 JavaThread "Unconstrained build operations Thread 78" [_thread_blocked, id=15816, stack(0x0000009091000000,0x0000009091100000)]
  0x000001d376bb09d0 JavaThread "Unconstrained build operations Thread 79" [_thread_blocked, id=10584, stack(0x0000009091100000,0x0000009091200000)]
  0x000001d376bb26b0 JavaThread "Unconstrained build operations Thread 80" [_thread_blocked, id=1592, stack(0x0000009091200000,0x0000009091300000)]
  0x000001d376bb3050 JavaThread "Memory manager" [_thread_blocked, id=9348, stack(0x0000009088900000,0x0000009088a00000)]

Other Threads:
=>0x000001d3733e1290 VMThread "VM Thread" [stack: 0x0000009089100000,0x0000009089200000] [id=2972]
  0x000001d35965ade0 WatcherThread [stack: 0x0000009089d00000,0x0000009089e00000] [id=14060]
  0x000001d35963dea0 GCTaskThread "GC Thread#0" [stack: 0x0000009088c00000,0x0000009088d00000] [id=10612]
  0x000001d3749d2a20 GCTaskThread "GC Thread#1" [stack: 0x0000009089e00000,0x0000009089f00000] [id=8924]
  0x000001d374deb3b0 GCTaskThread "GC Thread#2" [stack: 0x0000009089f00000,0x000000908a000000] [id=3268]
  0x000001d374deb660 GCTaskThread "GC Thread#3" [stack: 0x000000908a000000,0x000000908a100000] [id=15472]
  0x000001d374b2c930 GCTaskThread "GC Thread#4" [stack: 0x000000908a100000,0x000000908a200000] [id=568]
  0x000001d375246840 GCTaskThread "GC Thread#5" [stack: 0x000000908a300000,0x000000908a400000] [id=3568]
  0x000001d374bfa840 GCTaskThread "GC Thread#6" [stack: 0x000000908a400000,0x000000908a500000] [id=4984]
  0x000001d3765368c0 GCTaskThread "GC Thread#7" [stack: 0x000000908a500000,0x000000908a600000] [id=14616]
  0x000001d35964f4f0 ConcurrentGCThread "G1 Main Marker" [stack: 0x0000009088d00000,0x0000009088e00000] [id=15944]
  0x000001d35964fda0 ConcurrentGCThread "G1 Conc#0" [stack: 0x0000009088e00000,0x0000009088f00000] [id=14144]
  0x000001d3744a3560 ConcurrentGCThread "G1 Conc#1" [stack: 0x000000908b100000,0x000000908b200000] [id=7576]
  0x000001d35969f3f0 ConcurrentGCThread "G1 Refine#0" [stack: 0x0000009088f00000,0x0000009089000000] [id=13012]
  0x000001d35969fcb0 ConcurrentGCThread "G1 Service" [stack: 0x0000009089000000,0x0000009089100000] [id=456]

Threads with active compile tasks:
C2 CompilerThread0   104234 8622       4       org.codehaus.groovy.runtime.metaclass.MetaMethodIndex::addMethodToList (131 bytes)

VM state: at safepoint (normal execution)

VM Mutex/Monitor currently owned by a thread:  ([mutex/lock_event])
[0x000001d3595dd2c0] Threads_lock - owner thread: 0x000001d3733e1290
[0x000001d3595dd860] Heap_lock - owner thread: 0x000001d37499d9f0

Heap address: 0x0000000080000000, size: 2048 MB, Compressed Oops mode: 32-bit

CDS archive(s) not mapped
Compressed class space mapped at: 0x0000000100000000-0x0000000140000000, reserved size: 1073741824
Narrow klass base: 0x0000000000000000, Narrow klass shift: 3, Narrow klass range: 0x140000000

GC Precious Log:
 CPUs: 8 total, 8 available
 Memory: 3531M
 Large Page Support: Disabled
 NUMA Support: Disabled
 Compressed Oops: Enabled (32-bit)
 Heap Region Size: 1M
 Heap Min Capacity: 8M
 Heap Initial Capacity: 56M
 Heap Max Capacity: 2G
 Pre-touch: Disabled
 Parallel Workers: 8
 Concurrent Workers: 2
 Concurrent Refinement Workers: 8
 Periodic GC: Disabled

Heap:
 garbage-first heap   total 240640K, used 130986K [0x0000000080000000, 0x0000000100000000)
  region size 1024K, 4 young (4096K), 4 survivors (4096K)
 Metaspace       used 77218K, committed 77824K, reserved 1122304K
  class space    used 10223K, committed 10496K, reserved 1048576K

Heap Regions: E=young(eden), S=young(survivor), O=old, HS=humongous(starts), HC=humongous(continues), CS=collection set, F=free, OA=open archive, CA=closed archive, TAMS=top-at-mark-start (previous, next)
|   0|0x0000000080000000, 0x0000000080100000, 0x0000000080100000|100%| O|  |TAMS 0x0000000080100000, 0x0000000080000000| Untracked 
|   1|0x0000000080100000, 0x0000000080200000, 0x0000000080200000|100%| O|  |TAMS 0x0000000080200000, 0x0000000080100000| Untracked 
|   2|0x0000000080200000, 0x0000000080300000, 0x0000000080300000|100%| O|  |TAMS 0x0000000080300000, 0x0000000080200000| Untracked 
|   3|0x0000000080300000, 0x0000000080400000, 0x0000000080400000|100%|HS|  |TAMS 0x0000000080400000, 0x0000000080300000| Complete 
|   4|0x0000000080400000, 0x0000000080500000, 0x0000000080500000|100%|HC|  |TAMS 0x0000000080500000, 0x0000000080400000| Complete 
|   5|0x0000000080500000, 0x0000000080600000, 0x0000000080600000|100%|HC|  |TAMS 0x0000000080600000, 0x0000000080500000| Complete 
|   6|0x0000000080600000, 0x0000000080700000, 0x0000000080700000|100%|HS|  |TAMS 0x0000000080700000, 0x0000000080600000| Complete 
|   7|0x0000000080700000, 0x0000000080800000, 0x0000000080800000|100%| O|  |TAMS 0x0000000080800000, 0x0000000080700000| Untracked 
|   8|0x0000000080800000, 0x0000000080900000, 0x0000000080900000|100%| O|  |TAMS 0x0000000080900000, 0x0000000080800000| Untracked 
|   9|0x0000000080900000, 0x0000000080a00000, 0x0000000080a00000|100%| O|  |TAMS 0x0000000080a00000, 0x0000000080900000| Untracked 
|  10|0x0000000080a00000, 0x0000000080b00000, 0x0000000080b00000|100%| O|  |TAMS 0x0000000080b00000, 0x0000000080a00000| Untracked 
|  11|0x0000000080b00000, 0x0000000080c00000, 0x0000000080c00000|100%| O|  |TAMS 0x0000000080c00000, 0x0000000080b00000| Untracked 
|  12|0x0000000080c00000, 0x0000000080d00000, 0x0000000080d00000|100%| O|  |TAMS 0x0000000080d00000, 0x0000000080c00000| Untracked 
|  13|0x0000000080d00000, 0x0000000080e00000, 0x0000000080e00000|100%| O|  |TAMS 0x0000000080e00000, 0x0000000080d00000| Untracked 
|  14|0x0000000080e00000, 0x0000000080f00000, 0x0000000080f00000|100%| O|  |TAMS 0x0000000080f00000, 0x0000000080e00000| Untracked 
|  15|0x0000000080f00000, 0x0000000081000000, 0x0000000081000000|100%| O|  |TAMS 0x0000000081000000, 0x0000000080f00000| Untracked 
|  16|0x0000000081000000, 0x0000000081100000, 0x0000000081100000|100%| O|  |TAMS 0x0000000081100000, 0x0000000081000000| Untracked 
|  17|0x0000000081100000, 0x0000000081200000, 0x0000000081200000|100%| O|  |TAMS 0x0000000081200000, 0x0000000081100000| Untracked 
|  18|0x0000000081200000, 0x0000000081300000, 0x0000000081300000|100%|HS|  |TAMS 0x0000000081300000, 0x0000000081200000| Complete 
|  19|0x0000000081300000, 0x0000000081400000, 0x0000000081400000|100%|HC|  |TAMS 0x0000000081400000, 0x0000000081300000| Complete 
|  20|0x0000000081400000, 0x0000000081500000, 0x0000000081500000|100%|HS|  |TAMS 0x0000000081500000, 0x0000000081400000| Complete 
|  21|0x0000000081500000, 0x0000000081600000, 0x0000000081600000|100%|HC|  |TAMS 0x0000000081600000, 0x0000000081500000| Complete 
|  22|0x0000000081600000, 0x0000000081700000, 0x0000000081700000|100%|HC|  |TAMS 0x0000000081700000, 0x0000000081600000| Complete 
|  23|0x0000000081700000, 0x0000000081800000, 0x0000000081800000|100%| O|  |TAMS 0x0000000081800000, 0x0000000081700000| Untracked 
|  24|0x0000000081800000, 0x0000000081900000, 0x0000000081900000|100%| O|  |TAMS 0x0000000081900000, 0x0000000081800000| Untracked 
|  25|0x0000000081900000, 0x0000000081a00000, 0x0000000081a00000|100%|HS|  |TAMS 0x0000000081a00000, 0x0000000081900000| Complete 
|  26|0x0000000081a00000, 0x0000000081b00000, 0x0000000081b00000|100%|HC|  |TAMS 0x0000000081b00000, 0x0000000081a00000| Complete 
|  27|0x0000000081b00000, 0x0000000081c00000, 0x0000000081c00000|100%|HC|  |TAMS 0x0000000081c00000, 0x0000000081b00000| Complete 
|  28|0x0000000081c00000, 0x0000000081d00000, 0x0000000081d00000|100%| O|  |TAMS 0x0000000081d00000, 0x0000000081c00000| Untracked 
|  29|0x0000000081d00000, 0x0000000081e00000, 0x0000000081e00000|100%|HS|  |TAMS 0x0000000081e00000, 0x0000000081d00000| Complete 
|  30|0x0000000081e00000, 0x0000000081f00000, 0x0000000081f00000|100%|HC|  |TAMS 0x0000000081f00000, 0x0000000081e00000| Complete 
|  31|0x0000000081f00000, 0x0000000082000000, 0x0000000082000000|100%| O|  |TAMS 0x0000000082000000, 0x0000000081f00000| Untracked 
|  32|0x0000000082000000, 0x0000000082100000, 0x0000000082100000|100%| O|  |TAMS 0x0000000082100000, 0x0000000082000000| Untracked 
|  33|0x0000000082100000, 0x0000000082200000, 0x0000000082200000|100%|HS|  |TAMS 0x0000000082200000, 0x0000000082100000| Complete 
|  34|0x0000000082200000, 0x0000000082300000, 0x0000000082300000|100%|HC|  |TAMS 0x0000000082300000, 0x0000000082200000| Complete 
|  35|0x0000000082300000, 0x0000000082400000, 0x0000000082400000|100%|HC|  |TAMS 0x0000000082400000, 0x0000000082300000| Complete 
|  36|0x0000000082400000, 0x0000000082500000, 0x0000000082500000|100%|HC|  |TAMS 0x0000000082500000, 0x0000000082400000| Complete 
|  37|0x0000000082500000, 0x0000000082600000, 0x0000000082600000|100%|HC|  |TAMS 0x0000000082600000, 0x0000000082500000| Complete 
|  38|0x0000000082600000, 0x0000000082700000, 0x0000000082700000|100%|HC|  |TAMS 0x0000000082700000, 0x0000000082600000| Complete 
|  39|0x0000000082700000, 0x0000000082800000, 0x0000000082800000|100%|HC|  |TAMS 0x0000000082800000, 0x0000000082700000| Complete 
|  40|0x0000000082800000, 0x0000000082900000, 0x0000000082900000|100%|HC|  |TAMS 0x0000000082900000, 0x0000000082800000| Complete 
|  41|0x0000000082900000, 0x0000000082a00000, 0x0000000082a00000|100%|HC|  |TAMS 0x0000000082a00000, 0x0000000082900000| Complete 
|  42|0x0000000082a00000, 0x0000000082b00000, 0x0000000082b00000|100%|HC|  |TAMS 0x0000000082b00000, 0x0000000082a00000| Complete 
|  43|0x0000000082b00000, 0x0000000082c00000, 0x0000000082c00000|100%|HS|  |TAMS 0x0000000082c00000, 0x0000000082b00000| Complete 
|  44|0x0000000082c00000, 0x0000000082d00000, 0x0000000082d00000|100%|HC|  |TAMS 0x0000000082d00000, 0x0000000082c00000| Complete 
|  45|0x0000000082d00000, 0x0000000082e00000, 0x0000000082e00000|100%|HS|  |TAMS 0x0000000082e00000, 0x0000000082d00000| Complete 
|  46|0x0000000082e00000, 0x0000000082f00000, 0x0000000082f00000|100%|HC|  |TAMS 0x0000000082f00000, 0x0000000082e00000| Complete 
|  47|0x0000000082f00000, 0x0000000083000000, 0x0000000083000000|100%|HC|  |TAMS 0x0000000083000000, 0x0000000082f00000| Complete 
|  48|0x0000000083000000, 0x0000000083100000, 0x0000000083100000|100%|HC|  |TAMS 0x0000000083100000, 0x0000000083000000| Complete 
|  49|0x0000000083100000, 0x0000000083200000, 0x0000000083200000|100%|HC|  |TAMS 0x0000000083200000, 0x0000000083100000| Complete 
|  50|0x0000000083200000, 0x0000000083300000, 0x0000000083300000|100%|HC|  |TAMS 0x0000000083300000, 0x0000000083200000| Complete 
|  51|0x0000000083300000, 0x0000000083400000, 0x0000000083400000|100%|HS|  |TAMS 0x0000000083400000, 0x0000000083300000| Complete 
|  52|0x0000000083400000, 0x0000000083500000, 0x0000000083500000|100%| O|  |TAMS 0x0000000083500000, 0x0000000083400000| Untracked 
|  53|0x0000000083500000, 0x0000000083600000, 0x0000000083600000|100%| O|  |TAMS 0x0000000083600000, 0x0000000083500000| Untracked 
|  54|0x0000000083600000, 0x0000000083600000, 0x0000000083700000|  0%| F|  |TAMS 0x0000000083600000, 0x0000000083600000| Untracked 
|  55|0x0000000083700000, 0x0000000083800000, 0x0000000083800000|100%| O|  |TAMS 0x0000000083800000, 0x0000000083700000| Untracked 
|  56|0x0000000083800000, 0x0000000083900000, 0x0000000083900000|100%| O|  |TAMS 0x0000000083900000, 0x0000000083800000| Untracked 
|  57|0x0000000083900000, 0x0000000083a00000, 0x0000000083a00000|100%| O|  |TAMS 0x0000000083a00000, 0x0000000083900000| Untracked 
|  58|0x0000000083a00000, 0x0000000083b00000, 0x0000000083b00000|100%| O|  |TAMS 0x0000000083b00000, 0x0000000083a00000| Untracked 
|  59|0x0000000083b00000, 0x0000000083c00000, 0x0000000083c00000|100%|HS|  |TAMS 0x0000000083c00000, 0x0000000083b00000| Complete 
|  60|0x0000000083c00000, 0x0000000083d00000, 0x0000000083d00000|100%|HC|  |TAMS 0x0000000083d00000, 0x0000000083c00000| Complete 
|  61|0x0000000083d00000, 0x0000000083e00000, 0x0000000083e00000|100%|HC|  |TAMS 0x0000000083e00000, 0x0000000083d00000| Complete 
|  62|0x0000000083e00000, 0x0000000083f00000, 0x0000000083f00000|100%| O|  |TAMS 0x0000000083f00000, 0x0000000083e00000| Untracked 
|  63|0x0000000083f00000, 0x0000000084000000, 0x0000000084000000|100%|HS|  |TAMS 0x0000000084000000, 0x0000000083f00000| Complete 
|  64|0x0000000084000000, 0x0000000084100000, 0x0000000084100000|100%|HS|  |TAMS 0x0000000084100000, 0x0000000084000000| Complete 
|  65|0x0000000084100000, 0x0000000084200000, 0x0000000084200000|100%|HC|  |TAMS 0x0000000084200000, 0x0000000084100000| Complete 
|  66|0x0000000084200000, 0x0000000084300000, 0x0000000084300000|100%|HC|  |TAMS 0x0000000084300000, 0x0000000084200000| Complete 
|  67|0x0000000084300000, 0x0000000084400000, 0x0000000084400000|100%|HC|  |TAMS 0x0000000084400000, 0x0000000084300000| Complete 
|  68|0x0000000084400000, 0x0000000084500000, 0x0000000084500000|100%|HC|  |TAMS 0x0000000084500000, 0x0000000084400000| Complete 
|  69|0x0000000084500000, 0x0000000084600000, 0x0000000084600000|100%|HC|  |TAMS 0x0000000084600000, 0x0000000084500000| Complete 
|  70|0x0000000084600000, 0x0000000084700000, 0x0000000084700000|100%|HC|  |TAMS 0x0000000084700000, 0x0000000084600000| Complete 
|  71|0x0000000084700000, 0x0000000084800000, 0x0000000084800000|100%|HC|  |TAMS 0x0000000084800000, 0x0000000084700000| Complete 
|  72|0x0000000084800000, 0x0000000084900000, 0x0000000084900000|100%|HC|  |TAMS 0x0000000084900000, 0x0000000084800000| Complete 
|  73|0x0000000084900000, 0x0000000084a00000, 0x0000000084a00000|100%|HC|  |TAMS 0x0000000084a00000, 0x0000000084900000| Complete 
|  74|0x0000000084a00000, 0x0000000084b00000, 0x0000000084b00000|100%|HC|  |TAMS 0x0000000084b00000, 0x0000000084a00000| Complete 
|  75|0x0000000084b00000, 0x0000000084c00000, 0x0000000084c00000|100%|HS|  |TAMS 0x0000000084c00000, 0x0000000084b00000| Complete 
|  76|0x0000000084c00000, 0x0000000084d00000, 0x0000000084d00000|100%|HC|  |TAMS 0x0000000084d00000, 0x0000000084c00000| Complete 
|  77|0x0000000084d00000, 0x0000000084e00000, 0x0000000084e00000|100%|HS|  |TAMS 0x0000000084e00000, 0x0000000084d00000| Complete 
|  78|0x0000000084e00000, 0x0000000084f00000, 0x0000000084f00000|100%|HC|  |TAMS 0x0000000084f00000, 0x0000000084e00000| Complete 
|  79|0x0000000084f00000, 0x0000000085000000, 0x0000000085000000|100%|HC|  |TAMS 0x0000000085000000, 0x0000000084f00000| Complete 
|  80|0x0000000085000000, 0x0000000085100000, 0x0000000085100000|100%|HS|  |TAMS 0x0000000085100000, 0x0000000085000000| Complete 
|  81|0x0000000085100000, 0x0000000085200000, 0x0000000085200000|100%|HC|  |TAMS 0x0000000085200000, 0x0000000085100000| Complete 
|  82|0x0000000085200000, 0x0000000085300000, 0x0000000085300000|100%| O|  |TAMS 0x0000000085300000, 0x0000000085200000| Untracked 
|  83|0x0000000085300000, 0x0000000085400000, 0x0000000085400000|100%| O|  |TAMS 0x0000000085400000, 0x0000000085300000| Untracked 
|  84|0x0000000085400000, 0x0000000085500000, 0x0000000085500000|100%| O|  |TAMS 0x0000000085500000, 0x0000000085400000| Untracked 
|  85|0x0000000085500000, 0x0000000085600000, 0x0000000085600000|100%| O|  |TAMS 0x0000000085600000, 0x0000000085500000| Untracked 
|  86|0x0000000085600000, 0x0000000085700000, 0x0000000085700000|100%| O|  |TAMS 0x0000000085700000, 0x0000000085600000| Untracked 
|  87|0x0000000085700000, 0x0000000085800000, 0x0000000085800000|100%| O|  |TAMS 0x0000000085800000, 0x0000000085700000| Untracked 
|  88|0x0000000085800000, 0x0000000085900000, 0x0000000085900000|100%| O|  |TAMS 0x0000000085900000, 0x0000000085800000| Untracked 
|  89|0x0000000085900000, 0x0000000085a00000, 0x0000000085a00000|100%| O|  |TAMS 0x0000000085a00000, 0x0000000085900000| Untracked 
|  90|0x0000000085a00000, 0x0000000085b00000, 0x0000000085b00000|100%| O|  |TAMS 0x0000000085b00000, 0x0000000085a00000| Untracked 
|  91|0x0000000085b00000, 0x0000000085c00000, 0x0000000085c00000|100%| O|  |TAMS 0x0000000085c00000, 0x0000000085b00000| Untracked 
|  92|0x0000000085c00000, 0x0000000085d00000, 0x0000000085d00000|100%|HS|  |TAMS 0x0000000085d00000, 0x0000000085c00000| Complete 
|  93|0x0000000085d00000, 0x0000000085e00000, 0x0000000085e00000|100%|HC|  |TAMS 0x0000000085e00000, 0x0000000085d00000| Complete 
|  94|0x0000000085e00000, 0x0000000085f00000, 0x0000000085f00000|100%|HC|  |TAMS 0x0000000085f00000, 0x0000000085e00000| Complete 
|  95|0x0000000085f00000, 0x0000000086000000, 0x0000000086000000|100%|HC|  |TAMS 0x0000000086000000, 0x0000000085f00000| Complete 
|  96|0x0000000086000000, 0x0000000086100000, 0x0000000086100000|100%|HC|  |TAMS 0x0000000086100000, 0x0000000086000000| Complete 
|  97|0x0000000086100000, 0x0000000086200000, 0x0000000086200000|100%|HC|  |TAMS 0x0000000086200000, 0x0000000086100000| Complete 
|  98|0x0000000086200000, 0x0000000086300000, 0x0000000086300000|100%| O|  |TAMS 0x0000000086300000, 0x0000000086200000| Untracked 
|  99|0x0000000086300000, 0x0000000086400000, 0x0000000086400000|100%| O|  |TAMS 0x0000000086400000, 0x0000000086300000| Untracked 
| 100|0x0000000086400000, 0x0000000086500000, 0x0000000086500000|100%|HS|  |TAMS 0x0000000086500000, 0x0000000086400000| Complete 
| 101|0x0000000086500000, 0x0000000086600000, 0x0000000086600000|100%|HS|  |TAMS 0x0000000086600000, 0x0000000086500000| Complete 
| 102|0x0000000086600000, 0x0000000086700000, 0x0000000086700000|100%|HS|  |TAMS 0x0000000086700000, 0x0000000086600000| Complete 
| 103|0x0000000086700000, 0x0000000086800000, 0x0000000086800000|100%|HC|  |TAMS 0x0000000086800000, 0x0000000086700000| Complete 
| 104|0x0000000086800000, 0x0000000086900000, 0x0000000086900000|100%|HC|  |TAMS 0x0000000086900000, 0x0000000086800000| Complete 
| 105|0x0000000086900000, 0x0000000086a00000, 0x0000000086a00000|100%|HC|  |TAMS 0x0000000086a00000, 0x0000000086900000| Complete 
| 106|0x0000000086a00000, 0x0000000086b00000, 0x0000000086b00000|100%| O|  |TAMS 0x0000000086b00000, 0x0000000086a00000| Untracked 
| 107|0x0000000086b00000, 0x0000000086c00000, 0x0000000086c00000|100%| O|  |TAMS 0x0000000086c00000, 0x0000000086b00000| Untracked 
| 108|0x0000000086c00000, 0x0000000086d00000, 0x0000000086d00000|100%| O|  |TAMS 0x0000000086d00000, 0x0000000086c00000| Untracked 
| 109|0x0000000086d00000, 0x0000000086e00000, 0x0000000086e00000|100%| O|  |TAMS 0x0000000086e00000, 0x0000000086d00000| Untracked 
| 110|0x0000000086e00000, 0x0000000086f00000, 0x0000000086f00000|100%| O|  |TAMS 0x0000000086f00000, 0x0000000086e00000| Untracked 
| 111|0x0000000086f00000, 0x0000000087000000, 0x0000000087000000|100%| O|  |TAMS 0x0000000087000000, 0x0000000086f00000| Untracked 
| 112|0x0000000087000000, 0x0000000087100000, 0x0000000087100000|100%| O|  |TAMS 0x0000000087100000, 0x0000000087000000| Untracked 
| 113|0x0000000087100000, 0x0000000087100000, 0x0000000087200000|  0%| F|  |TAMS 0x0000000087100000, 0x0000000087100000| Untracked 
| 114|0x0000000087200000, 0x0000000087300000, 0x0000000087300000|100%| O|  |TAMS 0x0000000087300000, 0x0000000087200000| Untracked 
| 115|0x0000000087300000, 0x0000000087400000, 0x0000000087400000|100%| O|  |TAMS 0x0000000087400000, 0x0000000087300000| Untracked 
| 116|0x0000000087400000, 0x0000000087500000, 0x0000000087500000|100%| O|  |TAMS 0x0000000087500000, 0x0000000087400000| Untracked 
| 117|0x0000000087500000, 0x0000000087600000, 0x0000000087600000|100%| O|  |TAMS 0x0000000087572a00, 0x0000000087500000| Untracked 
| 118|0x0000000087600000, 0x0000000087700000, 0x0000000087700000|100%| O|  |TAMS 0x0000000087600000, 0x0000000087600000| Untracked 
| 119|0x0000000087700000, 0x0000000087800000, 0x0000000087800000|100%| O|  |TAMS 0x0000000087700000, 0x0000000087700000| Untracked 
| 120|0x0000000087800000, 0x0000000087900000, 0x0000000087900000|100%| O|  |TAMS 0x0000000087800000, 0x0000000087800000| Untracked 
| 121|0x0000000087900000, 0x0000000087a00000, 0x0000000087a00000|100%| O|  |TAMS 0x0000000087900000, 0x0000000087900000| Untracked 
| 122|0x0000000087a00000, 0x0000000087b00000, 0x0000000087b00000|100%| O|  |TAMS 0x0000000087a00000, 0x0000000087a00000| Untracked 
| 123|0x0000000087b00000, 0x0000000087c00000, 0x0000000087c00000|100%| O|  |TAMS 0x0000000087b00000, 0x0000000087b00000| Untracked 
| 124|0x0000000087c00000, 0x0000000087d00000, 0x0000000087d00000|100%| O|  |TAMS 0x0000000087c00000, 0x0000000087c00000| Untracked 
| 125|0x0000000087d00000, 0x0000000087dbca00, 0x0000000087e00000| 73%| O|  |TAMS 0x0000000087d00000, 0x0000000087d00000| Untracked 
| 126|0x0000000087e00000, 0x0000000087e00000, 0x0000000087f00000|  0%| F|  |TAMS 0x0000000087e00000, 0x0000000087e00000| Untracked 
| 127|0x0000000087f00000, 0x0000000087f00000, 0x0000000088000000|  0%| F|  |TAMS 0x0000000087f00000, 0x0000000087f00000| Untracked 
| 128|0x0000000088000000, 0x0000000088000000, 0x0000000088100000|  0%| F|  |TAMS 0x0000000088000000, 0x0000000088000000| Untracked 
| 129|0x0000000088100000, 0x0000000088100000, 0x0000000088200000|  0%| F|  |TAMS 0x0000000088100000, 0x0000000088100000| Untracked 
| 130|0x0000000088200000, 0x0000000088200000, 0x0000000088300000|  0%| F|  |TAMS 0x0000000088200000, 0x0000000088200000| Untracked 
| 131|0x0000000088300000, 0x0000000088300000, 0x0000000088400000|  0%| F|  |TAMS 0x0000000088300000, 0x0000000088300000| Untracked 
| 132|0x0000000088400000, 0x0000000088400000, 0x0000000088500000|  0%| F|  |TAMS 0x0000000088400000, 0x0000000088400000| Untracked 
| 133|0x0000000088500000, 0x0000000088500000, 0x0000000088600000|  0%| F|  |TAMS 0x0000000088500000, 0x0000000088500000| Untracked 
| 134|0x0000000088600000, 0x0000000088600000, 0x0000000088700000|  0%| F|  |TAMS 0x0000000088600000, 0x0000000088600000| Untracked 
| 135|0x0000000088700000, 0x0000000088700000, 0x0000000088800000|  0%| F|  |TAMS 0x0000000088700000, 0x0000000088700000| Untracked 
| 136|0x0000000088800000, 0x0000000088800000, 0x0000000088900000|  0%| F|  |TAMS 0x0000000088800000, 0x0000000088800000| Untracked 
| 137|0x0000000088900000, 0x0000000088900000, 0x0000000088a00000|  0%| F|  |TAMS 0x0000000088900000, 0x0000000088900000| Untracked 
| 138|0x0000000088a00000, 0x0000000088a00000, 0x0000000088b00000|  0%| F|  |TAMS 0x0000000088a00000, 0x0000000088a00000| Untracked 
| 139|0x0000000088b00000, 0x0000000088b00000, 0x0000000088c00000|  0%| F|  |TAMS 0x0000000088b00000, 0x0000000088b00000| Untracked 
| 140|0x0000000088c00000, 0x0000000088c00000, 0x0000000088d00000|  0%| F|  |TAMS 0x0000000088c00000, 0x0000000088c00000| Untracked 
| 141|0x0000000088d00000, 0x0000000088d00000, 0x0000000088e00000|  0%| F|  |TAMS 0x0000000088d00000, 0x0000000088d00000| Untracked 
| 142|0x0000000088e00000, 0x0000000088e00000, 0x0000000088f00000|  0%| F|  |TAMS 0x0000000088e00000, 0x0000000088e00000| Untracked 
| 143|0x0000000088f00000, 0x0000000088f00000, 0x0000000089000000|  0%| F|  |TAMS 0x0000000088f00000, 0x0000000088f00000| Untracked 
| 144|0x0000000089000000, 0x0000000089000000, 0x0000000089100000|  0%| F|  |TAMS 0x0000000089000000, 0x0000000089000000| Untracked 
| 145|0x0000000089100000, 0x0000000089100000, 0x0000000089200000|  0%| F|  |TAMS 0x0000000089100000, 0x0000000089100000| Untracked 
| 146|0x0000000089200000, 0x0000000089200000, 0x0000000089300000|  0%| F|  |TAMS 0x0000000089200000, 0x0000000089200000| Untracked 
| 147|0x0000000089300000, 0x0000000089300000, 0x0000000089400000|  0%| F|  |TAMS 0x0000000089300000, 0x0000000089300000| Untracked 
| 148|0x0000000089400000, 0x0000000089400000, 0x0000000089500000|  0%| F|  |TAMS 0x0000000089400000, 0x0000000089400000| Untracked 
| 149|0x0000000089500000, 0x0000000089500000, 0x0000000089600000|  0%| F|  |TAMS 0x0000000089500000, 0x0000000089500000| Untracked 
| 150|0x0000000089600000, 0x0000000089600000, 0x0000000089700000|  0%| F|  |TAMS 0x0000000089600000, 0x0000000089600000| Untracked 
| 151|0x0000000089700000, 0x0000000089700000, 0x0000000089800000|  0%| F|  |TAMS 0x0000000089700000, 0x0000000089700000| Untracked 
| 152|0x0000000089800000, 0x0000000089800000, 0x0000000089900000|  0%| F|  |TAMS 0x0000000089800000, 0x0000000089800000| Untracked 
| 153|0x0000000089900000, 0x0000000089900000, 0x0000000089a00000|  0%| F|  |TAMS 0x0000000089900000, 0x0000000089900000| Untracked 
| 154|0x0000000089a00000, 0x0000000089a00000, 0x0000000089b00000|  0%| F|  |TAMS 0x0000000089a00000, 0x0000000089a00000| Untracked 
| 155|0x0000000089b00000, 0x0000000089b00000, 0x0000000089c00000|  0%| F|  |TAMS 0x0000000089b00000, 0x0000000089b00000| Untracked 
| 156|0x0000000089c00000, 0x0000000089c00000, 0x0000000089d00000|  0%| F|  |TAMS 0x0000000089c00000, 0x0000000089c00000| Untracked 
| 157|0x0000000089d00000, 0x0000000089d00000, 0x0000000089e00000|  0%| F|  |TAMS 0x0000000089d00000, 0x0000000089d00000| Untracked 
| 158|0x0000000089e00000, 0x0000000089e00000, 0x0000000089f00000|  0%| F|  |TAMS 0x0000000089e00000, 0x0000000089e00000| Untracked 
| 159|0x0000000089f00000, 0x0000000089f00000, 0x000000008a000000|  0%| F|  |TAMS 0x0000000089f00000, 0x0000000089f00000| Untracked 
| 160|0x000000008a000000, 0x000000008a000000, 0x000000008a100000|  0%| F|  |TAMS 0x000000008a000000, 0x000000008a000000| Untracked 
| 161|0x000000008a100000, 0x000000008a100000, 0x000000008a200000|  0%| F|  |TAMS 0x000000008a100000, 0x000000008a100000| Untracked 
| 162|0x000000008a200000, 0x000000008a200000, 0x000000008a300000|  0%| F|  |TAMS 0x000000008a200000, 0x000000008a200000| Untracked 
| 163|0x000000008a300000, 0x000000008a300000, 0x000000008a400000|  0%| F|  |TAMS 0x000000008a300000, 0x000000008a300000| Untracked 
| 164|0x000000008a400000, 0x000000008a400000, 0x000000008a500000|  0%| F|  |TAMS 0x000000008a400000, 0x000000008a400000| Untracked 
| 165|0x000000008a500000, 0x000000008a500000, 0x000000008a600000|  0%| F|  |TAMS 0x000000008a500000, 0x000000008a500000| Untracked 
| 166|0x000000008a600000, 0x000000008a600000, 0x000000008a700000|  0%| F|  |TAMS 0x000000008a600000, 0x000000008a600000| Untracked 
| 167|0x000000008a700000, 0x000000008a700000, 0x000000008a800000|  0%| F|  |TAMS 0x000000008a700000, 0x000000008a700000| Untracked 
| 168|0x000000008a800000, 0x000000008a800000, 0x000000008a900000|  0%| F|  |TAMS 0x000000008a800000, 0x000000008a800000| Untracked 
| 169|0x000000008a900000, 0x000000008a92e100, 0x000000008aa00000| 17%| S|CS|TAMS 0x000000008a900000, 0x000000008a900000| Complete 
| 170|0x000000008aa00000, 0x000000008ab00000, 0x000000008ab00000|100%| S|CS|TAMS 0x000000008aa00000, 0x000000008aa00000| Complete 
| 171|0x000000008ab00000, 0x000000008ac00000, 0x000000008ac00000|100%| S|CS|TAMS 0x000000008ab00000, 0x000000008ab00000| Complete 
| 172|0x000000008ac00000, 0x000000008ad00000, 0x000000008ad00000|100%| S|CS|TAMS 0x000000008ac00000, 0x000000008ac00000| Complete 
| 173|0x000000008ad00000, 0x000000008ad00000, 0x000000008ae00000|  0%| F|  |TAMS 0x000000008ad00000, 0x000000008ad00000| Untracked 
| 174|0x000000008ae00000, 0x000000008ae00000, 0x000000008af00000|  0%| F|  |TAMS 0x000000008ae00000, 0x000000008ae00000| Untracked 
| 175|0x000000008af00000, 0x000000008af00000, 0x000000008b000000|  0%| F|  |TAMS 0x000000008af00000, 0x000000008af00000| Untracked 
| 176|0x000000008b000000, 0x000000008b000000, 0x000000008b100000|  0%| F|  |TAMS 0x000000008b000000, 0x000000008b000000| Untracked 
| 177|0x000000008b100000, 0x000000008b100000, 0x000000008b200000|  0%| F|  |TAMS 0x000000008b100000, 0x000000008b100000| Untracked 
| 178|0x000000008b200000, 0x000000008b200000, 0x000000008b300000|  0%| F|  |TAMS 0x000000008b200000, 0x000000008b200000| Untracked 
| 179|0x000000008b300000, 0x000000008b300000, 0x000000008b400000|  0%| F|  |TAMS 0x000000008b300000, 0x000000008b300000| Untracked 
| 180|0x000000008b400000, 0x000000008b400000, 0x000000008b500000|  0%| F|  |TAMS 0x000000008b400000, 0x000000008b400000| Untracked 
| 181|0x000000008b500000, 0x000000008b500000, 0x000000008b600000|  0%| F|  |TAMS 0x000000008b500000, 0x000000008b500000| Untracked 
| 182|0x000000008b600000, 0x000000008b600000, 0x000000008b700000|  0%| F|  |TAMS 0x000000008b600000, 0x000000008b600000| Untracked 
| 183|0x000000008b700000, 0x000000008b700000, 0x000000008b800000|  0%| F|  |TAMS 0x000000008b700000, 0x000000008b700000| Untracked 
| 184|0x000000008b800000, 0x000000008b800000, 0x000000008b900000|  0%| F|  |TAMS 0x000000008b800000, 0x000000008b800000| Untracked 
| 185|0x000000008b900000, 0x000000008b900000, 0x000000008ba00000|  0%| F|  |TAMS 0x000000008b900000, 0x000000008b900000| Untracked 
| 186|0x000000008ba00000, 0x000000008ba00000, 0x000000008bb00000|  0%| F|  |TAMS 0x000000008ba00000, 0x000000008ba00000| Untracked 
| 187|0x000000008bb00000, 0x000000008bb00000, 0x000000008bc00000|  0%| F|  |TAMS 0x000000008bb00000, 0x000000008bb00000| Untracked 
| 188|0x000000008bc00000, 0x000000008bc00000, 0x000000008bd00000|  0%| F|  |TAMS 0x000000008bc00000, 0x000000008bc00000| Untracked 
| 189|0x000000008bd00000, 0x000000008bd00000, 0x000000008be00000|  0%| F|  |TAMS 0x000000008bd00000, 0x000000008bd00000| Untracked 
| 190|0x000000008be00000, 0x000000008be00000, 0x000000008bf00000|  0%| F|  |TAMS 0x000000008be00000, 0x000000008be00000| Untracked 
| 191|0x000000008bf00000, 0x000000008bf00000, 0x000000008c000000|  0%| F|  |TAMS 0x000000008bf00000, 0x000000008bf00000| Untracked 
| 192|0x000000008c000000, 0x000000008c000000, 0x000000008c100000|  0%| F|  |TAMS 0x000000008c000000, 0x000000008c000000| Untracked 
| 193|0x000000008c100000, 0x000000008c100000, 0x000000008c200000|  0%| F|  |TAMS 0x000000008c100000, 0x000000008c100000| Untracked 
| 194|0x000000008c200000, 0x000000008c200000, 0x000000008c300000|  0%| F|  |TAMS 0x000000008c200000, 0x000000008c200000| Untracked 
| 195|0x000000008c300000, 0x000000008c300000, 0x000000008c400000|  0%| F|  |TAMS 0x000000008c300000, 0x000000008c300000| Untracked 
| 196|0x000000008c400000, 0x000000008c400000, 0x000000008c500000|  0%| F|  |TAMS 0x000000008c400000, 0x000000008c400000| Untracked 
| 197|0x000000008c500000, 0x000000008c500000, 0x000000008c600000|  0%| F|  |TAMS 0x000000008c500000, 0x000000008c500000| Untracked 
| 198|0x000000008c600000, 0x000000008c600000, 0x000000008c700000|  0%| F|  |TAMS 0x000000008c600000, 0x000000008c600000| Untracked 
| 199|0x000000008c700000, 0x000000008c700000, 0x000000008c800000|  0%| F|  |TAMS 0x000000008c700000, 0x000000008c700000| Untracked 
| 200|0x000000008c800000, 0x000000008c800000, 0x000000008c900000|  0%| F|  |TAMS 0x000000008c800000, 0x000000008c800000| Untracked 
| 201|0x000000008c900000, 0x000000008c900000, 0x000000008ca00000|  0%| F|  |TAMS 0x000000008c900000, 0x000000008c900000| Untracked 
| 202|0x000000008ca00000, 0x000000008ca00000, 0x000000008cb00000|  0%| F|  |TAMS 0x000000008ca00000, 0x000000008ca00000| Untracked 
| 203|0x000000008cb00000, 0x000000008cb00000, 0x000000008cc00000|  0%| F|  |TAMS 0x000000008cb00000, 0x000000008cb00000| Untracked 
| 204|0x000000008cc00000, 0x000000008cc00000, 0x000000008cd00000|  0%| F|  |TAMS 0x000000008cc00000, 0x000000008cc00000| Untracked 
| 205|0x000000008cd00000, 0x000000008cd00000, 0x000000008ce00000|  0%| F|  |TAMS 0x000000008cd00000, 0x000000008cd00000| Untracked 
| 206|0x000000008ce00000, 0x000000008ce00000, 0x000000008cf00000|  0%| F|  |TAMS 0x000000008ce00000, 0x000000008ce00000| Untracked 
| 207|0x000000008cf00000, 0x000000008cf00000, 0x000000008d000000|  0%| F|  |TAMS 0x000000008cf00000, 0x000000008cf00000| Untracked 
| 208|0x000000008d000000, 0x000000008d000000, 0x000000008d100000|  0%| F|  |TAMS 0x000000008d000000, 0x000000008d000000| Untracked 
| 209|0x000000008d100000, 0x000000008d100000, 0x000000008d200000|  0%| F|  |TAMS 0x000000008d100000, 0x000000008d100000| Untracked 
| 210|0x000000008d200000, 0x000000008d200000, 0x000000008d300000|  0%| F|  |TAMS 0x000000008d200000, 0x000000008d200000| Untracked 
| 211|0x000000008d300000, 0x000000008d300000, 0x000000008d400000|  0%| F|  |TAMS 0x000000008d300000, 0x000000008d300000| Untracked 
| 212|0x000000008d400000, 0x000000008d400000, 0x000000008d500000|  0%| F|  |TAMS 0x000000008d400000, 0x000000008d400000| Untracked 
| 213|0x000000008d500000, 0x000000008d500000, 0x000000008d600000|  0%| F|  |TAMS 0x000000008d500000, 0x000000008d500000| Untracked 
| 214|0x000000008d600000, 0x000000008d600000, 0x000000008d700000|  0%| F|  |TAMS 0x000000008d600000, 0x000000008d600000| Untracked 
| 215|0x000000008d700000, 0x000000008d700000, 0x000000008d800000|  0%| F|  |TAMS 0x000000008d700000, 0x000000008d700000| Untracked 
| 216|0x000000008d800000, 0x000000008d800000, 0x000000008d900000|  0%| F|  |TAMS 0x000000008d800000, 0x000000008d800000| Untracked 
| 217|0x000000008d900000, 0x000000008d900000, 0x000000008da00000|  0%| F|  |TAMS 0x000000008d900000, 0x000000008d900000| Untracked 
| 218|0x000000008da00000, 0x000000008da00000, 0x000000008db00000|  0%| F|  |TAMS 0x000000008da00000, 0x000000008da00000| Untracked 
| 219|0x000000008db00000, 0x000000008db00000, 0x000000008dc00000|  0%| F|  |TAMS 0x000000008db00000, 0x000000008db00000| Untracked 
| 220|0x000000008dc00000, 0x000000008dc00000, 0x000000008dd00000|  0%| F|  |TAMS 0x000000008dc00000, 0x000000008dc00000| Untracked 
| 221|0x000000008dd00000, 0x000000008dd00000, 0x000000008de00000|  0%| F|  |TAMS 0x000000008dd00000, 0x000000008dd00000| Untracked 
| 222|0x000000008de00000, 0x000000008de00000, 0x000000008df00000|  0%| F|  |TAMS 0x000000008de00000, 0x000000008de00000| Untracked 
| 223|0x000000008df00000, 0x000000008df00000, 0x000000008e000000|  0%| F|  |TAMS 0x000000008df00000, 0x000000008df00000| Untracked 
| 224|0x000000008e000000, 0x000000008e000000, 0x000000008e100000|  0%| F|  |TAMS 0x000000008e000000, 0x000000008e000000| Untracked 
| 225|0x000000008e100000, 0x000000008e100000, 0x000000008e200000|  0%| F|  |TAMS 0x000000008e100000, 0x000000008e100000| Untracked 
| 226|0x000000008e200000, 0x000000008e200000, 0x000000008e300000|  0%| F|  |TAMS 0x000000008e200000, 0x000000008e200000| Untracked 
| 227|0x000000008e300000, 0x000000008e300000, 0x000000008e400000|  0%| F|  |TAMS 0x000000008e300000, 0x000000008e300000| Untracked 
| 228|0x000000008e400000, 0x000000008e400000, 0x000000008e500000|  0%| F|  |TAMS 0x000000008e400000, 0x000000008e400000| Untracked 
| 229|0x000000008e500000, 0x000000008e500000, 0x000000008e600000|  0%| F|  |TAMS 0x000000008e500000, 0x000000008e500000| Untracked 
| 230|0x000000008e600000, 0x000000008e600000, 0x000000008e700000|  0%| F|  |TAMS 0x000000008e600000, 0x000000008e600000| Untracked 
| 231|0x000000008e700000, 0x000000008e700000, 0x000000008e800000|  0%| F|  |TAMS 0x000000008e700000, 0x000000008e700000| Untracked 
| 232|0x000000008e800000, 0x000000008e800000, 0x000000008e900000|  0%| F|  |TAMS 0x000000008e800000, 0x000000008e800000| Untracked 
| 233|0x000000008e900000, 0x000000008e900000, 0x000000008ea00000|  0%| F|  |TAMS 0x000000008e900000, 0x000000008e900000| Untracked 
|2047|0x00000000fff00000, 0x0000000100000000, 0x0000000100000000|100%| O|  |TAMS 0x0000000100000000, 0x00000000fff00000| Untracked 

Card table byte_map: [0x000001d36c1e0000,0x000001d36c5e0000] _byte_map_base: 0x000001d36bde0000

Marking Bits (Prev, Next): (CMBitMap*) 0x000001d35963e390, (CMBitMap*) 0x000001d35963e350
 Prev Bits: [0x000001d36e9e0000, 0x000001d3709e0000)
 Next Bits: [0x000001d36c9e0000, 0x000001d36e9e0000)

Polling page: 0x000001d3575b0000

Metaspace:

Usage:
  Non-class:     65.42 MB used.
      Class:      9.98 MB used.
       Both:     75.41 MB used.

Virtual space:
  Non-class space:       72.00 MB reserved,      65.75 MB ( 91%) committed,  9 nodes.
      Class space:        1.00 GB reserved,      10.25 MB (  1%) committed,  1 nodes.
             Both:        1.07 GB reserved,      76.00 MB (  7%) committed. 

Chunk freelists:
   Non-Class:  2.25 MB
       Class:  1.63 MB
        Both:  3.88 MB

MaxMetaspaceSize: unlimited
CompressedClassSpaceSize: 1.00 GB
Initial GC threshold: 21.00 MB
Current GC threshold: 115.31 MB
CDS: off
MetaspaceReclaimPolicy: balanced
 - commit_granule_bytes: 65536.
 - commit_granule_words: 8192.
 - virtual_space_node_default_size: 1048576.
 - enlarge_chunks_in_place: 1.
 - new_chunks_are_fully_committed: 0.
 - uncommit_free_chunks: 1.
 - use_allocation_guard: 0.
 - handle_deallocations: 1.


Internal statistics:

num_allocs_failed_limit: 3.
num_arena_births: 712.
num_arena_deaths: 2.
num_vsnodes_births: 10.
num_vsnodes_deaths: 0.
num_space_committed: 1216.
num_space_uncommitted: 0.
num_chunks_returned_to_freelist: 7.
num_chunks_taken_from_freelist: 3347.
num_chunk_merges: 3.
num_chunk_splits: 2239.
num_chunks_enlarged: 1551.
num_purges: 2.
num_inconsistent_stats: 0.

CodeHeap 'non-profiled nmethods': size=120000Kb used=4167Kb max_used=4167Kb free=115832Kb
 bounds [0x000001d364580000, 0x000001d3649a0000, 0x000001d36bab0000]
CodeHeap 'profiled nmethods': size=120000Kb used=15000Kb max_used=15000Kb free=104999Kb
 bounds [0x000001d35cab0000, 0x000001d35d960000, 0x000001d363fe0000]
CodeHeap 'non-nmethods': size=5760Kb used=2401Kb max_used=2402Kb free=3358Kb
 bounds [0x000001d363fe0000, 0x000001d364250000, 0x000001d364580000]
 total_blobs=8588 nmethods=7685 adapters=813
 compilation: enabled
              stopped_count=0, restarted_count=0
 full_count=0

Compilation events (20 events):
Event: 103.641 Thread 0x000001d373458ca0 8652       3       java.lang.Module::isExported (15 bytes)
Event: 103.641 Thread 0x000001d373458ca0 nmethod 8652 0x000001d35d952c90 code [0x000001d35d952e60, 0x000001d35d953118]
Event: 103.652 Thread 0x000001d373458ca0 8653       3       java.net.URLClassLoader$2::<init> (15 bytes)
Event: 103.652 Thread 0x000001d373458ca0 nmethod 8653 0x000001d35d953210 code [0x000001d35d9533c0, 0x000001d35d9535d8]
Event: 103.652 Thread 0x000001d373458ca0 8654       3       java.net.URLClassLoader$2::run (5 bytes)
Event: 103.652 Thread 0x000001d373458ca0 nmethod 8654 0x000001d35d953690 code [0x000001d35d953840, 0x000001d35d953a28]
Event: 103.652 Thread 0x000001d373458ca0 8655       3       java.net.URLClassLoader$2::run (16 bytes)
Event: 103.653 Thread 0x000001d373458ca0 nmethod 8655 0x000001d35d953b10 code [0x000001d35d953cc0, 0x000001d35d953e28]
Event: 103.655 Thread 0x000001d373458ca0 8656       3       java.net.URLClassLoader::findResource (33 bytes)
Event: 103.656 Thread 0x000001d373458ca0 nmethod 8656 0x000001d35d953f10 code [0x000001d35d954160, 0x000001d35d954968]
Event: 103.660 Thread 0x000001d373458ca0 8657       3       org.gradle.plugin.use.internal.DefaultPluginId::isQualified (10 bytes)
Event: 103.661 Thread 0x000001d373458ca0 nmethod 8657 0x000001d35d954c90 code [0x000001d35d954e40, 0x000001d35d9550a8]
Event: 103.661 Thread 0x000001d373458ca0 8658       3       com.google.common.cache.CacheBuilder$1::recordMisses (1 bytes)
Event: 103.662 Thread 0x000001d373458ca0 nmethod 8658 0x000001d35d955210 code [0x000001d35d9553a0, 0x000001d35d9554b8]
Event: 103.780 Thread 0x000001d373458ca0 8660       3       org.codehaus.groovy.reflection.CachedClass$3::initValue (5 bytes)
Event: 103.780 Thread 0x000001d373458ca0 nmethod 8660 0x000001d35d955590 code [0x000001d35d955740, 0x000001d35d955888]
Event: 103.780 Thread 0x000001d373458ca0 8661       3       org.codehaus.groovy.reflection.CachedClass$3$$Lambda$386/0x00000001005161b8::run (8 bytes)
Event: 103.780 Thread 0x000001d373458ca0 nmethod 8661 0x000001d35d955910 code [0x000001d35d955ac0, 0x000001d35d955c08]
Event: 103.780 Thread 0x000001d373458ca0 8662       3       org.codehaus.groovy.reflection.CachedClass$3$$Lambda$389/0x000000010051c270::<init> (10 bytes)
Event: 103.781 Thread 0x000001d373458ca0 nmethod 8662 0x000001d35d955d10 code [0x000001d35d955ea0, 0x000001d35d956058]

GC Heap History (20 events):
Event: 61.508 GC heap after
{Heap after GC invocations=35 (full 0):
 garbage-first heap   total 157696K, used 92183K [0x0000000080000000, 0x0000000100000000)
  region size 1024K, 1 young (1024K), 1 survivors (1024K)
 Metaspace       used 49912K, committed 50432K, reserved 1097728K
  class space    used 6589K, committed 6784K, reserved 1048576K
}
Event: 64.798 GC heap before
{Heap before GC invocations=36 (full 0):
 garbage-first heap   total 173056K, used 133143K [0x0000000080000000, 0x0000000100000000)
  region size 1024K, 34 young (34816K), 1 survivors (1024K)
 Metaspace       used 53322K, committed 53888K, reserved 1097728K
  class space    used 7115K, committed 7360K, reserved 1048576K
}
Event: 64.848 GC heap after
{Heap after GC invocations=37 (full 0):
 garbage-first heap   total 173056K, used 102138K [0x0000000080000000, 0x0000000100000000)
  region size 1024K, 4 young (4096K), 4 survivors (4096K)
 Metaspace       used 53322K, committed 53888K, reserved 1097728K
  class space    used 7115K, committed 7360K, reserved 1048576K
}
Event: 66.162 GC heap before
{Heap before GC invocations=37 (full 0):
 garbage-first heap   total 173056K, used 106234K [0x0000000080000000, 0x0000000100000000)
  region size 1024K, 8 young (8192K), 4 survivors (4096K)
 Metaspace       used 53538K, committed 54080K, reserved 1097728K
  class space    used 7135K, committed 7360K, reserved 1048576K
}
Event: 66.189 GC heap after
{Heap after GC invocations=38 (full 0):
 garbage-first heap   total 207872K, used 102727K [0x0000000080000000, 0x0000000100000000)
  region size 1024K, 1 young (1024K), 1 survivors (1024K)
 Metaspace       used 53538K, committed 54080K, reserved 1097728K
  class space    used 7135K, committed 7360K, reserved 1048576K
}
Event: 69.338 GC heap before
{Heap before GC invocations=38 (full 0):
 garbage-first heap   total 207872K, used 153927K [0x0000000080000000, 0x0000000100000000)
  region size 1024K, 51 young (52224K), 1 survivors (1024K)
 Metaspace       used 56822K, committed 57408K, reserved 1105920K
  class space    used 7654K, committed 7872K, reserved 1048576K
}
Event: 69.450 GC heap after
{Heap after GC invocations=39 (full 0):
 garbage-first heap   total 207872K, used 105350K [0x0000000080000000, 0x0000000100000000)
  region size 1024K, 4 young (4096K), 4 survivors (4096K)
 Metaspace       used 56822K, committed 57408K, reserved 1105920K
  class space    used 7654K, committed 7872K, reserved 1048576K
}
Event: 93.174 GC heap before
{Heap before GC invocations=40 (full 0):
 garbage-first heap   total 207872K, used 170886K [0x0000000080000000, 0x0000000100000000)
  region size 1024K, 61 young (62464K), 4 survivors (4096K)
 Metaspace       used 59937K, committed 60480K, reserved 1105920K
  class space    used 8016K, committed 8256K, reserved 1048576K
}
Event: 93.390 GC heap after
{Heap after GC invocations=41 (full 0):
 garbage-first heap   total 207872K, used 120334K [0x0000000080000000, 0x0000000100000000)
  region size 1024K, 8 young (8192K), 8 survivors (8192K)
 Metaspace       used 59937K, committed 60480K, reserved 1105920K
  class space    used 8016K, committed 8256K, reserved 1048576K
}
Event: 93.697 GC heap before
{Heap before GC invocations=41 (full 0):
 garbage-first heap   total 207872K, used 121358K [0x0000000080000000, 0x0000000100000000)
  region size 1024K, 10 young (10240K), 8 survivors (8192K)
 Metaspace       used 60164K, committed 60736K, reserved 1105920K
  class space    used 8053K, committed 8320K, reserved 1048576K
}
Event: 93.761 GC heap after
{Heap after GC invocations=42 (full 0):
 garbage-first heap   total 207872K, used 120991K [0x0000000080000000, 0x0000000100000000)
  region size 1024K, 1 young (1024K), 1 survivors (1024K)
 Metaspace       used 60164K, committed 60736K, reserved 1105920K
  class space    used 8053K, committed 8320K, reserved 1048576K
}
Event: 97.788 GC heap before
{Heap before GC invocations=42 (full 0):
 garbage-first heap   total 207872K, used 169119K [0x0000000080000000, 0x0000000100000000)
  region size 1024K, 48 young (49152K), 1 survivors (1024K)
 Metaspace       used 68408K, committed 68992K, reserved 1114112K
  class space    used 9097K, committed 9344K, reserved 1048576K
}
Event: 97.811 GC heap after
{Heap after GC invocations=43 (full 0):
 garbage-first heap   total 207872K, used 122714K [0x0000000080000000, 0x0000000100000000)
  region size 1024K, 3 young (3072K), 3 survivors (3072K)
 Metaspace       used 68408K, committed 68992K, reserved 1114112K
  class space    used 9097K, committed 9344K, reserved 1048576K
}
Event: 98.179 GC heap before
{Heap before GC invocations=43 (full 0):
 garbage-first heap   total 207872K, used 129882K [0x0000000080000000, 0x0000000100000000)
  region size 1024K, 11 young (11264K), 3 survivors (3072K)
 Metaspace       used 70052K, committed 70720K, reserved 1114112K
  class space    used 9293K, committed 9536K, reserved 1048576K
}
Event: 98.196 GC heap after
{Heap after GC invocations=44 (full 0):
 garbage-first heap   total 207872K, used 124181K [0x0000000080000000, 0x0000000100000000)
  region size 1024K, 4 young (4096K), 4 survivors (4096K)
 Metaspace       used 70052K, committed 70720K, reserved 1114112K
  class space    used 9293K, committed 9536K, reserved 1048576K
}
Event: 100.221 GC heap before
{Heap before GC invocations=45 (full 0):
 garbage-first heap   total 240640K, used 176405K [0x0000000080000000, 0x0000000100000000)
  region size 1024K, 49 young (50176K), 4 survivors (4096K)
 Metaspace       used 73265K, committed 73856K, reserved 1114112K
  class space    used 9712K, committed 9984K, reserved 1048576K
}
Event: 100.353 GC heap after
{Heap after GC invocations=46 (full 0):
 garbage-first heap   total 240640K, used 127962K [0x0000000080000000, 0x0000000100000000)
  region size 1024K, 6 young (6144K), 6 survivors (6144K)
 Metaspace       used 73265K, committed 73856K, reserved 1114112K
  class space    used 9712K, committed 9984K, reserved 1048576K
}
Event: 100.834 GC heap before
{Heap before GC invocations=46 (full 0):
 garbage-first heap   total 240640K, used 133082K [0x0000000080000000, 0x0000000100000000)
  region size 1024K, 11 young (11264K), 6 survivors (6144K)
 Metaspace       used 73720K, committed 74304K, reserved 1114112K
  class space    used 9751K, committed 9984K, reserved 1048576K
}
Event: 100.855 GC heap after
{Heap after GC invocations=47 (full 0):
 garbage-first heap   total 240640K, used 129608K [0x0000000080000000, 0x0000000100000000)
  region size 1024K, 2 young (2048K), 2 survivors (2048K)
 Metaspace       used 73720K, committed 74304K, reserved 1114112K
  class space    used 9751K, committed 9984K, reserved 1048576K
}
Event: 103.834 GC heap before
{Heap before GC invocations=47 (full 0):
 garbage-first heap   total 240640K, used 190024K [0x0000000080000000, 0x0000000100000000)
  region size 1024K, 61 young (62464K), 2 survivors (2048K)
 Metaspace       used 77218K, committed 77824K, reserved 1122304K
  class space    used 10223K, committed 10496K, reserved 1048576K
}

Dll operation events (2 events):
Event: 0.080 Loaded shared library C:\Program Files\Android\Android Studio\jbr\bin\java.dll
Event: 11.890 Loaded shared library C:\Program Files\Android\Android Studio\jbr\bin\verify.dll

Deoptimization events (20 events):
Event: 102.204 Thread 0x000001d37499d9f0 DEOPT PACKING pc=0x000001d364690ffc sp=0x000000908abf7200
Event: 102.204 Thread 0x000001d37499d9f0 DEOPT UNPACKING pc=0x000001d3640369a3 sp=0x000000908abf7118 mode 2
Event: 102.772 Thread 0x000001d37499d9f0 DEOPT PACKING pc=0x000001d35d708cbf sp=0x000000908abf65b0
Event: 102.772 Thread 0x000001d37499d9f0 DEOPT UNPACKING pc=0x000001d364037143 sp=0x000000908abf5a10 mode 0
Event: 102.781 Thread 0x000001d37499d9f0 DEOPT PACKING pc=0x000001d35d71e21c sp=0x000000908abf7030
Event: 102.781 Thread 0x000001d37499d9f0 DEOPT UNPACKING pc=0x000001d364037143 sp=0x000000908abf6530 mode 0
Event: 103.057 Thread 0x000001d37499d9f0 DEOPT PACKING pc=0x000001d35d47e1d1 sp=0x000000908abf6fc0
Event: 103.057 Thread 0x000001d37499d9f0 DEOPT UNPACKING pc=0x000001d364037143 sp=0x000000908abf64b8 mode 0
Event: 103.144 Thread 0x000001d37499d9f0 Uncommon trap: trap_request=0xffffffde fr.pc=0x000001d364662608 relative=0x0000000000000188
Event: 103.144 Thread 0x000001d37499d9f0 Uncommon trap: reason=class_check action=maybe_recompile pc=0x000001d364662608 method=java.lang.String.equals(Ljava/lang/Object;)Z @ 8 c2
Event: 103.144 Thread 0x000001d37499d9f0 DEOPT PACKING pc=0x000001d364662608 sp=0x000000908abf7430
Event: 103.144 Thread 0x000001d37499d9f0 DEOPT UNPACKING pc=0x000001d3640369a3 sp=0x000000908abf73c8 mode 2
Event: 103.144 Thread 0x000001d37499d9f0 Uncommon trap: trap_request=0xffffffde fr.pc=0x000001d364662608 relative=0x0000000000000188
Event: 103.144 Thread 0x000001d37499d9f0 Uncommon trap: reason=class_check action=maybe_recompile pc=0x000001d364662608 method=java.lang.String.equals(Ljava/lang/Object;)Z @ 8 c2
Event: 103.144 Thread 0x000001d37499d9f0 DEOPT PACKING pc=0x000001d364662608 sp=0x000000908abf7430
Event: 103.144 Thread 0x000001d37499d9f0 DEOPT UNPACKING pc=0x000001d3640369a3 sp=0x000000908abf73c8 mode 2
Event: 103.392 Thread 0x000001d376441870 DEOPT PACKING pc=0x000001d35d01431b sp=0x000000908b5fe290
Event: 103.392 Thread 0x000001d376441870 DEOPT UNPACKING pc=0x000001d364037143 sp=0x000000908b5fd700 mode 0
Event: 103.517 Thread 0x000001d37499d9f0 DEOPT PACKING pc=0x000001d35d21e903 sp=0x000000908abf6130
Event: 103.517 Thread 0x000001d37499d9f0 DEOPT UNPACKING pc=0x000001d364037143 sp=0x000000908abf55d0 mode 0

Classes unloaded (2 events):
Event: 98.507 Thread 0x000001d3733e1290 Unloading class 0x00000001007e4000 '_BuildScript_$_run_closure1'
Event: 98.507 Thread 0x000001d3733e1290 Unloading class 0x00000001007d8800 '_BuildScript_'

Classes redefined (0 events):
No events

Internal exceptions (20 events):
Event: 103.517 Thread 0x000001d37499d9f0 Exception <a 'java/lang/ClassNotFoundException'{0x000000008b4f8b88}: com/google/gms/googleservices/GoogleServicesPlugin$GoogleServicesPluginConfig_DecoratedCustomizer> (0x000000008b4f8b88) 
thrown [s\src\hotspot\share\classfile\systemDictionary.cpp, line 256]
Event: 103.535 Thread 0x000001d37499d9f0 Exception <a 'java/lang/ClassNotFoundException'{0x000000008b34e708}: com/google/gms/googleservices/GoogleServicesPlugin$PluginTypeBeanInfo> (0x000000008b34e708) 
thrown [s\src\hotspot\share\classfile\systemDictionary.cpp, line 256]
Event: 103.538 Thread 0x000001d37499d9f0 Exception <a 'java/lang/ClassNotFoundException'{0x000000008b35a9f8}: com/google/gms/googleservices/GoogleServicesPlugin$PluginTypeCustomizer> (0x000000008b35a9f8) 
thrown [s\src\hotspot\share\classfile\systemDictionary.cpp, line 256]
Event: 103.547 Thread 0x000001d37499d9f0 Exception <a 'java/lang/ClassNotFoundException'{0x000000008b377b28}: groovy/runtime/metaclass/[Lcom/google/gms/googleservices/GoogleServicesPlugin$PluginType;MetaClass> (0x000000008b377b28) 
thrown [s\src\hotspot\share\prims\jni.cpp, line 536]
Event: 103.550 Thread 0x000001d37499d9f0 Exception <a 'java/lang/ClassNotFoundException'{0x000000008b380858}: [Lcom/google/gms/googleservices/GoogleServicesPlugin$PluginType;BeanInfo> (0x000000008b380858) 
thrown [s\src\hotspot\share\prims\jni.cpp, line 536]
Event: 103.550 Thread 0x000001d37499d9f0 Exception <a 'java/lang/ClassNotFoundException'{0x000000008b381e30}: [Lcom/google/gms/googleservices/GoogleServicesPlugin$PluginType;BeanInfo> (0x000000008b381e30) 
thrown [s\src\hotspot\share\prims\jni.cpp, line 536]
Event: 103.550 Thread 0x000001d37499d9f0 Exception <a 'java/lang/ClassNotFoundException'{0x000000008b383408}: [Lcom/google/gms/googleservices/GoogleServicesPlugin$PluginType;BeanInfo> (0x000000008b383408) 
thrown [s\src\hotspot\share\prims\jni.cpp, line 536]
Event: 103.551 Thread 0x000001d37499d9f0 Exception <a 'java/lang/ClassNotFoundException'{0x000000008b384af0}: [Lcom/google/gms/googleservices/GoogleServicesPlugin$PluginType;Customizer> (0x000000008b384af0) 
thrown [s\src\hotspot\share\prims\jni.cpp, line 536]
Event: 103.551 Thread 0x000001d37499d9f0 Exception <a 'java/lang/ClassNotFoundException'{0x000000008b3860d0}: [Lcom/google/gms/googleservices/GoogleServicesPlugin$PluginType;Customizer> (0x000000008b3860d0) 
thrown [s\src\hotspot\share\prims\jni.cpp, line 536]
Event: 103.551 Thread 0x000001d37499d9f0 Exception <a 'java/lang/ClassNotFoundException'{0x000000008b3876b0}: [Lcom/google/gms/googleservices/GoogleServicesPlugin$PluginType;Customizer> (0x000000008b3876b0) 
thrown [s\src\hotspot\share\prims\jni.cpp, line 536]
Event: 103.580 Thread 0x000001d37499d9f0 Exception <a 'java/lang/ClassNotFoundException'{0x000000008b2a5bd0}: java/util/ArrayListBeanInfo> (0x000000008b2a5bd0) 
thrown [s\src\hotspot\share\classfile\systemDictionary.cpp, line 256]
Event: 103.581 Thread 0x000001d37499d9f0 Exception <a 'java/lang/ClassNotFoundException'{0x000000008b2adaa8}: java/util/AbstractListBeanInfo> (0x000000008b2adaa8) 
thrown [s\src\hotspot\share\classfile\systemDictionary.cpp, line 256]
Event: 103.582 Thread 0x000001d37499d9f0 Exception <a 'java/lang/ClassNotFoundException'{0x000000008b2b5988}: java/util/AbstractListCustomizer> (0x000000008b2b5988) 
thrown [s\src\hotspot\share\classfile\systemDictionary.cpp, line 256]
Event: 103.587 Thread 0x000001d37499d9f0 Exception <a 'java/lang/ClassNotFoundException'{0x000000008b2c87c0}: java/util/ArrayListCustomizer> (0x000000008b2c87c0) 
thrown [s\src\hotspot\share\classfile\systemDictionary.cpp, line 256]
Event: 103.621 Thread 0x000001d37499d9f0 Exception <a 'java/lang/ClassNotFoundException'{0x000000008b03e010}: org/gradle/api/internal/plugins/DefaultPluginContainerBeanInfo> (0x000000008b03e010) 
thrown [s\src\hotspot\share\classfile\systemDictionary.cpp, line 256]
Event: 103.626 Thread 0x000001d37499d9f0 Exception <a 'java/lang/ClassNotFoundException'{0x000000008b053cf8}: org/gradle/api/internal/plugins/DefaultPluginCollectionBeanInfo> (0x000000008b053cf8) 
thrown [s\src\hotspot\share\classfile\systemDictionary.cpp, line 256]
Event: 103.631 Thread 0x000001d37499d9f0 Exception <a 'java/lang/ClassNotFoundException'{0x000000008b069360}: org/gradle/api/internal/DefaultDomainObjectSetBeanInfo> (0x000000008b069360) 
thrown [s\src\hotspot\share\classfile\systemDictionary.cpp, line 256]
Event: 103.634 Thread 0x000001d37499d9f0 Exception <a 'java/lang/ClassNotFoundException'{0x000000008b07eb58}: org/gradle/api/internal/DefaultDomainObjectSetCustomizer> (0x000000008b07eb58) 
thrown [s\src\hotspot\share\classfile\systemDictionary.cpp, line 256]
Event: 103.639 Thread 0x000001d37499d9f0 Exception <a 'java/lang/ClassNotFoundException'{0x000000008b0a2ef0}: org/gradle/api/internal/plugins/DefaultPluginCollectionCustomizer> (0x000000008b0a2ef0) 
thrown [s\src\hotspot\share\classfile\systemDictionary.cpp, line 256]
Event: 103.645 Thread 0x000001d37499d9f0 Exception <a 'java/lang/ClassNotFoundException'{0x000000008b0e2598}: org/gradle/api/internal/plugins/DefaultPluginContainerCustomizer> (0x000000008b0e2598) 
thrown [s\src\hotspot\share\classfile\systemDictionary.cpp, line 256]

VM Operations (20 events):
Event: 98.760 Executing VM operation: G1Concurrent done
Event: 98.841 Executing VM operation: G1Concurrent
Event: 98.842 Executing VM operation: G1Concurrent done
Event: 99.851 Executing VM operation: Cleanup
Event: 99.851 Executing VM operation: Cleanup done
Event: 100.217 Executing VM operation: G1CollectForAllocation
Event: 100.353 Executing VM operation: G1CollectForAllocation done
Event: 100.833 Executing VM operation: G1CollectForAllocation
Event: 100.856 Executing VM operation: G1CollectForAllocation done
Event: 100.946 Executing VM operation: HandshakeAllThreads
Event: 100.946 Executing VM operation: HandshakeAllThreads done
Event: 101.314 Executing VM operation: HandshakeAllThreads
Event: 101.318 Executing VM operation: HandshakeAllThreads done
Event: 102.300 Executing VM operation: ICBufferFull
Event: 102.301 Executing VM operation: ICBufferFull done
Event: 103.127 Executing VM operation: HandshakeAllThreads
Event: 103.138 Executing VM operation: HandshakeAllThreads done
Event: 103.284 Executing VM operation: ICBufferFull
Event: 103.284 Executing VM operation: ICBufferFull done
Event: 103.832 Executing VM operation: G1CollectForAllocation

Events (20 events):
Event: 101.890 loading class com/sun/jmx/mbeanserver/StandardMBeanSupport
Event: 101.892 loading class com/sun/jmx/mbeanserver/StandardMBeanSupport done
Event: 101.892 loading class com/sun/jmx/mbeanserver/StandardMBeanIntrospector
Event: 101.894 loading class com/sun/jmx/mbeanserver/StandardMBeanIntrospector done
Event: 103.578 loading class java/util/ArrayListBeanInfo
Event: 103.579 loading class java/util/ArrayListBeanInfo done
Event: 103.580 loading class java/util/ArrayListBeanInfo
Event: 103.580 loading class java/util/ArrayListBeanInfo done
Event: 103.580 loading class java/util/AbstractListBeanInfo
Event: 103.580 loading class java/util/AbstractListBeanInfo done
Event: 103.581 loading class java/util/AbstractListBeanInfo
Event: 103.581 loading class java/util/AbstractListBeanInfo done
Event: 103.581 loading class java/util/AbstractListCustomizer
Event: 103.581 loading class java/util/AbstractListCustomizer done
Event: 103.582 loading class java/util/AbstractListCustomizer
Event: 103.582 loading class java/util/AbstractListCustomizer done
Event: 103.586 loading class java/util/ArrayListCustomizer
Event: 103.586 loading class java/util/ArrayListCustomizer done
Event: 103.586 loading class java/util/ArrayListCustomizer
Event: 103.586 loading class java/util/ArrayListCustomizer done


Dynamic libraries:
0x00007ff662900000 - 0x00007ff66290a000 	C:\Program Files\Android\Android Studio\jbr\bin\java.exe
0x00007ffeb8b50000 - 0x00007ffeb8d48000 	C:\WINDOWS\SYSTEM32\ntdll.dll
0x00007ffe79e50000 - 0x00007ffe79e69000 	C:\Program Files\Avast Software\Avast\aswhook.dll
0x00007ffeb72c0000 - 0x00007ffeb737f000 	C:\WINDOWS\System32\KERNEL32.DLL
0x00007ffeb6660000 - 0x00007ffeb693a000 	C:\WINDOWS\System32\KERNELBASE.dll
0x00007ffeb69e0000 - 0x00007ffeb6ae0000 	C:\WINDOWS\System32\ucrtbase.dll
0x00007ffeb0ee0000 - 0x00007ffeb0ef7000 	C:\Program Files\Android\Android Studio\jbr\bin\jli.dll
0x00007ffeb0ac0000 - 0x00007ffeb0adb000 	C:\Program Files\Android\Android Studio\jbr\bin\VCRUNTIME140.dll
0x00007ffeb7380000 - 0x00007ffeb751d000 	C:\WINDOWS\System32\USER32.dll
0x00007ffeb6b80000 - 0x00007ffeb6ba2000 	C:\WINDOWS\System32\win32u.dll
0x00007ffeb76d0000 - 0x00007ffeb76fb000 	C:\WINDOWS\System32\GDI32.dll
0x00007ffeb6360000 - 0x00007ffeb6470000 	C:\WINDOWS\System32\gdi32full.dll
0x00007ffeb6ae0000 - 0x00007ffeb6b7d000 	C:\WINDOWS\System32\msvcp_win.dll
0x00007ffea7380000 - 0x00007ffea761a000 	C:\WINDOWS\WinSxS\amd64_microsoft.windows.common-controls_6595b64144ccf1df_6.0.19041.1110_none_60b5254171f9507e\COMCTL32.dll
0x00007ffeb8a70000 - 0x00007ffeb8b0e000 	C:\WINDOWS\System32\msvcrt.dll
0x00007ffeb8a40000 - 0x00007ffeb8a70000 	C:\WINDOWS\System32\IMM32.DLL
0x00007ffeb0e50000 - 0x00007ffeb0e5c000 	C:\Program Files\Android\Android Studio\jbr\bin\vcruntime140_1.dll
0x00007ffea2bd0000 - 0x00007ffea2c5d000 	C:\Program Files\Android\Android Studio\jbr\bin\msvcp140.dll
0x00007ffe5f530000 - 0x00007ffe6019d000 	C:\Program Files\Android\Android Studio\jbr\bin\server\jvm.dll
0x00007ffeb8230000 - 0x00007ffeb82de000 	C:\WINDOWS\System32\ADVAPI32.dll
0x00007ffeb7b20000 - 0x00007ffeb7bbc000 	C:\WINDOWS\System32\sechost.dll
0x00007ffeb8030000 - 0x00007ffeb8156000 	C:\WINDOWS\System32\RPCRT4.dll
0x00007ffeac6c0000 - 0x00007ffeac6ca000 	C:\WINDOWS\SYSTEM32\VERSION.dll
0x00007ffea7fc0000 - 0x00007ffea7fe7000 	C:\WINDOWS\SYSTEM32\WINMM.dll
0x00007ffea98a0000 - 0x00007ffea98a9000 	C:\WINDOWS\SYSTEM32\WSOCK32.dll
0x00007ffeb7700000 - 0x00007ffeb776b000 	C:\WINDOWS\System32\ws2_32.DLL
0x00007ffeb4120000 - 0x00007ffeb4132000 	C:\WINDOWS\SYSTEM32\kernel.appcore.dll
0x00007ffeb10b0000 - 0x00007ffeb10ba000 	C:\Program Files\Android\Android Studio\jbr\bin\jimage.dll
0x00007ffeabd20000 - 0x00007ffeabf04000 	C:\WINDOWS\SYSTEM32\DBGHELP.DLL
0x00007ffeabcc0000 - 0x00007ffeabcf4000 	C:\WINDOWS\SYSTEM32\dbgcore.DLL
0x00007ffeb6470000 - 0x00007ffeb64f2000 	C:\WINDOWS\System32\bcryptPrimitives.dll
0x00007ffeb0100000 - 0x00007ffeb0125000 	C:\Program Files\Android\Android Studio\jbr\bin\java.dll
0x00007ffeafa00000 - 0x00007ffeafa18000 	C:\Program Files\Android\Android Studio\jbr\bin\zip.dll
0x00007ffeb82f0000 - 0x00007ffeb8a34000 	C:\WINDOWS\System32\SHELL32.dll
0x00007ffeb4320000 - 0x00007ffeb4ab3000 	C:\WINDOWS\SYSTEM32\windows.storage.dll
0x00007ffeb6f60000 - 0x00007ffeb72b4000 	C:\WINDOWS\System32\combase.dll
0x00007ffeb5c50000 - 0x00007ffeb5c7e000 	C:\WINDOWS\SYSTEM32\Wldp.dll
0x00007ffeb6bb0000 - 0x00007ffeb6c5d000 	C:\WINDOWS\System32\SHCORE.dll
0x00007ffeb7850000 - 0x00007ffeb78a5000 	C:\WINDOWS\System32\shlwapi.dll
0x00007ffeb61a0000 - 0x00007ffeb61bf000 	C:\WINDOWS\SYSTEM32\profapi.dll
0x00007ffeaf9e0000 - 0x00007ffeaf9f9000 	C:\Program Files\Android\Android Studio\jbr\bin\net.dll
0x00007ffeaedb0000 - 0x00007ffeaeeba000 	C:\WINDOWS\SYSTEM32\WINHTTP.dll
0x00007ffeb59b0000 - 0x00007ffeb5a1a000 	C:\WINDOWS\system32\mswsock.dll
0x00007ffeaf9c0000 - 0x00007ffeaf9d6000 	C:\Program Files\Android\Android Studio\jbr\bin\nio.dll
0x00007ffeaf9b0000 - 0x00007ffeaf9c0000 	C:\Program Files\Android\Android Studio\jbr\bin\verify.dll
0x00007ffeafa60000 - 0x00007ffeafa87000 	C:\Users\beyza\.gradle\native\e1d6ef7f7dcc3fd88c89a11ec53ec762bb8ba0a96d01ffa2cd45eb1d1d8dd5c5\windows-amd64\native-platform.dll
0x00007ffea2a80000 - 0x00007ffea2bc4000 	C:\Users\beyza\.gradle\native\0d407fdbe67a94daf76414ababcb853783967236a71b16ec16e742cd7a986fd3\windows-amd64\native-platform-file-events.dll
0x00007ffeb0e60000 - 0x00007ffeb0e69000 	C:\Program Files\Android\Android Studio\jbr\bin\management.dll
0x00007ffeb00f0000 - 0x00007ffeb00fb000 	C:\Program Files\Android\Android Studio\jbr\bin\management_ext.dll
0x00007ffeb76b0000 - 0x00007ffeb76b8000 	C:\WINDOWS\System32\PSAPI.DLL
0x00007ffeb5ba0000 - 0x00007ffeb5bb8000 	C:\WINDOWS\SYSTEM32\CRYPTSP.dll
0x00007ffeb5260000 - 0x00007ffeb5294000 	C:\WINDOWS\system32\rsaenh.dll
0x00007ffeb6940000 - 0x00007ffeb6967000 	C:\WINDOWS\System32\bcrypt.dll
0x00007ffeb6160000 - 0x00007ffeb618e000 	C:\WINDOWS\SYSTEM32\USERENV.dll
0x00007ffeb5bc0000 - 0x00007ffeb5bcc000 	C:\WINDOWS\SYSTEM32\CRYPTBASE.dll
0x00007ffeb5630000 - 0x00007ffeb566c000 	C:\WINDOWS\SYSTEM32\IPHLPAPI.DLL
0x00007ffeb82e0000 - 0x00007ffeb82e8000 	C:\WINDOWS\System32\NSI.dll
0x00007ffeaf920000 - 0x00007ffeaf937000 	C:\WINDOWS\SYSTEM32\dhcpcsvc6.DLL
0x00007ffeafd20000 - 0x00007ffeafd3d000 	C:\WINDOWS\SYSTEM32\dhcpcsvc.DLL
0x00007ffeb56e0000 - 0x00007ffeb57ab000 	C:\WINDOWS\SYSTEM32\DNSAPI.dll
0x00007ffea29e0000 - 0x00007ffea29e7000 	C:\WINDOWS\system32\wshunix.dll

dbghelp: loaded successfully - version: 4.0.5 - missing functions: none
symbol engine: initialized successfully - sym options: 0x614 - pdb path: .;C:\Program Files\Android\Android Studio\jbr\bin;C:\WINDOWS\SYSTEM32;C:\Program Files\Avast Software\Avast;C:\WINDOWS\WinSxS\amd64_microsoft.windows.common-controls_6595b64144ccf1df_6.0.19041.1110_none_60b5254171f9507e;C:\Program Files\Android\Android Studio\jbr\bin\server;C:\Users\beyza\.gradle\native\e1d6ef7f7dcc3fd88c89a11ec53ec762bb8ba0a96d01ffa2cd45eb1d1d8dd5c5\windows-amd64;C:\Users\beyza\.gradle\native\0d407fdbe67a94daf76414ababcb853783967236a71b16ec16e742cd7a986fd3\windows-amd64

VM Arguments:
jvm_args: --add-opens=java.base/java.util=ALL-UNNAMED --add-opens=java.base/java.lang=ALL-UNNAMED --add-opens=java.base/java.lang.invoke=ALL-UNNAMED --add-opens=java.base/java.util=ALL-UNNAMED --add-opens=java.prefs/java.util.prefs=ALL-UNNAMED --add-opens=java.prefs/java.util.prefs=ALL-UNNAMED --add-opens=java.base/java.nio.charset=ALL-UNNAMED --add-opens=java.base/java.net=ALL-UNNAMED --add-opens=java.base/java.util.concurrent.atomic=ALL-UNNAMED -Xmx2048m -Dfile.encoding=UTF-8 -Duser.country=TR -Duser.language=tr -Duser.variant 
java_command: org.gradle.launcher.daemon.bootstrap.GradleDaemon 7.5
java_class_path (initial): C:\Users\beyza\.gradle\wrapper\dists\gradle-7.5-bin\f1w0cc9nuo0eivz97x2xlu9sv\gradle-7.5\lib\gradle-launcher-7.5.jar
Launcher Type: SUN_STANDARD

[Global flags]
     intx CICompilerCount                          = 4                                         {product} {ergonomic}
     uint ConcGCThreads                            = 2                                         {product} {ergonomic}
     uint G1ConcRefinementThreads                  = 8                                         {product} {ergonomic}
   size_t G1HeapRegionSize                         = 1048576                                   {product} {ergonomic}
    uintx GCDrainStackTargetSize                   = 64                                        {product} {ergonomic}
   size_t InitialHeapSize                          = 58720256                                  {product} {ergonomic}
   size_t MarkStackSize                            = 4194304                                   {product} {ergonomic}
   size_t MaxHeapSize                              = 2147483648                                {product} {command line}
   size_t MaxNewSize                               = 1287651328                                {product} {ergonomic}
   size_t MinHeapDeltaBytes                        = 1048576                                   {product} {ergonomic}
   size_t MinHeapSize                              = 8388608                                   {product} {ergonomic}
    uintx NonNMethodCodeHeapSize                   = 5839372                                {pd product} {ergonomic}
    uintx NonProfiledCodeHeapSize                  = 122909434                              {pd product} {ergonomic}
    uintx ProfiledCodeHeapSize                     = 122909434                              {pd product} {ergonomic}
    uintx ReservedCodeCacheSize                    = 251658240                              {pd product} {ergonomic}
     bool SegmentedCodeCache                       = true                                      {product} {ergonomic}
   size_t SoftMaxHeapSize                          = 2147483648                             {manageable} {ergonomic}
     bool UseCompressedClassPointers               = true                           {product lp64_product} {ergonomic}
     bool UseCompressedOops                        = true                           {product lp64_product} {ergonomic}
     bool UseG1GC                                  = true                                      {product} {ergonomic}
     bool UseLargePagesIndividualAllocation        = false                                  {pd product} {ergonomic}

Logging:
Log output configuration:
 #0: stdout all=warning uptime,level,tags
 #1: stderr all=off uptime,level,tags

Environment Variables:
PATH=C:\Program Files\Common Files\Oracle\Java\javapath;C:\WINDOWS\system32;C:\WINDOWS;C:\WINDOWS\System32\Wbem;C:\WINDOWS\System32\WindowsPowerShell\v1.0\;C:\WINDOWS\System32\OpenSSH\;C:\Program Files\Microsoft SQL Server\Client SDK\ODBC\170\Tools\Binn\;C:\Program Files (x86)\Microsoft SQL Server\150\Tools\Binn\;C:\Program Files\Microsoft SQL Server\150\Tools\Binn\;C:\Program Files\Microsoft SQL Server\150\DTS\Binn\;C:\Program Files\MATLAB\R2021b\bin;C:\Program Files\Java\jdk-17\bin;C:\Program Files\Git\cmd;C:\Users\beyza\AppData\Local\Microsoft\WindowsApps;C:\Program Files\Azure Data Studio\bin;C:\flutter_windows_2.5.3-stable\flutter\bin
USERNAME=beyza
OS=Windows_NT
PROCESSOR_IDENTIFIER=AMD64 Family 23 Model 24 Stepping 1, AuthenticAMD
TMP=C:\Users\beyza\AppData\Local\Temp
TEMP=C:\Users\beyza\AppData\Local\Temp



---------------  S Y S T E M  ---------------

OS:
 Windows 10 , 64 bit Build 19041 (10.0.19041.2788)
OS uptime: 3 days 20:30 hours

CPU: total 8 (initial active 8) (8 cores per cpu, 2 threads per core) family 23 model 24 stepping 1 microcode 0x0, cx8, cmov, fxsr, ht, mmx, 3dnowpref, sse, sse2, sse3, ssse3, sse4a, sse4.1, sse4.2, popcnt, lzcnt, tsc, tscinvbit, avx, avx2, aes, clmul, bmi1, bmi2, adx, sha, fma, vzeroupper, clflush, clflushopt

Memory: 4k page, system-wide physical 3531M (95M free)
TotalPageFile size 14283M (AvailPageFile size 39M)
current process WorkingSet (physical memory assigned to process): 174M, peak: 192M
current process commit charge ("private bytes"): 480M, peak: 667M

vm_info: OpenJDK 64-Bit Server VM (17.0.6+0-b2043.56-9586694) for windows-amd64 JRE (17.0.6+0-b2043.56-9586694), built on Feb  9 2023 20:06:20 by "androidbuild" with MS VC++ 16.10 / 16.11 (VS2019)

END.
