#
# There is insufficient memory for the Java Runtime Environment to continue.
# Native memory allocation (mmap) failed to map 111149056 bytes for G1 virtual space
# Possible reasons:
#   The system is out of physical RAM or swap space
#   The process is running with CompressedOops enabled, and the Java Heap may be blocking the growth of the native heap
# Possible solutions:
#   Reduce memory load on the system
#   Increase physical memory or swap space
#   Check if swap backing store is full
#   Decrease Java heap size (-Xmx/-Xms)
#   Decrease number of Java threads
#   Decrease Java thread stack sizes (-Xss)
#   Set larger code cache with -XX:ReservedCodeCacheSize=
#   JVM is running with Unscaled Compressed Oops mode in which the Java heap is
#     placed in the first 4GB address space. The Java Heap base address is the
#     maximum limit for the native heap growth. Please use -XX:HeapBaseMinAddress
#     to set the Java Heap base and to place the Java Heap above 4GB virtual address.
# This output file may be truncated or incomplete.
#
#  Out of Memory Error (os_windows.cpp:3769), pid=3820, tid=4964
#
# JRE version: OpenJDK Runtime Environment (17.0.6) (build 17.0.6+0-b2043.56-9586694)
# Java VM: OpenJDK 64-Bit Server VM (17.0.6+0-b2043.56-9586694, mixed mode, tiered, compressed oops, compressed class ptrs, g1 gc, windows-amd64)
# No core dump will be written. Minidumps are not enabled by default on client versions of Windows
#

---------------  S U M M A R Y ------------

Command Line: --add-opens=java.base/java.util=ALL-UNNAMED --add-opens=java.base/java.lang=ALL-UNNAMED --add-opens=java.base/java.lang.invoke=ALL-UNNAMED --add-opens=java.base/java.util=ALL-UNNAMED --add-opens=java.prefs/java.util.prefs=ALL-UNNAMED --add-opens=java.prefs/java.util.prefs=ALL-UNNAMED --add-opens=java.base/java.nio.charset=ALL-UNNAMED --add-opens=java.base/java.net=ALL-UNNAMED --add-opens=java.base/java.util.concurrent.atomic=ALL-UNNAMED -Xmx2048m -Dfile.encoding=UTF-8 -Duser.country=TR -Duser.language=tr -Duser.variant org.gradle.launcher.daemon.bootstrap.GradleDaemon 7.5

Host: AMD Ryzen 5 3500U with Radeon Vega Mobile Gfx  , 8 cores, 3G,  Windows 10 , 64 bit Build 19041 (10.0.19041.2788)
Time: Mon May  1 16:49:25 2023 Türkiye Standart Saati elapsed time: 52.381441 seconds (0d 0h 0m 52s)

---------------  T H R E A D  ---------------

Current thread (0x0000018084a32930):  VMThread "VM Thread" [stack: 0x0000001775b00000,0x0000001775c00000] [id=4964]

Stack: [0x0000001775b00000,0x0000001775c00000]
Native frames: (J=compiled Java code, j=interpreted, Vv=VM code, C=native code)
V  [jvm.dll+0x683b4a]
V  [jvm.dll+0x842654]
V  [jvm.dll+0x843dfe]
V  [jvm.dll+0x844463]
V  [jvm.dll+0x249b75]
V  [jvm.dll+0x680a19]
V  [jvm.dll+0x674f0a]
V  [jvm.dll+0x309acb]
V  [jvm.dll+0x310f86]
V  [jvm.dll+0x3608ee]
V  [jvm.dll+0x360b1f]
V  [jvm.dll+0x2dfbf8]
V  [jvm.dll+0x2ddec4]
V  [jvm.dll+0x2dd4cc]
V  [jvm.dll+0x321f3b]
V  [jvm.dll+0x84893b]
V  [jvm.dll+0x849674]
V  [jvm.dll+0x849b8d]
V  [jvm.dll+0x849f64]
V  [jvm.dll+0x84a030]
V  [jvm.dll+0x7f25fa]
V  [jvm.dll+0x682985]
C  [ucrtbase.dll+0x21bb2]
C  [KERNEL32.DLL+0x17604]
C  [ntdll.dll+0x526a1]

VM_Operation (0x00000017775f77a0): G1CollectForAllocation, mode: safepoint, requested by thread 0x0000018086f12e70


---------------  P R O C E S S  ---------------

Threads class SMR info:
_java_thread_list=0x00000180882c2f10, length=124, elements={
0x00000180eab54640, 0x0000018084a01de0, 0x0000018084a02c50, 0x0000018084a76440,
0x0000018084a77550, 0x000001808540f0a0, 0x000001808540fa50, 0x000001808541bc40,
0x000001808541e640, 0x000001808541f030, 0x000001808558c380, 0x0000018085591070,
0x000001808696a100, 0x0000018086025260, 0x000001808602e850, 0x0000018086cffb90,
0x0000018086d0a570, 0x0000018086f129a0, 0x0000018086f12e70, 0x00000180860adbf0,
0x00000180860ac3e0, 0x00000180860ae590, 0x00000180860ae0c0, 0x00000180860aea60,
0x00000180860ab0a0, 0x00000180860abf10, 0x00000180860ad250, 0x00000180860ad720,
0x00000180860aba40, 0x00000180860ac8b0, 0x00000180860acd80, 0x0000018087da95d0,
0x0000018087da9100, 0x0000018087daec70, 0x0000018087dacf90, 0x0000018087daa440,
0x0000018087dabc50, 0x0000018087daade0, 0x0000018087daf140, 0x0000018087da8c30,
0x0000018087daf610, 0x0000018087dad460, 0x0000018087dab2b0, 0x0000018087da9f70,
0x0000018087dad930, 0x0000018087daa910, 0x0000018087dade00, 0x0000018087dab780,
0x0000018087dae2d0, 0x0000018087dae7a0, 0x000001808a4ae8c0, 0x000001808a4ae3f0,
0x000001808a4a7540, 0x000001808a4ab8a0, 0x000001808a4a8880, 0x000001808a4a96f0,
0x000001808a4a8d50, 0x000001808a4ac240, 0x000001808a4a9220, 0x000001808a4ada50,
0x000001808a4a7070, 0x000001808a4a7a10, 0x000001808a4ac710, 0x000001808a4abd70,
0x000001808a4acbe0, 0x000001808a4a9bc0, 0x000001808a4ad0b0, 0x000001808a4adf20,
0x000001808a4ad580, 0x000001808a4aa090, 0x000001808a4aa560, 0x000001808a4aaa30,
0x000001808a4aaf00, 0x000001808a4a7ee0, 0x000001808a4a83b0, 0x000001808a4ab3d0,
0x0000018089c4c590, 0x0000018089c4ca60, 0x0000018089c4cf30, 0x0000018089c4ff50,
0x0000018089c4d400, 0x0000018089c4f0e0, 0x0000018089c4e740, 0x0000018089c4d8d0,
0x0000018089c4dda0, 0x0000018089c4f5b0, 0x0000018089c4e270, 0x0000018089c4ec10,
0x0000018089c4fa80, 0x000001808a762a20, 0x000001808a762ef0, 0x000001808a761bb0,
0x000001808a7633c0, 0x000001808a7616e0, 0x000001808a764700, 0x000001808a764bd0,
0x000001808a763890, 0x000001808a7603a0, 0x000001808a75fed0, 0x000001808a762080,
0x000001808a760870, 0x000001808a761210, 0x000001808a763d60, 0x000001808a75fa00,
0x000001808a764230, 0x000001808a762550, 0x000001808a7650a0, 0x000001808a765570,
0x000001808a765a40, 0x000001808a760d40, 0x000001808a765f10, 0x000001808a7663e0,
0x000001808a7668b0, 0x000001808a75f060, 0x000001808a75f530, 0x0000018087c18de0,
0x0000018087c158f0, 0x0000018087c16c30, 0x0000018087c1be00, 0x0000018087c14a80,
0x0000018087c17aa0, 0x0000018087c19c50, 0x0000018087c17f70, 0x0000018087c17100
}

Java Threads: ( => current thread )
  0x00000180eab54640 JavaThread "main" [_thread_blocked, id=9920, stack(0x0000001775500000,0x0000001775600000)]
  0x0000018084a01de0 JavaThread "Reference Handler" daemon [_thread_blocked, id=10676, stack(0x0000001775c00000,0x0000001775d00000)]
  0x0000018084a02c50 JavaThread "Finalizer" daemon [_thread_blocked, id=13268, stack(0x0000001775d00000,0x0000001775e00000)]
  0x0000018084a76440 JavaThread "Signal Dispatcher" daemon [_thread_blocked, id=6852, stack(0x0000001775e00000,0x0000001775f00000)]
  0x0000018084a77550 JavaThread "Attach Listener" daemon [_thread_blocked, id=452, stack(0x0000001775f00000,0x0000001776000000)]
  0x000001808540f0a0 JavaThread "Service Thread" daemon [_thread_blocked, id=8172, stack(0x0000001776000000,0x0000001776100000)]
  0x000001808540fa50 JavaThread "Monitor Deflation Thread" daemon [_thread_blocked, id=6324, stack(0x0000001776100000,0x0000001776200000)]
  0x000001808541bc40 JavaThread "C2 CompilerThread0" daemon [_thread_blocked, id=900, stack(0x0000001776200000,0x0000001776300000)]
  0x000001808541e640 JavaThread "C1 CompilerThread0" daemon [_thread_blocked, id=1804, stack(0x0000001776300000,0x0000001776400000)]
  0x000001808541f030 JavaThread "Sweeper thread" daemon [_thread_blocked, id=9928, stack(0x0000001776400000,0x0000001776500000)]
  0x000001808558c380 JavaThread "Common-Cleaner" daemon [_thread_blocked, id=14656, stack(0x0000001776500000,0x0000001776600000)]
  0x0000018085591070 JavaThread "Notification Thread" daemon [_thread_blocked, id=13416, stack(0x0000001776600000,0x0000001776700000)]
  0x000001808696a100 JavaThread "Daemon health stats" [_thread_blocked, id=14900, stack(0x0000001776c00000,0x0000001776d00000)]
  0x0000018086025260 JavaThread "Incoming local TCP Connector on port 61094" [_thread_in_native, id=13588, stack(0x0000001777000000,0x0000001777100000)]
  0x000001808602e850 JavaThread "Daemon periodic checks" [_thread_blocked, id=15804, stack(0x0000001777100000,0x0000001777200000)]
  0x0000018086cffb90 JavaThread "Daemon" [_thread_blocked, id=13028, stack(0x0000001777200000,0x0000001777300000)]
  0x0000018086d0a570 JavaThread "Handler for socket connection from /127.0.0.1:61094 to /127.0.0.1:61096" [_thread_in_native, id=3456, stack(0x0000001777300000,0x0000001777400000)]
  0x0000018086f129a0 JavaThread "Cancel handler" [_thread_blocked, id=5796, stack(0x0000001777400000,0x0000001777500000)]
  0x0000018086f12e70 JavaThread "Daemon worker" [_thread_blocked, id=2756, stack(0x0000001777500000,0x0000001777600000)]
  0x00000180860adbf0 JavaThread "Asynchronous log dispatcher for DefaultDaemonConnection: socket connection from /127.0.0.1:61094 to /127.0.0.1:61096" [_thread_blocked, id=14132, stack(0x0000001777600000,0x0000001777700000)]
  0x00000180860ac3e0 JavaThread "Stdin handler" [_thread_blocked, id=3024, stack(0x0000001777700000,0x0000001777800000)]
  0x00000180860ae590 JavaThread "Daemon client event forwarder" [_thread_blocked, id=4192, stack(0x0000001777800000,0x0000001777900000)]
  0x00000180860ae0c0 JavaThread "Cache worker for journal cache (C:\Users\beyza\.gradle\caches\journal-1)" [_thread_blocked, id=7316, stack(0x0000001777900000,0x0000001777a00000)]
  0x00000180860aea60 JavaThread "File lock request listener" [_thread_in_native, id=10168, stack(0x0000001777a00000,0x0000001777b00000)]
  0x00000180860ab0a0 JavaThread "Cache worker for file hash cache (C:\Users\beyza\.gradle\caches\7.5\fileHashes)" [_thread_blocked, id=15608, stack(0x0000001777c00000,0x0000001777d00000)]
  0x00000180860abf10 JavaThread "File watcher server" daemon [_thread_in_native, id=11472, stack(0x0000001777d00000,0x0000001777e00000)]
  0x00000180860ad250 JavaThread "File watcher consumer" daemon [_thread_blocked, id=12996, stack(0x0000001777e00000,0x0000001777f00000)]
  0x00000180860ad720 JavaThread "jar transforms" [_thread_blocked, id=12120, stack(0x0000001777f00000,0x0000001778000000)]
  0x00000180860aba40 JavaThread "jar transforms Thread 2" [_thread_blocked, id=13864, stack(0x0000001778000000,0x0000001778100000)]
  0x00000180860ac8b0 JavaThread "jar transforms Thread 3" [_thread_blocked, id=3040, stack(0x0000001778100000,0x0000001778200000)]
  0x00000180860acd80 JavaThread "jar transforms Thread 4" [_thread_blocked, id=8716, stack(0x0000001778200000,0x0000001778300000)]
  0x0000018087da95d0 JavaThread "jar transforms Thread 5" [_thread_blocked, id=4960, stack(0x0000001778300000,0x0000001778400000)]
  0x0000018087da9100 JavaThread "jar transforms Thread 6" [_thread_blocked, id=11684, stack(0x0000001778400000,0x0000001778500000)]
  0x0000018087daec70 JavaThread "jar transforms Thread 7" [_thread_blocked, id=2808, stack(0x0000001778500000,0x0000001778600000)]
  0x0000018087dacf90 JavaThread "jar transforms Thread 8" [_thread_blocked, id=15868, stack(0x0000001778600000,0x0000001778700000)]
  0x0000018087daa440 JavaThread "Cache worker for checksums cache (C:\Users\beyza\AndroidStudioProjects\GradStudentApp\.gradle\7.5\checksums)" [_thread_blocked, id=10884, stack(0x0000001778700000,0x0000001778800000)]
  0x0000018087dabc50 JavaThread "Cache worker for cache directory md-rule (C:\Users\beyza\.gradle\caches\7.5\md-rule)" [_thread_blocked, id=4460, stack(0x0000001778800000,0x0000001778900000)]
  0x0000018087daade0 JavaThread "Cache worker for file content cache (C:\Users\beyza\.gradle\caches\7.5\fileContent)" [_thread_blocked, id=11236, stack(0x0000001778900000,0x0000001778a00000)]
  0x0000018087daf140 JavaThread "Cache worker for file hash cache (C:\Users\beyza\AndroidStudioProjects\GradStudentApp\.gradle\7.5\fileHashes)" [_thread_blocked, id=4696, stack(0x0000001778a00000,0x0000001778b00000)]
  0x0000018087da8c30 JavaThread "Cache worker for cache directory md-supplier (C:\Users\beyza\.gradle\caches\7.5\md-supplier)" [_thread_blocked, id=14524, stack(0x0000001778b00000,0x0000001778c00000)]
  0x0000018087daf610 JavaThread "Cache worker for execution history cache (C:\Users\beyza\.gradle\caches\7.5\executionHistory)" [_thread_blocked, id=14692, stack(0x0000001778c00000,0x0000001778d00000)]
  0x0000018087dad460 JavaThread "Cache worker for dependencies-accessors (C:\Users\beyza\AndroidStudioProjects\GradStudentApp\.gradle\7.5\dependencies-accessors)" [_thread_blocked, id=144, stack(0x0000001778d00000,0x0000001778e00000)]
  0x0000018087dab2b0 JavaThread "Cache worker for Build Output Cleanup Cache (C:\Users\beyza\AndroidStudioProjects\GradStudentApp\.gradle\buildOutputCleanup)" [_thread_blocked, id=12808, stack(0x0000001778e00000,0x0000001778f00000)]
  0x0000018087da9f70 JavaThread "Unconstrained build operations" [_thread_blocked, id=6444, stack(0x0000001778f00000,0x0000001779000000)]
  0x0000018087dad930 JavaThread "Unconstrained build operations Thread 2" [_thread_blocked, id=3192, stack(0x0000001779000000,0x0000001779100000)]
  0x0000018087daa910 JavaThread "Unconstrained build operations Thread 3" [_thread_blocked, id=16328, stack(0x0000001779100000,0x0000001779200000)]
  0x0000018087dade00 JavaThread "Unconstrained build operations Thread 4" [_thread_blocked, id=14636, stack(0x0000001779200000,0x0000001779300000)]
  0x0000018087dab780 JavaThread "Unconstrained build operations Thread 5" [_thread_blocked, id=13656, stack(0x0000001779300000,0x0000001779400000)]
  0x0000018087dae2d0 JavaThread "Unconstrained build operations Thread 6" [_thread_blocked, id=7964, stack(0x0000001779400000,0x0000001779500000)]
  0x0000018087dae7a0 JavaThread "Unconstrained build operations Thread 7" [_thread_blocked, id=11924, stack(0x0000001779500000,0x0000001779600000)]
  0x000001808a4ae8c0 JavaThread "Unconstrained build operations Thread 8" [_thread_blocked, id=7912, stack(0x0000001779600000,0x0000001779700000)]
  0x000001808a4ae3f0 JavaThread "Unconstrained build operations Thread 9" [_thread_blocked, id=5588, stack(0x0000001779700000,0x0000001779800000)]
  0x000001808a4a7540 JavaThread "Unconstrained build operations Thread 10" [_thread_blocked, id=3620, stack(0x0000001779800000,0x0000001779900000)]
  0x000001808a4ab8a0 JavaThread "Unconstrained build operations Thread 11" [_thread_blocked, id=13536, stack(0x0000001779900000,0x0000001779a00000)]
  0x000001808a4a8880 JavaThread "Unconstrained build operations Thread 12" [_thread_blocked, id=960, stack(0x0000001779a00000,0x0000001779b00000)]
  0x000001808a4a96f0 JavaThread "Unconstrained build operations Thread 13" [_thread_blocked, id=11448, stack(0x0000001779b00000,0x0000001779c00000)]
  0x000001808a4a8d50 JavaThread "Unconstrained build operations Thread 14" [_thread_blocked, id=1952, stack(0x0000001779c00000,0x0000001779d00000)]
  0x000001808a4ac240 JavaThread "Unconstrained build operations Thread 15" [_thread_blocked, id=16104, stack(0x0000001779d00000,0x0000001779e00000)]
  0x000001808a4a9220 JavaThread "Unconstrained build operations Thread 16" [_thread_blocked, id=12640, stack(0x0000001779e00000,0x0000001779f00000)]
  0x000001808a4ada50 JavaThread "Unconstrained build operations Thread 17" [_thread_blocked, id=8656, stack(0x0000001779f00000,0x000000177a000000)]
  0x000001808a4a7070 JavaThread "Unconstrained build operations Thread 18" [_thread_blocked, id=5688, stack(0x000000177a000000,0x000000177a100000)]
  0x000001808a4a7a10 JavaThread "Unconstrained build operations Thread 19" [_thread_blocked, id=8424, stack(0x000000177a100000,0x000000177a200000)]
  0x000001808a4ac710 JavaThread "Unconstrained build operations Thread 20" [_thread_blocked, id=11560, stack(0x000000177a200000,0x000000177a300000)]
  0x000001808a4abd70 JavaThread "Unconstrained build operations Thread 21" [_thread_blocked, id=15552, stack(0x000000177a300000,0x000000177a400000)]
  0x000001808a4acbe0 JavaThread "Unconstrained build operations Thread 22" [_thread_blocked, id=16128, stack(0x000000177a400000,0x000000177a500000)]
  0x000001808a4a9bc0 JavaThread "Unconstrained build operations Thread 23" [_thread_blocked, id=1508, stack(0x000000177a500000,0x000000177a600000)]
  0x000001808a4ad0b0 JavaThread "Unconstrained build operations Thread 24" [_thread_blocked, id=15572, stack(0x000000177a600000,0x000000177a700000)]
  0x000001808a4adf20 JavaThread "Unconstrained build operations Thread 25" [_thread_blocked, id=12732, stack(0x000000177a700000,0x000000177a800000)]
  0x000001808a4ad580 JavaThread "Unconstrained build operations Thread 26" [_thread_blocked, id=908, stack(0x000000177a800000,0x000000177a900000)]
  0x000001808a4aa090 JavaThread "Unconstrained build operations Thread 27" [_thread_blocked, id=5860, stack(0x000000177a900000,0x000000177aa00000)]
  0x000001808a4aa560 JavaThread "Unconstrained build operations Thread 28" [_thread_blocked, id=7404, stack(0x000000177aa00000,0x000000177ab00000)]
  0x000001808a4aaa30 JavaThread "Unconstrained build operations Thread 29" [_thread_blocked, id=13220, stack(0x000000177ab00000,0x000000177ac00000)]
  0x000001808a4aaf00 JavaThread "Unconstrained build operations Thread 30" [_thread_blocked, id=6316, stack(0x000000177ac00000,0x000000177ad00000)]
  0x000001808a4a7ee0 JavaThread "Unconstrained build operations Thread 31" [_thread_blocked, id=14216, stack(0x000000177ad00000,0x000000177ae00000)]
  0x000001808a4a83b0 JavaThread "Unconstrained build operations Thread 32" [_thread_blocked, id=9844, stack(0x000000177ae00000,0x000000177af00000)]
  0x000001808a4ab3d0 JavaThread "Unconstrained build operations Thread 33" [_thread_blocked, id=15544, stack(0x000000177af00000,0x000000177b000000)]
  0x0000018089c4c590 JavaThread "Unconstrained build operations Thread 34" [_thread_blocked, id=16096, stack(0x000000177b000000,0x000000177b100000)]
  0x0000018089c4ca60 JavaThread "Unconstrained build operations Thread 35" [_thread_blocked, id=12528, stack(0x000000177b100000,0x000000177b200000)]
  0x0000018089c4cf30 JavaThread "Unconstrained build operations Thread 36" [_thread_blocked, id=1568, stack(0x000000177b200000,0x000000177b300000)]
  0x0000018089c4ff50 JavaThread "Unconstrained build operations Thread 37" [_thread_blocked, id=2184, stack(0x000000177b300000,0x000000177b400000)]
  0x0000018089c4d400 JavaThread "Unconstrained build operations Thread 38" [_thread_blocked, id=8864, stack(0x000000177b400000,0x000000177b500000)]
  0x0000018089c4f0e0 JavaThread "Unconstrained build operations Thread 39" [_thread_blocked, id=2868, stack(0x000000177b500000,0x000000177b600000)]
  0x0000018089c4e740 JavaThread "Unconstrained build operations Thread 40" [_thread_blocked, id=8124, stack(0x000000177b600000,0x000000177b700000)]
  0x0000018089c4d8d0 JavaThread "Unconstrained build operations Thread 41" [_thread_blocked, id=9196, stack(0x000000177b700000,0x000000177b800000)]
  0x0000018089c4dda0 JavaThread "Unconstrained build operations Thread 42" [_thread_blocked, id=4688, stack(0x000000177b800000,0x000000177b900000)]
  0x0000018089c4f5b0 JavaThread "Unconstrained build operations Thread 43" [_thread_blocked, id=2568, stack(0x000000177b900000,0x000000177ba00000)]
  0x0000018089c4e270 JavaThread "Unconstrained build operations Thread 44" [_thread_blocked, id=1976, stack(0x000000177ba00000,0x000000177bb00000)]
  0x0000018089c4ec10 JavaThread "Unconstrained build operations Thread 45" [_thread_blocked, id=4332, stack(0x000000177bb00000,0x000000177bc00000)]
  0x0000018089c4fa80 JavaThread "Unconstrained build operations Thread 46" [_thread_blocked, id=8080, stack(0x000000177bc00000,0x000000177bd00000)]
  0x000001808a762a20 JavaThread "Unconstrained build operations Thread 47" [_thread_blocked, id=15700, stack(0x000000177bd00000,0x000000177be00000)]
  0x000001808a762ef0 JavaThread "Unconstrained build operations Thread 48" [_thread_blocked, id=5460, stack(0x000000177be00000,0x000000177bf00000)]
  0x000001808a761bb0 JavaThread "Unconstrained build operations Thread 49" [_thread_blocked, id=14552, stack(0x000000177bf00000,0x000000177c000000)]
  0x000001808a7633c0 JavaThread "Unconstrained build operations Thread 50" [_thread_blocked, id=12292, stack(0x000000177c000000,0x000000177c100000)]
  0x000001808a7616e0 JavaThread "Unconstrained build operations Thread 51" [_thread_blocked, id=12876, stack(0x000000177c100000,0x000000177c200000)]
  0x000001808a764700 JavaThread "Unconstrained build operations Thread 52" [_thread_blocked, id=10716, stack(0x000000177c200000,0x000000177c300000)]
  0x000001808a764bd0 JavaThread "Unconstrained build operations Thread 53" [_thread_blocked, id=3204, stack(0x000000177c300000,0x000000177c400000)]
  0x000001808a763890 JavaThread "Unconstrained build operations Thread 54" [_thread_blocked, id=15400, stack(0x000000177c400000,0x000000177c500000)]
  0x000001808a7603a0 JavaThread "Unconstrained build operations Thread 55" [_thread_blocked, id=3952, stack(0x000000177c500000,0x000000177c600000)]
  0x000001808a75fed0 JavaThread "Unconstrained build operations Thread 56" [_thread_blocked, id=1660, stack(0x000000177c600000,0x000000177c700000)]
  0x000001808a762080 JavaThread "Unconstrained build operations Thread 57" [_thread_blocked, id=14868, stack(0x000000177c700000,0x000000177c800000)]
  0x000001808a760870 JavaThread "Unconstrained build operations Thread 58" [_thread_blocked, id=15680, stack(0x000000177c800000,0x000000177c900000)]
  0x000001808a761210 JavaThread "Unconstrained build operations Thread 59" [_thread_blocked, id=10516, stack(0x000000177c900000,0x000000177ca00000)]
  0x000001808a763d60 JavaThread "Unconstrained build operations Thread 60" [_thread_blocked, id=10292, stack(0x000000177ca00000,0x000000177cb00000)]
  0x000001808a75fa00 JavaThread "Unconstrained build operations Thread 61" [_thread_blocked, id=12776, stack(0x000000177cb00000,0x000000177cc00000)]
  0x000001808a764230 JavaThread "Unconstrained build operations Thread 62" [_thread_blocked, id=8188, stack(0x000000177cc00000,0x000000177cd00000)]
  0x000001808a762550 JavaThread "Unconstrained build operations Thread 63" [_thread_blocked, id=15456, stack(0x000000177cd00000,0x000000177ce00000)]
  0x000001808a7650a0 JavaThread "Unconstrained build operations Thread 64" [_thread_blocked, id=5852, stack(0x000000177ce00000,0x000000177cf00000)]
  0x000001808a765570 JavaThread "Unconstrained build operations Thread 65" [_thread_blocked, id=7708, stack(0x000000177cf00000,0x000000177d000000)]
  0x000001808a765a40 JavaThread "Unconstrained build operations Thread 66" [_thread_blocked, id=13704, stack(0x000000177d000000,0x000000177d100000)]
  0x000001808a760d40 JavaThread "Unconstrained build operations Thread 67" [_thread_blocked, id=9128, stack(0x000000177d100000,0x000000177d200000)]
  0x000001808a765f10 JavaThread "Unconstrained build operations Thread 68" [_thread_blocked, id=976, stack(0x000000177d200000,0x000000177d300000)]
  0x000001808a7663e0 JavaThread "Unconstrained build operations Thread 69" [_thread_blocked, id=3736, stack(0x000000177d300000,0x000000177d400000)]
  0x000001808a7668b0 JavaThread "Unconstrained build operations Thread 70" [_thread_blocked, id=13892, stack(0x000000177d400000,0x000000177d500000)]
  0x000001808a75f060 JavaThread "Unconstrained build operations Thread 71" [_thread_blocked, id=14296, stack(0x000000177d500000,0x000000177d600000)]
  0x000001808a75f530 JavaThread "Unconstrained build operations Thread 72" [_thread_blocked, id=2616, stack(0x000000177d600000,0x000000177d700000)]
  0x0000018087c18de0 JavaThread "Unconstrained build operations Thread 73" [_thread_blocked, id=11800, stack(0x000000177d700000,0x000000177d800000)]
  0x0000018087c158f0 JavaThread "Unconstrained build operations Thread 74" [_thread_blocked, id=664, stack(0x000000177d800000,0x000000177d900000)]
  0x0000018087c16c30 JavaThread "Unconstrained build operations Thread 75" [_thread_blocked, id=14860, stack(0x000000177d900000,0x000000177da00000)]
  0x0000018087c1be00 JavaThread "Unconstrained build operations Thread 76" [_thread_blocked, id=7604, stack(0x000000177da00000,0x000000177db00000)]
  0x0000018087c14a80 JavaThread "Unconstrained build operations Thread 77" [_thread_blocked, id=2740, stack(0x000000177db00000,0x000000177dc00000)]
  0x0000018087c17aa0 JavaThread "Unconstrained build operations Thread 78" [_thread_blocked, id=12764, stack(0x000000177dc00000,0x000000177dd00000)]
  0x0000018087c19c50 JavaThread "Unconstrained build operations Thread 79" [_thread_blocked, id=14280, stack(0x000000177dd00000,0x000000177de00000)]
  0x0000018087c17f70 JavaThread "Unconstrained build operations Thread 80" [_thread_blocked, id=13632, stack(0x000000177de00000,0x000000177df00000)]
  0x0000018087c17100 JavaThread "Memory manager" [_thread_blocked, id=13468, stack(0x000000177e100000,0x000000177e200000)]

Other Threads:
=>0x0000018084a32930 VMThread "VM Thread" [stack: 0x0000001775b00000,0x0000001775c00000] [id=4964]
  0x00000180eabcd130 WatcherThread [stack: 0x0000001776700000,0x0000001776800000] [id=7684]
  0x00000180eabaf190 GCTaskThread "GC Thread#0" [stack: 0x0000001775600000,0x0000001775700000] [id=12176]
  0x0000018085e19a40 GCTaskThread "GC Thread#1" [stack: 0x0000001776800000,0x0000001776900000] [id=11864]
  0x0000018085e1a250 GCTaskThread "GC Thread#2" [stack: 0x0000001776900000,0x0000001776a00000] [id=7292]
  0x0000018085e194e0 GCTaskThread "GC Thread#3" [stack: 0x0000001776a00000,0x0000001776b00000] [id=6224]
  0x0000018085e19230 GCTaskThread "GC Thread#4" [stack: 0x0000001776b00000,0x0000001776c00000] [id=12832]
  0x0000018085e1ad10 GCTaskThread "GC Thread#5" [stack: 0x0000001776d00000,0x0000001776e00000] [id=3044]
  0x0000018085e19790 GCTaskThread "GC Thread#6" [stack: 0x0000001776e00000,0x0000001776f00000] [id=16100]
  0x0000018085758fc0 GCTaskThread "GC Thread#7" [stack: 0x0000001776f00000,0x0000001777000000] [id=14104]
  0x00000180eabc01a0 ConcurrentGCThread "G1 Main Marker" [stack: 0x0000001775700000,0x0000001775800000] [id=4480]
  0x00000180eabc1350 ConcurrentGCThread "G1 Conc#0" [stack: 0x0000001775800000,0x0000001775900000] [id=11900]
  0x0000018085756a20 ConcurrentGCThread "G1 Conc#1" [stack: 0x0000001777b00000,0x0000001777c00000] [id=13444]
  0x00000180eac11b10 ConcurrentGCThread "G1 Refine#0" [stack: 0x0000001775900000,0x0000001775a00000] [id=776]
  0x00000180eac12530 ConcurrentGCThread "G1 Service" [stack: 0x0000001775a00000,0x0000001775b00000] [id=14064]

Threads with active compile tasks:
C2 CompilerThread0    52730 8155       4       sun.reflect.generics.parser.SignatureParser::parseFieldTypeSignature (73 bytes)

VM state: at safepoint (normal execution)

VM Mutex/Monitor currently owned by a thread:  ([mutex/lock_event])
[0x00000180eab4f090] Threads_lock - owner thread: 0x0000018084a32930
[0x00000180eab4fab0] Heap_lock - owner thread: 0x0000018086f12e70

Heap address: 0x0000000080000000, size: 2048 MB, Compressed Oops mode: 32-bit

CDS archive(s) not mapped
Compressed class space mapped at: 0x0000000100000000-0x0000000140000000, reserved size: 1073741824
Narrow klass base: 0x0000000000000000, Narrow klass shift: 3, Narrow klass range: 0x140000000

GC Precious Log:
 CPUs: 8 total, 8 available
 Memory: 3531M
 Large Page Support: Disabled
 NUMA Support: Disabled
 Compressed Oops: Enabled (32-bit)
 Heap Region Size: 1M
 Heap Min Capacity: 8M
 Heap Initial Capacity: 56M
 Heap Max Capacity: 2G
 Pre-touch: Disabled
 Parallel Workers: 8
 Concurrent Workers: 2
 Concurrent Refinement Workers: 8
 Periodic GC: Disabled

Heap:
 garbage-first heap   total 224256K, used 134186K [0x0000000080000000, 0x0000000100000000)
  region size 1024K, 1 young (1024K), 1 survivors (1024K)
 Metaspace       used 77929K, committed 78592K, reserved 1122304K
  class space    used 10463K, committed 10752K, reserved 1048576K

Heap Regions: E=young(eden), S=young(survivor), O=old, HS=humongous(starts), HC=humongous(continues), CS=collection set, F=free, OA=open archive, CA=closed archive, TAMS=top-at-mark-start (previous, next)
|   0|0x0000000080000000, 0x0000000080100000, 0x0000000080100000|100%| O|  |TAMS 0x0000000080100000, 0x0000000080000000| Untracked 
|   1|0x0000000080100000, 0x0000000080200000, 0x0000000080200000|100%| O|  |TAMS 0x0000000080200000, 0x0000000080100000| Untracked 
|   2|0x0000000080200000, 0x0000000080300000, 0x0000000080300000|100%| O|  |TAMS 0x0000000080300000, 0x0000000080200000| Untracked 
|   3|0x0000000080300000, 0x0000000080400000, 0x0000000080400000|100%|HS|  |TAMS 0x0000000080400000, 0x0000000080300000| Complete 
|   4|0x0000000080400000, 0x0000000080500000, 0x0000000080500000|100%|HC|  |TAMS 0x0000000080500000, 0x0000000080400000| Complete 
|   5|0x0000000080500000, 0x0000000080600000, 0x0000000080600000|100%|HC|  |TAMS 0x0000000080600000, 0x0000000080500000| Complete 
|   6|0x0000000080600000, 0x0000000080700000, 0x0000000080700000|100%| O|  |TAMS 0x0000000080700000, 0x0000000080600000| Untracked 
|   7|0x0000000080700000, 0x0000000080800000, 0x0000000080800000|100%| O|  |TAMS 0x0000000080800000, 0x0000000080700000| Untracked 
|   8|0x0000000080800000, 0x0000000080900000, 0x0000000080900000|100%| O|  |TAMS 0x0000000080900000, 0x0000000080800000| Untracked 
|   9|0x0000000080900000, 0x0000000080a00000, 0x0000000080a00000|100%| O|  |TAMS 0x0000000080a00000, 0x0000000080900000| Untracked 
|  10|0x0000000080a00000, 0x0000000080b00000, 0x0000000080b00000|100%| O|  |TAMS 0x0000000080b00000, 0x0000000080a00000| Untracked 
|  11|0x0000000080b00000, 0x0000000080c00000, 0x0000000080c00000|100%| O|  |TAMS 0x0000000080c00000, 0x0000000080b00000| Untracked 
|  12|0x0000000080c00000, 0x0000000080d00000, 0x0000000080d00000|100%| O|  |TAMS 0x0000000080d00000, 0x0000000080c00000| Untracked 
|  13|0x0000000080d00000, 0x0000000080e00000, 0x0000000080e00000|100%| O|  |TAMS 0x0000000080e00000, 0x0000000080d00000| Untracked 
|  14|0x0000000080e00000, 0x0000000080f00000, 0x0000000080f00000|100%| O|  |TAMS 0x0000000080f00000, 0x0000000080e00000| Untracked 
|  15|0x0000000080f00000, 0x0000000081000000, 0x0000000081000000|100%| O|  |TAMS 0x0000000081000000, 0x0000000080f00000| Untracked 
|  16|0x0000000081000000, 0x0000000081100000, 0x0000000081100000|100%| O|  |TAMS 0x0000000081100000, 0x0000000081000000| Untracked 
|  17|0x0000000081100000, 0x0000000081200000, 0x0000000081200000|100%| O|  |TAMS 0x0000000081200000, 0x0000000081100000| Untracked 
|  18|0x0000000081200000, 0x0000000081300000, 0x0000000081300000|100%| O|  |TAMS 0x0000000081300000, 0x0000000081200000| Untracked 
|  19|0x0000000081300000, 0x0000000081400000, 0x0000000081400000|100%| O|  |TAMS 0x0000000081400000, 0x0000000081300000| Untracked 
|  20|0x0000000081400000, 0x0000000081500000, 0x0000000081500000|100%|HS|  |TAMS 0x0000000081500000, 0x0000000081400000| Complete 
|  21|0x0000000081500000, 0x0000000081600000, 0x0000000081600000|100%|HC|  |TAMS 0x0000000081600000, 0x0000000081500000| Complete 
|  22|0x0000000081600000, 0x0000000081700000, 0x0000000081700000|100%|HS|  |TAMS 0x0000000081700000, 0x0000000081600000| Complete 
|  23|0x0000000081700000, 0x0000000081800000, 0x0000000081800000|100%|HC|  |TAMS 0x0000000081800000, 0x0000000081700000| Complete 
|  24|0x0000000081800000, 0x0000000081900000, 0x0000000081900000|100%|HC|  |TAMS 0x0000000081900000, 0x0000000081800000| Complete 
|  25|0x0000000081900000, 0x0000000081a00000, 0x0000000081a00000|100%|HS|  |TAMS 0x0000000081a00000, 0x0000000081900000| Complete 
|  26|0x0000000081a00000, 0x0000000081b00000, 0x0000000081b00000|100%|HC|  |TAMS 0x0000000081b00000, 0x0000000081a00000| Complete 
|  27|0x0000000081b00000, 0x0000000081c00000, 0x0000000081c00000|100%|HC|  |TAMS 0x0000000081c00000, 0x0000000081b00000| Complete 
|  28|0x0000000081c00000, 0x0000000081d00000, 0x0000000081d00000|100%| O|  |TAMS 0x0000000081d00000, 0x0000000081c00000| Untracked 
|  29|0x0000000081d00000, 0x0000000081e00000, 0x0000000081e00000|100%| O|  |TAMS 0x0000000081e00000, 0x0000000081d00000| Untracked 
|  30|0x0000000081e00000, 0x0000000081f00000, 0x0000000081f00000|100%|HS|  |TAMS 0x0000000081f00000, 0x0000000081e00000| Complete 
|  31|0x0000000081f00000, 0x0000000082000000, 0x0000000082000000|100%|HC|  |TAMS 0x0000000082000000, 0x0000000081f00000| Complete 
|  32|0x0000000082000000, 0x0000000082100000, 0x0000000082100000|100%|HS|  |TAMS 0x0000000082100000, 0x0000000082000000| Complete 
|  33|0x0000000082100000, 0x0000000082200000, 0x0000000082200000|100%|HC|  |TAMS 0x0000000082200000, 0x0000000082100000| Complete 
|  34|0x0000000082200000, 0x0000000082300000, 0x0000000082300000|100%|HC|  |TAMS 0x0000000082300000, 0x0000000082200000| Complete 
|  35|0x0000000082300000, 0x0000000082400000, 0x0000000082400000|100%|HC|  |TAMS 0x0000000082400000, 0x0000000082300000| Complete 
|  36|0x0000000082400000, 0x0000000082500000, 0x0000000082500000|100%|HC|  |TAMS 0x0000000082500000, 0x0000000082400000| Complete 
|  37|0x0000000082500000, 0x0000000082600000, 0x0000000082600000|100%|HC|  |TAMS 0x0000000082600000, 0x0000000082500000| Complete 
|  38|0x0000000082600000, 0x0000000082700000, 0x0000000082700000|100%|HC|  |TAMS 0x0000000082700000, 0x0000000082600000| Complete 
|  39|0x0000000082700000, 0x0000000082800000, 0x0000000082800000|100%|HC|  |TAMS 0x0000000082800000, 0x0000000082700000| Complete 
|  40|0x0000000082800000, 0x0000000082900000, 0x0000000082900000|100%|HC|  |TAMS 0x0000000082900000, 0x0000000082800000| Complete 
|  41|0x0000000082900000, 0x0000000082a00000, 0x0000000082a00000|100%|HC|  |TAMS 0x0000000082a00000, 0x0000000082900000| Complete 
|  42|0x0000000082a00000, 0x0000000082b00000, 0x0000000082b00000|100%| O|  |TAMS 0x0000000082a00000, 0x0000000082a00000| Untracked 
|  43|0x0000000082b00000, 0x0000000082c00000, 0x0000000082c00000|100%|HS|  |TAMS 0x0000000082c00000, 0x0000000082b00000| Complete 
|  44|0x0000000082c00000, 0x0000000082d00000, 0x0000000082d00000|100%|HC|  |TAMS 0x0000000082d00000, 0x0000000082c00000| Complete 
|  45|0x0000000082d00000, 0x0000000082e00000, 0x0000000082e00000|100%|HS|  |TAMS 0x0000000082e00000, 0x0000000082d00000| Complete 
|  46|0x0000000082e00000, 0x0000000082f00000, 0x0000000082f00000|100%|HC|  |TAMS 0x0000000082f00000, 0x0000000082e00000| Complete 
|  47|0x0000000082f00000, 0x0000000083000000, 0x0000000083000000|100%|HC|  |TAMS 0x0000000083000000, 0x0000000082f00000| Complete 
|  48|0x0000000083000000, 0x0000000083100000, 0x0000000083100000|100%|HC|  |TAMS 0x0000000083100000, 0x0000000083000000| Complete 
|  49|0x0000000083100000, 0x0000000083200000, 0x0000000083200000|100%|HC|  |TAMS 0x0000000083200000, 0x0000000083100000| Complete 
|  50|0x0000000083200000, 0x0000000083300000, 0x0000000083300000|100%|HC|  |TAMS 0x0000000083300000, 0x0000000083200000| Complete 
|  51|0x0000000083300000, 0x0000000083400000, 0x0000000083400000|100%|HS|  |TAMS 0x0000000083400000, 0x0000000083300000| Complete 
|  52|0x0000000083400000, 0x0000000083500000, 0x0000000083500000|100%| O|  |TAMS 0x0000000083500000, 0x0000000083400000| Untracked 
|  53|0x0000000083500000, 0x0000000083600000, 0x0000000083600000|100%|HS|  |TAMS 0x0000000083600000, 0x0000000083500000| Complete 
|  54|0x0000000083600000, 0x0000000083700000, 0x0000000083700000|100%| O|  |TAMS 0x0000000083700000, 0x0000000083600000| Untracked 
|  55|0x0000000083700000, 0x0000000083800000, 0x0000000083800000|100%| O|  |TAMS 0x0000000083800000, 0x0000000083700000| Untracked 
|  56|0x0000000083800000, 0x0000000083900000, 0x0000000083900000|100%| O|  |TAMS 0x0000000083900000, 0x0000000083800000| Untracked 
|  57|0x0000000083900000, 0x0000000083a00000, 0x0000000083a00000|100%| O|  |TAMS 0x0000000083a00000, 0x0000000083900000| Untracked 
|  58|0x0000000083a00000, 0x0000000083b00000, 0x0000000083b00000|100%| O|  |TAMS 0x0000000083b00000, 0x0000000083a00000| Untracked 
|  59|0x0000000083b00000, 0x0000000083c00000, 0x0000000083c00000|100%|HS|  |TAMS 0x0000000083c00000, 0x0000000083b00000| Complete 
|  60|0x0000000083c00000, 0x0000000083d00000, 0x0000000083d00000|100%|HC|  |TAMS 0x0000000083d00000, 0x0000000083c00000| Complete 
|  61|0x0000000083d00000, 0x0000000083e00000, 0x0000000083e00000|100%|HC|  |TAMS 0x0000000083e00000, 0x0000000083d00000| Complete 
|  62|0x0000000083e00000, 0x0000000083f00000, 0x0000000083f00000|100%| O|  |TAMS 0x0000000083f00000, 0x0000000083e00000| Untracked 
|  63|0x0000000083f00000, 0x0000000084000000, 0x0000000084000000|100%| O|  |TAMS 0x0000000084000000, 0x0000000083f00000| Untracked 
|  64|0x0000000084000000, 0x0000000084100000, 0x0000000084100000|100%| O|  |TAMS 0x0000000084100000, 0x0000000084000000| Untracked 
|  65|0x0000000084100000, 0x0000000084200000, 0x0000000084200000|100%|HS|  |TAMS 0x0000000084200000, 0x0000000084100000| Complete 
|  66|0x0000000084200000, 0x0000000084300000, 0x0000000084300000|100%|HC|  |TAMS 0x0000000084300000, 0x0000000084200000| Complete 
|  67|0x0000000084300000, 0x0000000084400000, 0x0000000084400000|100%|HC|  |TAMS 0x0000000084400000, 0x0000000084300000| Complete 
|  68|0x0000000084400000, 0x0000000084500000, 0x0000000084500000|100%|HC|  |TAMS 0x0000000084500000, 0x0000000084400000| Complete 
|  69|0x0000000084500000, 0x0000000084600000, 0x0000000084600000|100%|HC|  |TAMS 0x0000000084600000, 0x0000000084500000| Complete 
|  70|0x0000000084600000, 0x0000000084700000, 0x0000000084700000|100%|HC|  |TAMS 0x0000000084700000, 0x0000000084600000| Complete 
|  71|0x0000000084700000, 0x0000000084800000, 0x0000000084800000|100%|HC|  |TAMS 0x0000000084800000, 0x0000000084700000| Complete 
|  72|0x0000000084800000, 0x0000000084900000, 0x0000000084900000|100%|HC|  |TAMS 0x0000000084900000, 0x0000000084800000| Complete 
|  73|0x0000000084900000, 0x0000000084a00000, 0x0000000084a00000|100%|HC|  |TAMS 0x0000000084a00000, 0x0000000084900000| Complete 
|  74|0x0000000084a00000, 0x0000000084b00000, 0x0000000084b00000|100%|HC|  |TAMS 0x0000000084b00000, 0x0000000084a00000| Complete 
|  75|0x0000000084b00000, 0x0000000084c00000, 0x0000000084c00000|100%|HC|  |TAMS 0x0000000084c00000, 0x0000000084b00000| Complete 
|  76|0x0000000084c00000, 0x0000000084d00000, 0x0000000084d00000|100%|HS|  |TAMS 0x0000000084d00000, 0x0000000084c00000| Complete 
|  77|0x0000000084d00000, 0x0000000084e00000, 0x0000000084e00000|100%|HC|  |TAMS 0x0000000084e00000, 0x0000000084d00000| Complete 
|  78|0x0000000084e00000, 0x0000000084f00000, 0x0000000084f00000|100%|HS|  |TAMS 0x0000000084f00000, 0x0000000084e00000| Complete 
|  79|0x0000000084f00000, 0x0000000085000000, 0x0000000085000000|100%|HC|  |TAMS 0x0000000085000000, 0x0000000084f00000| Complete 
|  80|0x0000000085000000, 0x0000000085100000, 0x0000000085100000|100%|HC|  |TAMS 0x0000000085100000, 0x0000000085000000| Complete 
|  81|0x0000000085100000, 0x0000000085200000, 0x0000000085200000|100%|HS|  |TAMS 0x0000000085200000, 0x0000000085100000| Complete 
|  82|0x0000000085200000, 0x0000000085300000, 0x0000000085300000|100%|HC|  |TAMS 0x0000000085300000, 0x0000000085200000| Complete 
|  83|0x0000000085300000, 0x0000000085400000, 0x0000000085400000|100%| O|  |TAMS 0x0000000085400000, 0x0000000085300000| Untracked 
|  84|0x0000000085400000, 0x0000000085500000, 0x0000000085500000|100%| O|  |TAMS 0x0000000085500000, 0x0000000085400000| Untracked 
|  85|0x0000000085500000, 0x0000000085600000, 0x0000000085600000|100%|HS|  |TAMS 0x0000000085600000, 0x0000000085500000| Complete 
|  86|0x0000000085600000, 0x0000000085700000, 0x0000000085700000|100%| O|  |TAMS 0x0000000085700000, 0x0000000085600000| Untracked 
|  87|0x0000000085700000, 0x0000000085800000, 0x0000000085800000|100%| O|  |TAMS 0x0000000085800000, 0x0000000085700000| Untracked 
|  88|0x0000000085800000, 0x0000000085900000, 0x0000000085900000|100%| O|  |TAMS 0x0000000085900000, 0x0000000085800000| Untracked 
|  89|0x0000000085900000, 0x0000000085a00000, 0x0000000085a00000|100%|HS|  |TAMS 0x0000000085a00000, 0x0000000085900000| Complete 
|  90|0x0000000085a00000, 0x0000000085b00000, 0x0000000085b00000|100%|HC|  |TAMS 0x0000000085b00000, 0x0000000085a00000| Complete 
|  91|0x0000000085b00000, 0x0000000085c00000, 0x0000000085c00000|100%|HC|  |TAMS 0x0000000085c00000, 0x0000000085b00000| Complete 
|  92|0x0000000085c00000, 0x0000000085d00000, 0x0000000085d00000|100%|HC|  |TAMS 0x0000000085d00000, 0x0000000085c00000| Complete 
|  93|0x0000000085d00000, 0x0000000085e00000, 0x0000000085e00000|100%|HC|  |TAMS 0x0000000085e00000, 0x0000000085d00000| Complete 
|  94|0x0000000085e00000, 0x0000000085f00000, 0x0000000085f00000|100%|HC|  |TAMS 0x0000000085f00000, 0x0000000085e00000| Complete 
|  95|0x0000000085f00000, 0x0000000086000000, 0x0000000086000000|100%| O|  |TAMS 0x0000000086000000, 0x0000000085f00000| Untracked 
|  96|0x0000000086000000, 0x0000000086100000, 0x0000000086100000|100%| O|  |TAMS 0x0000000086100000, 0x0000000086000000| Untracked 
|  97|0x0000000086100000, 0x0000000086200000, 0x0000000086200000|100%| O|  |TAMS 0x0000000086200000, 0x0000000086100000| Untracked 
|  98|0x0000000086200000, 0x0000000086300000, 0x0000000086300000|100%| O|  |TAMS 0x0000000086300000, 0x0000000086200000| Untracked 
|  99|0x0000000086300000, 0x0000000086400000, 0x0000000086400000|100%|HS|  |TAMS 0x0000000086400000, 0x0000000086300000| Complete 
| 100|0x0000000086400000, 0x0000000086500000, 0x0000000086500000|100%|HS|  |TAMS 0x0000000086500000, 0x0000000086400000| Complete 
| 101|0x0000000086500000, 0x0000000086600000, 0x0000000086600000|100%|HS|  |TAMS 0x0000000086600000, 0x0000000086500000| Complete 
| 102|0x0000000086600000, 0x0000000086700000, 0x0000000086700000|100%|HC|  |TAMS 0x0000000086700000, 0x0000000086600000| Complete 
| 103|0x0000000086700000, 0x0000000086800000, 0x0000000086800000|100%|HC|  |TAMS 0x0000000086800000, 0x0000000086700000| Complete 
| 104|0x0000000086800000, 0x0000000086900000, 0x0000000086900000|100%|HC|  |TAMS 0x0000000086900000, 0x0000000086800000| Complete 
| 105|0x0000000086900000, 0x0000000086a00000, 0x0000000086a00000|100%| O|  |TAMS 0x0000000086a00000, 0x0000000086900000| Untracked 
| 106|0x0000000086a00000, 0x0000000086b00000, 0x0000000086b00000|100%| O|  |TAMS 0x0000000086b00000, 0x0000000086a00000| Untracked 
| 107|0x0000000086b00000, 0x0000000086c00000, 0x0000000086c00000|100%| O|  |TAMS 0x0000000086c00000, 0x0000000086b00000| Untracked 
| 108|0x0000000086c00000, 0x0000000086d00000, 0x0000000086d00000|100%| O|  |TAMS 0x0000000086d00000, 0x0000000086c00000| Untracked 
| 109|0x0000000086d00000, 0x0000000086e00000, 0x0000000086e00000|100%| O|  |TAMS 0x0000000086e00000, 0x0000000086d00000| Untracked 
| 110|0x0000000086e00000, 0x0000000086f00000, 0x0000000086f00000|100%| O|  |TAMS 0x0000000086f00000, 0x0000000086e00000| Untracked 
| 111|0x0000000086f00000, 0x0000000087000000, 0x0000000087000000|100%| O|  |TAMS 0x0000000087000000, 0x0000000086f00000| Untracked 
| 112|0x0000000087000000, 0x0000000087100000, 0x0000000087100000|100%| O|  |TAMS 0x0000000087100000, 0x0000000087000000| Untracked 
| 113|0x0000000087100000, 0x0000000087100000, 0x0000000087200000|  0%| F|  |TAMS 0x0000000087100000, 0x0000000087100000| Untracked 
| 114|0x0000000087200000, 0x0000000087300000, 0x0000000087300000|100%| O|  |TAMS 0x0000000087300000, 0x0000000087200000| Untracked 
| 115|0x0000000087300000, 0x0000000087400000, 0x0000000087400000|100%| O|  |TAMS 0x0000000087400000, 0x0000000087300000| Untracked 
| 116|0x0000000087400000, 0x0000000087500000, 0x0000000087500000|100%| O|  |TAMS 0x0000000087500000, 0x0000000087400000| Untracked 
| 117|0x0000000087500000, 0x0000000087600000, 0x0000000087600000|100%| O|  |TAMS 0x0000000087600000, 0x0000000087500000| Untracked 
| 118|0x0000000087600000, 0x0000000087700000, 0x0000000087700000|100%| O|  |TAMS 0x0000000087700000, 0x0000000087600000| Untracked 
| 119|0x0000000087700000, 0x0000000087800000, 0x0000000087800000|100%| O|  |TAMS 0x0000000087800000, 0x0000000087700000| Untracked 
| 120|0x0000000087800000, 0x0000000087900000, 0x0000000087900000|100%| O|  |TAMS 0x0000000087900000, 0x0000000087800000| Untracked 
| 121|0x0000000087900000, 0x0000000087a00000, 0x0000000087a00000|100%| O|  |TAMS 0x0000000087a00000, 0x0000000087900000| Untracked 
| 122|0x0000000087a00000, 0x0000000087b00000, 0x0000000087b00000|100%| O|  |TAMS 0x0000000087a47400, 0x0000000087a00000| Untracked 
| 123|0x0000000087b00000, 0x0000000087c00000, 0x0000000087c00000|100%| O|  |TAMS 0x0000000087b00000, 0x0000000087b00000| Untracked 
| 124|0x0000000087c00000, 0x0000000087d00000, 0x0000000087d00000|100%| O|  |TAMS 0x0000000087c00000, 0x0000000087c00000| Untracked 
| 125|0x0000000087d00000, 0x0000000087e00000, 0x0000000087e00000|100%| O|  |TAMS 0x0000000087d00000, 0x0000000087d00000| Untracked 
| 126|0x0000000087e00000, 0x0000000087f00000, 0x0000000087f00000|100%| O|  |TAMS 0x0000000087e00000, 0x0000000087e00000| Untracked 
| 127|0x0000000087f00000, 0x0000000088000000, 0x0000000088000000|100%| O|  |TAMS 0x0000000087f00000, 0x0000000087f00000| Untracked 
| 128|0x0000000088000000, 0x0000000088100000, 0x0000000088100000|100%| O|  |TAMS 0x0000000088000000, 0x0000000088000000| Untracked 
| 129|0x0000000088100000, 0x0000000088200000, 0x0000000088200000|100%| O|  |TAMS 0x0000000088100000, 0x0000000088100000| Untracked 
| 130|0x0000000088200000, 0x0000000088300000, 0x0000000088300000|100%| O|  |TAMS 0x0000000088200000, 0x0000000088200000| Untracked 
| 131|0x0000000088300000, 0x000000008833cc00, 0x0000000088400000| 23%| O|  |TAMS 0x0000000088300000, 0x0000000088300000| Untracked 
| 132|0x0000000088400000, 0x0000000088400000, 0x0000000088500000|  0%| F|  |TAMS 0x0000000088400000, 0x0000000088400000| Untracked 
| 133|0x0000000088500000, 0x0000000088500000, 0x0000000088600000|  0%| F|  |TAMS 0x0000000088500000, 0x0000000088500000| Untracked 
| 134|0x0000000088600000, 0x0000000088600000, 0x0000000088700000|  0%| F|  |TAMS 0x0000000088600000, 0x0000000088600000| Untracked 
| 135|0x0000000088700000, 0x0000000088700000, 0x0000000088800000|  0%| F|  |TAMS 0x0000000088700000, 0x0000000088700000| Untracked 
| 136|0x0000000088800000, 0x0000000088800000, 0x0000000088900000|  0%| F|  |TAMS 0x0000000088800000, 0x0000000088800000| Untracked 
| 137|0x0000000088900000, 0x0000000088900000, 0x0000000088a00000|  0%| F|  |TAMS 0x0000000088900000, 0x0000000088900000| Untracked 
| 138|0x0000000088a00000, 0x0000000088a00000, 0x0000000088b00000|  0%| F|  |TAMS 0x0000000088a00000, 0x0000000088a00000| Untracked 
| 139|0x0000000088b00000, 0x0000000088b00000, 0x0000000088c00000|  0%| F|  |TAMS 0x0000000088b00000, 0x0000000088b00000| Untracked 
| 140|0x0000000088c00000, 0x0000000088c00000, 0x0000000088d00000|  0%| F|  |TAMS 0x0000000088c00000, 0x0000000088c00000| Untracked 
| 141|0x0000000088d00000, 0x0000000088d00000, 0x0000000088e00000|  0%| F|  |TAMS 0x0000000088d00000, 0x0000000088d00000| Untracked 
| 142|0x0000000088e00000, 0x0000000088e00000, 0x0000000088f00000|  0%| F|  |TAMS 0x0000000088e00000, 0x0000000088e00000| Untracked 
| 143|0x0000000088f00000, 0x0000000088f00000, 0x0000000089000000|  0%| F|  |TAMS 0x0000000088f00000, 0x0000000088f00000| Untracked 
| 144|0x0000000089000000, 0x0000000089000000, 0x0000000089100000|  0%| F|  |TAMS 0x0000000089000000, 0x0000000089000000| Untracked 
| 145|0x0000000089100000, 0x0000000089100000, 0x0000000089200000|  0%| F|  |TAMS 0x0000000089100000, 0x0000000089100000| Untracked 
| 146|0x0000000089200000, 0x0000000089200000, 0x0000000089300000|  0%| F|  |TAMS 0x0000000089200000, 0x0000000089200000| Untracked 
| 147|0x0000000089300000, 0x0000000089300000, 0x0000000089400000|  0%| F|  |TAMS 0x0000000089300000, 0x0000000089300000| Untracked 
| 148|0x0000000089400000, 0x0000000089400000, 0x0000000089500000|  0%| F|  |TAMS 0x0000000089400000, 0x0000000089400000| Untracked 
| 149|0x0000000089500000, 0x0000000089500000, 0x0000000089600000|  0%| F|  |TAMS 0x0000000089500000, 0x0000000089500000| Untracked 
| 150|0x0000000089600000, 0x0000000089600000, 0x0000000089700000|  0%| F|  |TAMS 0x0000000089600000, 0x0000000089600000| Untracked 
| 151|0x0000000089700000, 0x0000000089700000, 0x0000000089800000|  0%| F|  |TAMS 0x0000000089700000, 0x0000000089700000| Untracked 
| 152|0x0000000089800000, 0x0000000089800000, 0x0000000089900000|  0%| F|  |TAMS 0x0000000089800000, 0x0000000089800000| Untracked 
| 153|0x0000000089900000, 0x0000000089900000, 0x0000000089a00000|  0%| F|  |TAMS 0x0000000089900000, 0x0000000089900000| Untracked 
| 154|0x0000000089a00000, 0x0000000089a00000, 0x0000000089b00000|  0%| F|  |TAMS 0x0000000089a00000, 0x0000000089a00000| Untracked 
| 155|0x0000000089b00000, 0x0000000089b00000, 0x0000000089c00000|  0%| F|  |TAMS 0x0000000089b00000, 0x0000000089b00000| Untracked 
| 156|0x0000000089c00000, 0x0000000089c00000, 0x0000000089d00000|  0%| F|  |TAMS 0x0000000089c00000, 0x0000000089c00000| Untracked 
| 157|0x0000000089d00000, 0x0000000089d00000, 0x0000000089e00000|  0%| F|  |TAMS 0x0000000089d00000, 0x0000000089d00000| Untracked 
| 158|0x0000000089e00000, 0x0000000089e00000, 0x0000000089f00000|  0%| F|  |TAMS 0x0000000089e00000, 0x0000000089e00000| Untracked 
| 159|0x0000000089f00000, 0x0000000089f00000, 0x000000008a000000|  0%| F|  |TAMS 0x0000000089f00000, 0x0000000089f00000| Untracked 
| 160|0x000000008a000000, 0x000000008a000000, 0x000000008a100000|  0%| F|  |TAMS 0x000000008a000000, 0x000000008a000000| Untracked 
| 161|0x000000008a100000, 0x000000008a100000, 0x000000008a200000|  0%| F|  |TAMS 0x000000008a100000, 0x000000008a100000| Untracked 
| 162|0x000000008a200000, 0x000000008a200000, 0x000000008a300000|  0%| F|  |TAMS 0x000000008a200000, 0x000000008a200000| Untracked 
| 163|0x000000008a300000, 0x000000008a300000, 0x000000008a400000|  0%| F|  |TAMS 0x000000008a300000, 0x000000008a300000| Untracked 
| 164|0x000000008a400000, 0x000000008a400000, 0x000000008a500000|  0%| F|  |TAMS 0x000000008a400000, 0x000000008a400000| Untracked 
| 165|0x000000008a500000, 0x000000008a500000, 0x000000008a600000|  0%| F|  |TAMS 0x000000008a500000, 0x000000008a500000| Untracked 
| 166|0x000000008a600000, 0x000000008a600000, 0x000000008a700000|  0%| F|  |TAMS 0x000000008a600000, 0x000000008a600000| Untracked 
| 167|0x000000008a700000, 0x000000008a700000, 0x000000008a800000|  0%| F|  |TAMS 0x000000008a700000, 0x000000008a700000| Untracked 
| 168|0x000000008a800000, 0x000000008a800000, 0x000000008a900000|  0%| F|  |TAMS 0x000000008a800000, 0x000000008a800000| Untracked 
| 169|0x000000008a900000, 0x000000008a900000, 0x000000008aa00000|  0%| F|  |TAMS 0x000000008a900000, 0x000000008a900000| Untracked 
| 170|0x000000008aa00000, 0x000000008aa00000, 0x000000008ab00000|  0%| F|  |TAMS 0x000000008aa00000, 0x000000008aa00000| Untracked 
| 171|0x000000008ab00000, 0x000000008ab00000, 0x000000008ac00000|  0%| F|  |TAMS 0x000000008ab00000, 0x000000008ab00000| Untracked 
| 172|0x000000008ac00000, 0x000000008ac00000, 0x000000008ad00000|  0%| F|  |TAMS 0x000000008ac00000, 0x000000008ac00000| Untracked 
| 173|0x000000008ad00000, 0x000000008ad00000, 0x000000008ae00000|  0%| F|  |TAMS 0x000000008ad00000, 0x000000008ad00000| Untracked 
| 174|0x000000008ae00000, 0x000000008ae00000, 0x000000008af00000|  0%| F|  |TAMS 0x000000008ae00000, 0x000000008ae00000| Untracked 
| 175|0x000000008af00000, 0x000000008af00000, 0x000000008b000000|  0%| F|  |TAMS 0x000000008af00000, 0x000000008af00000| Untracked 
| 176|0x000000008b000000, 0x000000008b000000, 0x000000008b100000|  0%| F|  |TAMS 0x000000008b000000, 0x000000008b000000| Untracked 
| 177|0x000000008b100000, 0x000000008b100000, 0x000000008b200000|  0%| F|  |TAMS 0x000000008b100000, 0x000000008b100000| Untracked 
| 178|0x000000008b200000, 0x000000008b200000, 0x000000008b300000|  0%| F|  |TAMS 0x000000008b200000, 0x000000008b200000| Untracked 
| 179|0x000000008b300000, 0x000000008b300000, 0x000000008b400000|  0%| F|  |TAMS 0x000000008b300000, 0x000000008b300000| Untracked 
| 180|0x000000008b400000, 0x000000008b400000, 0x000000008b500000|  0%| F|  |TAMS 0x000000008b400000, 0x000000008b400000| Untracked 
| 181|0x000000008b500000, 0x000000008b500000, 0x000000008b600000|  0%| F|  |TAMS 0x000000008b500000, 0x000000008b500000| Untracked 
| 182|0x000000008b600000, 0x000000008b600000, 0x000000008b700000|  0%| F|  |TAMS 0x000000008b600000, 0x000000008b600000| Untracked 
| 183|0x000000008b700000, 0x000000008b700000, 0x000000008b800000|  0%| F|  |TAMS 0x000000008b700000, 0x000000008b700000| Untracked 
| 184|0x000000008b800000, 0x000000008b800000, 0x000000008b900000|  0%| F|  |TAMS 0x000000008b800000, 0x000000008b800000| Untracked 
| 185|0x000000008b900000, 0x000000008b900000, 0x000000008ba00000|  0%| F|  |TAMS 0x000000008b900000, 0x000000008b900000| Untracked 
| 186|0x000000008ba00000, 0x000000008ba00000, 0x000000008bb00000|  0%| F|  |TAMS 0x000000008ba00000, 0x000000008ba00000| Untracked 
| 187|0x000000008bb00000, 0x000000008bb00000, 0x000000008bc00000|  0%| F|  |TAMS 0x000000008bb00000, 0x000000008bb00000| Untracked 
| 188|0x000000008bc00000, 0x000000008bc00000, 0x000000008bd00000|  0%| F|  |TAMS 0x000000008bc00000, 0x000000008bc00000| Untracked 
| 189|0x000000008bd00000, 0x000000008bd00000, 0x000000008be00000|  0%| F|  |TAMS 0x000000008bd00000, 0x000000008bd00000| Untracked 
| 190|0x000000008be00000, 0x000000008be00000, 0x000000008bf00000|  0%| F|  |TAMS 0x000000008be00000, 0x000000008be00000| Untracked 
| 191|0x000000008bf00000, 0x000000008bf00000, 0x000000008c000000|  0%| F|  |TAMS 0x000000008bf00000, 0x000000008bf00000| Untracked 
| 192|0x000000008c000000, 0x000000008c000000, 0x000000008c100000|  0%| F|  |TAMS 0x000000008c000000, 0x000000008c000000| Untracked 
| 193|0x000000008c100000, 0x000000008c100000, 0x000000008c200000|  0%| F|  |TAMS 0x000000008c100000, 0x000000008c100000| Untracked 
| 194|0x000000008c200000, 0x000000008c200000, 0x000000008c300000|  0%| F|  |TAMS 0x000000008c200000, 0x000000008c200000| Untracked 
| 195|0x000000008c300000, 0x000000008c300000, 0x000000008c400000|  0%| F|  |TAMS 0x000000008c300000, 0x000000008c300000| Untracked 
| 196|0x000000008c400000, 0x000000008c400000, 0x000000008c500000|  0%| F|  |TAMS 0x000000008c400000, 0x000000008c400000| Untracked 
| 197|0x000000008c500000, 0x000000008c500000, 0x000000008c600000|  0%| F|  |TAMS 0x000000008c500000, 0x000000008c500000| Untracked 
| 198|0x000000008c600000, 0x000000008c600000, 0x000000008c700000|  0%| F|  |TAMS 0x000000008c600000, 0x000000008c600000| Untracked 
| 199|0x000000008c700000, 0x000000008c700000, 0x000000008c800000|  0%| F|  |TAMS 0x000000008c700000, 0x000000008c700000| Untracked 
| 200|0x000000008c800000, 0x000000008c800000, 0x000000008c900000|  0%| F|  |TAMS 0x000000008c800000, 0x000000008c800000| Untracked 
| 201|0x000000008c900000, 0x000000008c900000, 0x000000008ca00000|  0%| F|  |TAMS 0x000000008c900000, 0x000000008c900000| Untracked 
| 202|0x000000008ca00000, 0x000000008ca00000, 0x000000008cb00000|  0%| F|  |TAMS 0x000000008ca00000, 0x000000008ca00000| Untracked 
| 203|0x000000008cb00000, 0x000000008cb00000, 0x000000008cc00000|  0%| F|  |TAMS 0x000000008cb00000, 0x000000008cb00000| Untracked 
| 204|0x000000008cc00000, 0x000000008cc00000, 0x000000008cd00000|  0%| F|  |TAMS 0x000000008cc00000, 0x000000008cc00000| Untracked 
| 205|0x000000008cd00000, 0x000000008cd00000, 0x000000008ce00000|  0%| F|  |TAMS 0x000000008cd00000, 0x000000008cd00000| Untracked 
| 206|0x000000008ce00000, 0x000000008ce00000, 0x000000008cf00000|  0%| F|  |TAMS 0x000000008ce00000, 0x000000008ce00000| Untracked 
| 207|0x000000008cf00000, 0x000000008cf00000, 0x000000008d000000|  0%| F|  |TAMS 0x000000008cf00000, 0x000000008cf00000| Untracked 
| 208|0x000000008d000000, 0x000000008d000000, 0x000000008d100000|  0%| F|  |TAMS 0x000000008d000000, 0x000000008d000000| Untracked 
| 209|0x000000008d100000, 0x000000008d100000, 0x000000008d200000|  0%| F|  |TAMS 0x000000008d100000, 0x000000008d100000| Untracked 
| 210|0x000000008d200000, 0x000000008d200000, 0x000000008d300000|  0%| F|  |TAMS 0x000000008d200000, 0x000000008d200000| Untracked 
| 211|0x000000008d300000, 0x000000008d3cdfe0, 0x000000008d400000| 80%| S|CS|TAMS 0x000000008d300000, 0x000000008d300000| Complete 
| 212|0x000000008d400000, 0x000000008d400000, 0x000000008d500000|  0%| F|  |TAMS 0x000000008d400000, 0x000000008d400000| Untracked 
| 213|0x000000008d500000, 0x000000008d500000, 0x000000008d600000|  0%| F|  |TAMS 0x000000008d500000, 0x000000008d500000| Untracked 
| 214|0x000000008d600000, 0x000000008d600000, 0x000000008d700000|  0%| F|  |TAMS 0x000000008d600000, 0x000000008d600000| Untracked 
| 215|0x000000008d700000, 0x000000008d700000, 0x000000008d800000|  0%| F|  |TAMS 0x000000008d700000, 0x000000008d700000| Untracked 
| 216|0x000000008d800000, 0x000000008d800000, 0x000000008d900000|  0%| F|  |TAMS 0x000000008d800000, 0x000000008d800000| Untracked 
| 217|0x000000008d900000, 0x000000008d900000, 0x000000008da00000|  0%| F|  |TAMS 0x000000008d900000, 0x000000008d900000| Untracked 
| 218|0x000000008da00000, 0x000000008da00000, 0x000000008db00000|  0%| F|  |TAMS 0x000000008da00000, 0x000000008da00000| Untracked 

Card table byte_map: [0x00000180fd750000,0x00000180fdb50000] _byte_map_base: 0x00000180fd350000

Marking Bits (Prev, Next): (CMBitMap*) 0x00000180eabaf7e0, (CMBitMap*) 0x00000180eabaf7a0
 Prev Bits: [0x0000018080000000, 0x0000018082000000)
 Next Bits: [0x00000180fdf50000, 0x00000180fff50000)

Polling page: 0x00000180e8b20000

Metaspace:

Usage:
  Non-class:     65.88 MB used.
      Class:     10.22 MB used.
       Both:     76.10 MB used.

Virtual space:
  Non-class space:       72.00 MB reserved,      66.25 MB ( 92%) committed,  9 nodes.
      Class space:        1.00 GB reserved,      10.50 MB (  1%) committed,  1 nodes.
             Both:        1.07 GB reserved,      76.75 MB (  7%) committed. 

Chunk freelists:
   Non-Class:  960.00 KB
       Class:  1.35 MB
        Both:  2.28 MB

MaxMetaspaceSize: unlimited
CompressedClassSpaceSize: 1.00 GB
Initial GC threshold: 21.00 MB
Current GC threshold: 119.19 MB
CDS: off
MetaspaceReclaimPolicy: balanced
 - commit_granule_bytes: 65536.
 - commit_granule_words: 8192.
 - virtual_space_node_default_size: 1048576.
 - enlarge_chunks_in_place: 1.
 - new_chunks_are_fully_committed: 0.
 - uncommit_free_chunks: 1.
 - use_allocation_guard: 0.
 - handle_deallocations: 1.


Internal statistics:

num_allocs_failed_limit: 3.
num_arena_births: 716.
num_arena_deaths: 0.
num_vsnodes_births: 10.
num_vsnodes_deaths: 0.
num_space_committed: 1228.
num_space_uncommitted: 0.
num_chunks_returned_to_freelist: 3.
num_chunks_taken_from_freelist: 3430.
num_chunk_merges: 3.
num_chunk_splits: 2267.
num_chunks_enlarged: 1545.
num_purges: 0.
num_inconsistent_stats: 0.

CodeHeap 'non-profiled nmethods': size=120000Kb used=4227Kb max_used=4227Kb free=115772Kb
 bounds [0x00000180f5af0000, 0x00000180f5f20000, 0x00000180fd020000]
CodeHeap 'profiled nmethods': size=120000Kb used=14334Kb max_used=14334Kb free=105665Kb
 bounds [0x00000180ee020000, 0x00000180eee20000, 0x00000180f5550000]
CodeHeap 'non-nmethods': size=5760Kb used=2364Kb max_used=2408Kb free=3395Kb
 bounds [0x00000180f5550000, 0x00000180f57c0000, 0x00000180f5af0000]
 total_blobs=8071 nmethods=7176 adapters=807
 compilation: enabled
              stopped_count=0, restarted_count=0
 full_count=0

Compilation events (20 events):
Event: 52.262 Thread 0x000001808541e640 8165       3       org.gradle.api.internal.provider.AbstractProperty::attachOwner (6 bytes)
Event: 52.262 Thread 0x000001808541e640 nmethod 8165 0x00000180eee1a810 code [0x00000180eee1a9a0, 0x00000180eee1aaf8]
Event: 52.275 Thread 0x000001808541bc40 nmethod 8154 0x00000180f5f0f910 code [0x00000180f5f0fac0, 0x00000180f5f10508]
Event: 52.275 Thread 0x000001808541bc40 8153       4       org.gradle.internal.service.DefaultServiceRegistry::assertValidServiceType (51 bytes)
Event: 52.277 Thread 0x000001808541bc40 nmethod 8153 0x00000180f5f10a10 code [0x00000180f5f10ba0, 0x00000180f5f10c98]
Event: 52.277 Thread 0x000001808541bc40 8155       4       sun.reflect.generics.parser.SignatureParser::parseFieldTypeSignature (73 bytes)
Event: 52.290 Thread 0x000001808541e640 8166       3       java.util.concurrent.locks.AbstractQueuedSynchronizer::releaseShared (19 bytes)
Event: 52.292 Thread 0x000001808541e640 nmethod 8166 0x00000180eee1ab90 code [0x00000180eee1ad80, 0x00000180eee1b1e8]
Event: 52.305 Thread 0x000001808541e640 8167       3       com.google.common.collect.Sets$ImprovedAbstractSet::<init> (5 bytes)
Event: 52.306 Thread 0x000001808541e640 nmethod 8167 0x00000180eee1b390 code [0x00000180eee1b540, 0x00000180eee1b778]
Event: 52.309 Thread 0x000001808541e640 8169       3       org.gradle.internal.instantiation.generator.AbstractClassGenerator$AbstractInjectedPropertyHandler::claimPropertyImplementation (61 bytes)
Event: 52.311 Thread 0x000001808541e640 nmethod 8169 0x00000180eee1b890 code [0x00000180eee1bb20, 0x00000180eee1c808]
Event: 52.311 Thread 0x000001808541e640 8170       3       org.gradle.internal.instantiation.generator.AsmBackedClassGenerator$ClassBuilderImpl::visitArrayElements (227 bytes)
Event: 52.317 Thread 0x000001808541e640 nmethod 8170 0x00000180eee1cc10 code [0x00000180eee1cf40, 0x00000180eee1dfe8]
Event: 52.317 Thread 0x000001808541e640 8173       3       org.gradle.internal.snapshot.impl.DefaultIsolatableFactory$IsolatableVisitor::managedImmutableValue (6 bytes)
Event: 52.317 Thread 0x000001808541e640 nmethod 8173 0x00000180eee1e710 code [0x00000180eee1e8e0, 0x00000180eee1ecf8]
Event: 52.317 Thread 0x000001808541e640 8174       3       org.gradle.internal.snapshot.impl.DefaultIsolatableFactory$IsolatableVisitor::managedImmutableValue (13 bytes)
Event: 52.318 Thread 0x000001808541e640 nmethod 8174 0x00000180eee1ee90 code [0x00000180eee1f040, 0x00000180eee1f3d8]
Event: 52.318 Thread 0x000001808541e640 8175       3       org.gradle.internal.snapshot.impl.IsolatedImmutableManagedValue::<init> (11 bytes)
Event: 52.318 Thread 0x000001808541e640 nmethod 8175 0x00000180eee1f510 code [0x00000180eee1f6c0, 0x00000180eee1f998]

GC Heap History (20 events):
Event: 23.314 GC heap after
{Heap after GC invocations=35 (full 0):
 garbage-first heap   total 158720K, used 100493K [0x0000000080000000, 0x0000000100000000)
  region size 1024K, 2 young (2048K), 2 survivors (2048K)
 Metaspace       used 49988K, committed 50432K, reserved 1097728K
  class space    used 6604K, committed 6784K, reserved 1048576K
}
Event: 23.717 GC heap before
{Heap before GC invocations=35 (full 0):
 garbage-first heap   total 158720K, used 105613K [0x0000000080000000, 0x0000000100000000)
  region size 1024K, 7 young (7168K), 2 survivors (2048K)
 Metaspace       used 50556K, committed 51136K, reserved 1097728K
  class space    used 6695K, committed 6976K, reserved 1048576K
}
Event: 23.743 GC heap after
{Heap after GC invocations=36 (full 0):
 garbage-first heap   total 158720K, used 100597K [0x0000000080000000, 0x0000000100000000)
  region size 1024K, 1 young (1024K), 1 survivors (1024K)
 Metaspace       used 50556K, committed 51136K, reserved 1097728K
  class space    used 6695K, committed 6976K, reserved 1048576K
}
Event: 25.623 GC heap before
{Heap before GC invocations=36 (full 0):
 garbage-first heap   total 158720K, used 124149K [0x0000000080000000, 0x0000000100000000)
  region size 1024K, 24 young (24576K), 1 survivors (1024K)
 Metaspace       used 53136K, committed 53696K, reserved 1097728K
  class space    used 7100K, committed 7360K, reserved 1048576K
}
Event: 25.653 GC heap after
{Heap after GC invocations=37 (full 0):
 garbage-first heap   total 206848K, used 102015K [0x0000000080000000, 0x0000000100000000)
  region size 1024K, 2 young (2048K), 2 survivors (2048K)
 Metaspace       used 53136K, committed 53696K, reserved 1097728K
  class space    used 7100K, committed 7360K, reserved 1048576K
}
Event: 31.282 GC heap before
{Heap before GC invocations=38 (full 0):
 garbage-first heap   total 206848K, used 159359K [0x0000000080000000, 0x0000000100000000)
  region size 1024K, 51 young (52224K), 2 survivors (2048K)
 Metaspace       used 55294K, committed 55936K, reserved 1097728K
  class space    used 7343K, committed 7616K, reserved 1048576K
}
Event: 31.363 GC heap after
{Heap after GC invocations=39 (full 0):
 garbage-first heap   total 206848K, used 117361K [0x0000000080000000, 0x0000000100000000)
  region size 1024K, 7 young (7168K), 7 survivors (7168K)
 Metaspace       used 55294K, committed 55936K, reserved 1097728K
  class space    used 7343K, committed 7616K, reserved 1048576K
}
Event: 32.022 GC heap before
{Heap before GC invocations=39 (full 0):
 garbage-first heap   total 206848K, used 119409K [0x0000000080000000, 0x0000000100000000)
  region size 1024K, 10 young (10240K), 7 survivors (7168K)
 Metaspace       used 55645K, committed 56256K, reserved 1097728K
  class space    used 7409K, committed 7680K, reserved 1048576K
}
Event: 32.098 GC heap after
{Heap after GC invocations=40 (full 0):
 garbage-first heap   total 206848K, used 117901K [0x0000000080000000, 0x0000000100000000)
  region size 1024K, 1 young (1024K), 1 survivors (1024K)
 Metaspace       used 55645K, committed 56256K, reserved 1097728K
  class space    used 7409K, committed 7680K, reserved 1048576K
}
Event: 37.422 GC heap before
{Heap before GC invocations=40 (full 0):
 garbage-first heap   total 206848K, used 161933K [0x0000000080000000, 0x0000000100000000)
  region size 1024K, 44 young (45056K), 1 survivors (1024K)
 Metaspace       used 63387K, committed 64000K, reserved 1105920K
  class space    used 8367K, committed 8640K, reserved 1048576K
}
Event: 37.460 GC heap after
{Heap after GC invocations=41 (full 0):
 garbage-first heap   total 206848K, used 119667K [0x0000000080000000, 0x0000000100000000)
  region size 1024K, 3 young (3072K), 3 survivors (3072K)
 Metaspace       used 63387K, committed 64000K, reserved 1105920K
  class space    used 8367K, committed 8640K, reserved 1048576K
}
Event: 40.077 GC heap before
{Heap before GC invocations=41 (full 0):
 garbage-first heap   total 206848K, used 170867K [0x0000000080000000, 0x0000000100000000)
  region size 1024K, 47 young (48128K), 3 survivors (3072K)
 Metaspace       used 67612K, committed 68288K, reserved 1114112K
  class space    used 8890K, committed 9216K, reserved 1048576K
}
Event: 40.131 GC heap after
{Heap after GC invocations=42 (full 0):
 garbage-first heap   total 206848K, used 124103K [0x0000000080000000, 0x0000000100000000)
  region size 1024K, 6 young (6144K), 6 survivors (6144K)
 Metaspace       used 67612K, committed 68288K, reserved 1114112K
  class space    used 8890K, committed 9216K, reserved 1048576K
}
Event: 44.500 GC heap before
{Heap before GC invocations=42 (full 0):
 garbage-first heap   total 206848K, used 167111K [0x0000000080000000, 0x0000000100000000)
  region size 1024K, 48 young (49152K), 6 survivors (6144K)
 Metaspace       used 71833K, committed 72512K, reserved 1114112K
  class space    used 9430K, committed 9728K, reserved 1048576K
}
Event: 44.570 GC heap after
{Heap after GC invocations=43 (full 0):
 garbage-first heap   total 206848K, used 127230K [0x0000000080000000, 0x0000000100000000)
  region size 1024K, 3 young (3072K), 3 survivors (3072K)
 Metaspace       used 71833K, committed 72512K, reserved 1114112K
  class space    used 9430K, committed 9728K, reserved 1048576K
}
Event: 47.062 GC heap before
{Heap before GC invocations=43 (full 0):
 garbage-first heap   total 206848K, used 169214K [0x0000000080000000, 0x0000000100000000)
  region size 1024K, 44 young (45056K), 3 survivors (3072K)
 Metaspace       used 72296K, committed 73024K, reserved 1114112K
  class space    used 9483K, committed 9792K, reserved 1048576K
}
Event: 47.124 GC heap after
{Heap after GC invocations=44 (full 0):
 garbage-first heap   total 206848K, used 131072K [0x0000000080000000, 0x0000000100000000)
  region size 1024K, 6 young (6144K), 6 survivors (6144K)
 Metaspace       used 72296K, committed 73024K, reserved 1114112K
  class space    used 9483K, committed 9792K, reserved 1048576K
}
Event: 51.697 GC heap before
{Heap before GC invocations=45 (full 0):
 garbage-first heap   total 224256K, used 169984K [0x0000000080000000, 0x0000000100000000)
  region size 1024K, 44 young (45056K), 6 survivors (6144K)
 Metaspace       used 77113K, committed 77824K, reserved 1122304K
  class space    used 10341K, committed 10624K, reserved 1048576K
}
Event: 51.776 GC heap after
{Heap after GC invocations=46 (full 0):
 garbage-first heap   total 224256K, used 133748K [0x0000000080000000, 0x0000000100000000)
  region size 1024K, 3 young (3072K), 3 survivors (3072K)
 Metaspace       used 77113K, committed 77824K, reserved 1122304K
  class space    used 10341K, committed 10624K, reserved 1048576K
}
Event: 52.328 GC heap before
{Heap before GC invocations=46 (full 0):
 garbage-first heap   total 224256K, used 140916K [0x0000000080000000, 0x0000000100000000)
  region size 1024K, 10 young (10240K), 3 survivors (3072K)
 Metaspace       used 77929K, committed 78592K, reserved 1122304K
  class space    used 10463K, committed 10752K, reserved 1048576K
}

Dll operation events (2 events):
Event: 0.309 Loaded shared library C:\Program Files\Android\Android Studio\jbr\bin\java.dll
Event: 2.692 Loaded shared library C:\Program Files\Android\Android Studio\jbr\bin\verify.dll

Deoptimization events (20 events):
Event: 46.377 Thread 0x0000018086f12e70 Uncommon trap: trap_request=0xfffffff4 fr.pc=0x00000180f5e9d4c8 relative=0x00000000000001a8
Event: 46.377 Thread 0x0000018086f12e70 Uncommon trap: reason=null_check action=make_not_entrant pc=0x00000180f5e9d4c8 method=java.lang.PublicMethods$MethodList.getMostSpecific()Ljava/lang/reflect/Method; @ 41 c2
Event: 46.377 Thread 0x0000018086f12e70 DEOPT PACKING pc=0x00000180f5e9d4c8 sp=0x00000017775f2740
Event: 46.379 Thread 0x0000018086f12e70 DEOPT UNPACKING pc=0x00000180f55a69a3 sp=0x00000017775f2658 mode 2
Event: 46.720 Thread 0x0000018086f12e70 Uncommon trap: trap_request=0xfffffff4 fr.pc=0x00000180f5ea897c relative=0x0000000000000ffc
Event: 46.720 Thread 0x0000018086f12e70 Uncommon trap: reason=null_check action=make_not_entrant pc=0x00000180f5ea897c method=com.sun.beans.introspect.MethodInfo$MethodOrder.compare(Ljava/lang/reflect/Method;Ljava/lang/reflect/Method;)I @ 133 c2
Event: 46.720 Thread 0x0000018086f12e70 DEOPT PACKING pc=0x00000180f5ea897c sp=0x00000017775f2f90
Event: 46.720 Thread 0x0000018086f12e70 DEOPT UNPACKING pc=0x00000180f55a69a3 sp=0x00000017775f2f30 mode 2
Event: 47.198 Thread 0x0000018086f12e70 Uncommon trap: trap_request=0xfffffff4 fr.pc=0x00000180f5da29e8 relative=0x0000000000000688
Event: 47.198 Thread 0x0000018086f12e70 Uncommon trap: reason=null_check action=make_not_entrant pc=0x00000180f5da29e8 method=org.gradle.util.internal.SimpleMapInterner.intern(Ljava/lang/Object;)Ljava/lang/Object; @ 2 c2
Event: 47.198 Thread 0x0000018086f12e70 DEOPT PACKING pc=0x00000180f5da29e8 sp=0x00000017775f66d0
Event: 47.199 Thread 0x0000018086f12e70 DEOPT UNPACKING pc=0x00000180f55a69a3 sp=0x00000017775f6688 mode 2
Event: 49.355 Thread 0x0000018086f12e70 DEOPT PACKING pc=0x00000180ee442b18 sp=0x00000017775f7730
Event: 49.356 Thread 0x0000018086f12e70 DEOPT UNPACKING pc=0x00000180f55a7143 sp=0x00000017775f6c10 mode 0
Event: 49.486 Thread 0x0000018086f12e70 DEOPT PACKING pc=0x00000180ee41721b sp=0x00000017775f7810
Event: 49.486 Thread 0x0000018086f12e70 DEOPT UNPACKING pc=0x00000180f55a7143 sp=0x00000017775f6c80 mode 0
Event: 50.594 Thread 0x0000018086f12e70 Uncommon trap: trap_request=0xffffff45 fr.pc=0x00000180f5da8a48 relative=0x0000000000000288
Event: 50.595 Thread 0x0000018086f12e70 Uncommon trap: reason=unstable_if action=reinterpret pc=0x00000180f5da8a48 method=java.io.WinNTFileSystem.prefixLength(Ljava/lang/String;)I @ 11 c2
Event: 50.595 Thread 0x0000018086f12e70 DEOPT PACKING pc=0x00000180f5da8a48 sp=0x00000017775f83e0
Event: 50.595 Thread 0x0000018086f12e70 DEOPT UNPACKING pc=0x00000180f55a69a3 sp=0x00000017775f8360 mode 2

Classes unloaded (0 events):
No events

Classes redefined (0 events):
No events

Internal exceptions (20 events):
Event: 46.724 Thread 0x0000018086f12e70 Exception <a 'java/lang/ClassNotFoundException'{0x000000008a5bcf98}: com/android/build/gradle/internal/dsl/BuildTypeCustomizer> (0x000000008a5bcf98) 
thrown [s\src\hotspot\share\classfile\systemDictionary.cpp, line 256]
Event: 46.730 Thread 0x0000018086f12e70 Exception <a 'java/lang/ClassNotFoundException'{0x000000008a445888}: com/android/build/gradle/internal/dsl/BuildType$AgpDecoratedCustomizer> (0x000000008a445888) 
thrown [s\src\hotspot\share\classfile\systemDictionary.cpp, line 256]
Event: 46.734 Thread 0x0000018086f12e70 Exception <a 'java/lang/ClassNotFoundException'{0x000000008a497fe8}: com/android/build/gradle/internal/dsl/BuildType$AgpDecorated_DecoratedCustomizer> (0x000000008a497fe8) 
thrown [s\src\hotspot\share\classfile\systemDictionary.cpp, line 256]
Event: 46.749 Thread 0x0000018086f12e70 Exception <a 'java/lang/ClassNotFoundException'{0x000000008a3749d8}: build_617jqltfm7dcgp2g0932b9m2b$_run_closure1$_closure4BeanInfo> (0x000000008a3749d8) 
thrown [s\src\hotspot\share\classfile\systemDictionary.cpp, line 256]
Event: 46.751 Thread 0x0000018086f12e70 Exception <a 'java/lang/ClassNotFoundException'{0x000000008a37f6f0}: build_617jqltfm7dcgp2g0932b9m2b$_run_closure1$_closure4Customizer> (0x000000008a37f6f0) 
thrown [s\src\hotspot\share\classfile\systemDictionary.cpp, line 256]
Event: 46.763 Thread 0x0000018086f12e70 Exception <a 'java/lang/ClassNotFoundException'{0x000000008a3a24a8}: build_617jqltfm7dcgp2g0932b9m2b$_run_closure1BeanInfo> (0x000000008a3a24a8) 
thrown [s\src\hotspot\share\classfile\systemDictionary.cpp, line 256]
Event: 46.764 Thread 0x0000018086f12e70 Exception <a 'java/lang/ClassNotFoundException'{0x000000008a3ad0f8}: build_617jqltfm7dcgp2g0932b9m2b$_run_closure1Customizer> (0x000000008a3ad0f8) 
thrown [s\src\hotspot\share\classfile\systemDictionary.cpp, line 256]
Event: 46.787 Thread 0x0000018086f12e70 Exception <a 'java/lang/ClassNotFoundException'{0x000000008a3e9158}: org/gradle/api/JavaVersionBeanInfo> (0x000000008a3e9158) 
thrown [s\src\hotspot\share\classfile\systemDictionary.cpp, line 256]
Event: 46.793 Thread 0x0000018086f12e70 Exception <a 'java/lang/ClassNotFoundException'{0x000000008a3fe7d8}: org/gradle/api/JavaVersionCustomizer> (0x000000008a3fe7d8) 
thrown [s\src\hotspot\share\classfile\systemDictionary.cpp, line 256]
Event: 46.869 Thread 0x0000018086f12e70 Exception <a 'java/lang/ClassNotFoundException'{0x000000008a24d388}: com/android/build/gradle/internal/CompileOptions$AgpDecorated_DecoratedBeanInfo> (0x000000008a24d388) 
thrown [s\src\hotspot\share\classfile\systemDictionary.cpp, line 256]
Event: 46.873 Thread 0x0000018086f12e70 Exception <a 'java/lang/ClassNotFoundException'{0x000000008a259908}: com/android/build/gradle/internal/CompileOptions$AgpDecoratedBeanInfo> (0x000000008a259908) 
thrown [s\src\hotspot\share\classfile\systemDictionary.cpp, line 256]
Event: 46.876 Thread 0x0000018086f12e70 Exception <a 'java/lang/ClassNotFoundException'{0x000000008a265fc8}: com/android/build/gradle/internal/CompileOptionsBeanInfo> (0x000000008a265fc8) 
thrown [s\src\hotspot\share\classfile\systemDictionary.cpp, line 256]
Event: 46.879 Thread 0x0000018086f12e70 Exception <a 'java/lang/ClassNotFoundException'{0x000000008a2723e8}: com/android/build/gradle/internal/CompileOptionsCustomizer> (0x000000008a2723e8) 
thrown [s\src\hotspot\share\classfile\systemDictionary.cpp, line 256]
Event: 46.884 Thread 0x0000018086f12e70 Exception <a 'java/lang/ClassNotFoundException'{0x000000008a28b1e0}: com/android/build/gradle/internal/CompileOptions$AgpDecoratedCustomizer> (0x000000008a28b1e0) 
thrown [s\src\hotspot\share\classfile\systemDictionary.cpp, line 256]
Event: 46.886 Thread 0x0000018086f12e70 Exception <a 'java/lang/ClassNotFoundException'{0x000000008a2a6a58}: com/android/build/gradle/internal/CompileOptions$AgpDecorated_DecoratedCustomizer> (0x000000008a2a6a58) 
thrown [s\src\hotspot\share\classfile\systemDictionary.cpp, line 256]
Event: 47.054 Thread 0x0000018086f12e70 Exception <a 'java/lang/ClassNotFoundException'{0x000000008a1d4f30}: org/jetbrains/kotlin/gradle/dsl/KotlinJvmOptionsImplBeanInfo> (0x000000008a1d4f30) 
thrown [s\src\hotspot\share\classfile\systemDictionary.cpp, line 256]
Event: 47.055 Thread 0x0000018086f12e70 Exception <a 'java/lang/ClassNotFoundException'{0x000000008a1e12f8}: org/jetbrains/kotlin/gradle/dsl/KotlinJvmOptionsBaseBeanInfo> (0x000000008a1e12f8) 
thrown [s\src\hotspot\share\classfile\systemDictionary.cpp, line 256]
Event: 47.060 Thread 0x0000018086f12e70 Exception <a 'java/lang/ClassNotFoundException'{0x000000008a1ed6b8}: org/jetbrains/kotlin/gradle/dsl/KotlinJvmOptionsBaseCustomizer> (0x000000008a1ed6b8) 
thrown [s\src\hotspot\share\classfile\systemDictionary.cpp, line 256]
Event: 47.127 Thread 0x0000018086f12e70 Exception <a 'java/lang/ClassNotFoundException'{0x000000008c90d5e0}: org/jetbrains/kotlin/gradle/dsl/KotlinJvmOptionsImplCustomizer> (0x000000008c90d5e0) 
thrown [s\src\hotspot\share\classfile\systemDictionary.cpp, line 256]
Event: 47.198 Thread 0x0000018086f12e70 Implicit null exception at 0x00000180f5da2392 to 0x00000180f5da29d8

VM Operations (20 events):
Event: 45.598 Executing VM operation: Cleanup done
Event: 46.610 Executing VM operation: Cleanup
Event: 46.611 Executing VM operation: Cleanup done
Event: 47.061 Executing VM operation: G1CollectForAllocation
Event: 47.124 Executing VM operation: G1CollectForAllocation done
Event: 47.760 Executing VM operation: G1Concurrent
Event: 47.836 Executing VM operation: G1Concurrent done
Event: 47.883 Executing VM operation: G1Concurrent
Event: 47.887 Executing VM operation: G1Concurrent done
Event: 47.930 Executing VM operation: HandshakeAllThreads
Event: 47.931 Executing VM operation: HandshakeAllThreads done
Event: 48.947 Executing VM operation: Cleanup
Event: 48.952 Executing VM operation: Cleanup done
Event: 49.954 Executing VM operation: Cleanup
Event: 49.955 Executing VM operation: Cleanup done
Event: 50.960 Executing VM operation: Cleanup
Event: 50.961 Executing VM operation: Cleanup done
Event: 51.695 Executing VM operation: G1CollectForAllocation
Event: 51.777 Executing VM operation: G1CollectForAllocation done
Event: 52.328 Executing VM operation: G1CollectForAllocation

Events (20 events):
Event: 42.754 loading class com/sun/jmx/mbeanserver/StandardMBeanIntrospector
Event: 42.755 loading class com/sun/jmx/mbeanserver/StandardMBeanIntrospector done
Event: 44.969 loading class java/util/ArrayListBeanInfo
Event: 44.971 loading class java/util/ArrayListBeanInfo done
Event: 44.972 loading class java/util/ArrayListBeanInfo
Event: 44.972 loading class java/util/ArrayListBeanInfo done
Event: 44.973 loading class java/util/AbstractListBeanInfo
Event: 44.973 loading class java/util/AbstractListBeanInfo done
Event: 44.974 loading class java/util/AbstractListBeanInfo
Event: 44.974 loading class java/util/AbstractListBeanInfo done
Event: 44.974 loading class java/util/AbstractListCustomizer
Event: 44.975 loading class java/util/AbstractListCustomizer done
Event: 44.976 loading class java/util/AbstractListCustomizer
Event: 44.976 loading class java/util/AbstractListCustomizer done
Event: 44.981 loading class java/util/ArrayListCustomizer
Event: 44.981 loading class java/util/ArrayListCustomizer done
Event: 44.983 loading class java/util/ArrayListCustomizer
Event: 44.983 loading class java/util/ArrayListCustomizer done
Event: 45.846 loading class java/beans/IntrospectionException
Event: 45.848 loading class java/beans/IntrospectionException done


Dynamic libraries:
0x00007ff662900000 - 0x00007ff66290a000 	C:\Program Files\Android\Android Studio\jbr\bin\java.exe
0x00007ffeb8b50000 - 0x00007ffeb8d48000 	C:\WINDOWS\SYSTEM32\ntdll.dll
0x00007ffe79e50000 - 0x00007ffe79e69000 	C:\Program Files\Avast Software\Avast\aswhook.dll
0x00007ffeb72c0000 - 0x00007ffeb737f000 	C:\WINDOWS\System32\KERNEL32.DLL
0x00007ffeb6660000 - 0x00007ffeb693a000 	C:\WINDOWS\System32\KERNELBASE.dll
0x00007ffeb69e0000 - 0x00007ffeb6ae0000 	C:\WINDOWS\System32\ucrtbase.dll
0x00007ffeb0ee0000 - 0x00007ffeb0ef7000 	C:\Program Files\Android\Android Studio\jbr\bin\jli.dll
0x00007ffeb0ac0000 - 0x00007ffeb0adb000 	C:\Program Files\Android\Android Studio\jbr\bin\VCRUNTIME140.dll
0x00007ffeb7380000 - 0x00007ffeb751d000 	C:\WINDOWS\System32\USER32.dll
0x00007ffeb6b80000 - 0x00007ffeb6ba2000 	C:\WINDOWS\System32\win32u.dll
0x00007ffeb76d0000 - 0x00007ffeb76fb000 	C:\WINDOWS\System32\GDI32.dll
0x00007ffeb6360000 - 0x00007ffeb6470000 	C:\WINDOWS\System32\gdi32full.dll
0x00007ffeb6ae0000 - 0x00007ffeb6b7d000 	C:\WINDOWS\System32\msvcp_win.dll
0x00007ffea7380000 - 0x00007ffea761a000 	C:\WINDOWS\WinSxS\amd64_microsoft.windows.common-controls_6595b64144ccf1df_6.0.19041.1110_none_60b5254171f9507e\COMCTL32.dll
0x00007ffeb8a70000 - 0x00007ffeb8b0e000 	C:\WINDOWS\System32\msvcrt.dll
0x00007ffeb8a40000 - 0x00007ffeb8a70000 	C:\WINDOWS\System32\IMM32.DLL
0x00007ffeb0e50000 - 0x00007ffeb0e5c000 	C:\Program Files\Android\Android Studio\jbr\bin\vcruntime140_1.dll
0x00007ffea2bd0000 - 0x00007ffea2c5d000 	C:\Program Files\Android\Android Studio\jbr\bin\msvcp140.dll
0x00007ffe5f530000 - 0x00007ffe6019d000 	C:\Program Files\Android\Android Studio\jbr\bin\server\jvm.dll
0x00007ffeb8230000 - 0x00007ffeb82de000 	C:\WINDOWS\System32\ADVAPI32.dll
0x00007ffeb7b20000 - 0x00007ffeb7bbc000 	C:\WINDOWS\System32\sechost.dll
0x00007ffeb8030000 - 0x00007ffeb8156000 	C:\WINDOWS\System32\RPCRT4.dll
0x00007ffea7fc0000 - 0x00007ffea7fe7000 	C:\WINDOWS\SYSTEM32\WINMM.dll
0x00007ffea98a0000 - 0x00007ffea98a9000 	C:\WINDOWS\SYSTEM32\WSOCK32.dll
0x00007ffeac6c0000 - 0x00007ffeac6ca000 	C:\WINDOWS\SYSTEM32\VERSION.dll
0x00007ffeb7700000 - 0x00007ffeb776b000 	C:\WINDOWS\System32\WS2_32.dll
0x00007ffeb4120000 - 0x00007ffeb4132000 	C:\WINDOWS\SYSTEM32\kernel.appcore.dll
0x00007ffeb10b0000 - 0x00007ffeb10ba000 	C:\Program Files\Android\Android Studio\jbr\bin\jimage.dll
0x00007ffeabd20000 - 0x00007ffeabf04000 	C:\WINDOWS\SYSTEM32\DBGHELP.DLL
0x00007ffeabcc0000 - 0x00007ffeabcf4000 	C:\WINDOWS\SYSTEM32\dbgcore.DLL
0x00007ffeb6470000 - 0x00007ffeb64f2000 	C:\WINDOWS\System32\bcryptPrimitives.dll
0x00007ffeb0100000 - 0x00007ffeb0125000 	C:\Program Files\Android\Android Studio\jbr\bin\java.dll
0x00007ffeafa00000 - 0x00007ffeafa18000 	C:\Program Files\Android\Android Studio\jbr\bin\zip.dll
0x00007ffeb82f0000 - 0x00007ffeb8a34000 	C:\WINDOWS\System32\SHELL32.dll
0x00007ffeb4320000 - 0x00007ffeb4ab3000 	C:\WINDOWS\SYSTEM32\windows.storage.dll
0x00007ffeb6f60000 - 0x00007ffeb72b4000 	C:\WINDOWS\System32\combase.dll
0x00007ffeb5c50000 - 0x00007ffeb5c7e000 	C:\WINDOWS\SYSTEM32\Wldp.dll
0x00007ffeb6bb0000 - 0x00007ffeb6c5d000 	C:\WINDOWS\System32\SHCORE.dll
0x00007ffeb7850000 - 0x00007ffeb78a5000 	C:\WINDOWS\System32\shlwapi.dll
0x00007ffeb61a0000 - 0x00007ffeb61bf000 	C:\WINDOWS\SYSTEM32\profapi.dll
0x00007ffeaf9e0000 - 0x00007ffeaf9f9000 	C:\Program Files\Android\Android Studio\jbr\bin\net.dll
0x00007ffeaedb0000 - 0x00007ffeaeeba000 	C:\WINDOWS\SYSTEM32\WINHTTP.dll
0x00007ffeb59b0000 - 0x00007ffeb5a1a000 	C:\WINDOWS\system32\mswsock.dll
0x00007ffeaf9c0000 - 0x00007ffeaf9d6000 	C:\Program Files\Android\Android Studio\jbr\bin\nio.dll
0x00007ffeaf9b0000 - 0x00007ffeaf9c0000 	C:\Program Files\Android\Android Studio\jbr\bin\verify.dll
0x00007ffeafa60000 - 0x00007ffeafa87000 	C:\Users\beyza\.gradle\native\e1d6ef7f7dcc3fd88c89a11ec53ec762bb8ba0a96d01ffa2cd45eb1d1d8dd5c5\windows-amd64\native-platform.dll
0x00007ffea2a80000 - 0x00007ffea2bc4000 	C:\Users\beyza\.gradle\native\0d407fdbe67a94daf76414ababcb853783967236a71b16ec16e742cd7a986fd3\windows-amd64\native-platform-file-events.dll
0x00007ffeb0e60000 - 0x00007ffeb0e69000 	C:\Program Files\Android\Android Studio\jbr\bin\management.dll
0x00007ffeb00f0000 - 0x00007ffeb00fb000 	C:\Program Files\Android\Android Studio\jbr\bin\management_ext.dll
0x00007ffeb76b0000 - 0x00007ffeb76b8000 	C:\WINDOWS\System32\PSAPI.DLL
0x00007ffeb5ba0000 - 0x00007ffeb5bb8000 	C:\WINDOWS\SYSTEM32\CRYPTSP.dll
0x00007ffeb5260000 - 0x00007ffeb5294000 	C:\WINDOWS\system32\rsaenh.dll
0x00007ffeb6940000 - 0x00007ffeb6967000 	C:\WINDOWS\System32\bcrypt.dll
0x00007ffeb6160000 - 0x00007ffeb618e000 	C:\WINDOWS\SYSTEM32\USERENV.dll
0x00007ffeb5bc0000 - 0x00007ffeb5bcc000 	C:\WINDOWS\SYSTEM32\CRYPTBASE.dll
0x00007ffeb5630000 - 0x00007ffeb566c000 	C:\WINDOWS\SYSTEM32\IPHLPAPI.DLL
0x00007ffeb82e0000 - 0x00007ffeb82e8000 	C:\WINDOWS\System32\NSI.dll
0x00007ffeaf920000 - 0x00007ffeaf937000 	C:\WINDOWS\SYSTEM32\dhcpcsvc6.DLL
0x00007ffeafd20000 - 0x00007ffeafd3d000 	C:\WINDOWS\SYSTEM32\dhcpcsvc.DLL
0x00007ffeb56e0000 - 0x00007ffeb57ab000 	C:\WINDOWS\SYSTEM32\DNSAPI.dll
0x00007ffea29e0000 - 0x00007ffea29e7000 	C:\WINDOWS\system32\wshunix.dll

dbghelp: loaded successfully - version: 4.0.5 - missing functions: none
symbol engine: initialized successfully - sym options: 0x614 - pdb path: .;C:\Program Files\Android\Android Studio\jbr\bin;C:\WINDOWS\SYSTEM32;C:\Program Files\Avast Software\Avast;C:\WINDOWS\WinSxS\amd64_microsoft.windows.common-controls_6595b64144ccf1df_6.0.19041.1110_none_60b5254171f9507e;C:\Program Files\Android\Android Studio\jbr\bin\server;C:\Users\beyza\.gradle\native\e1d6ef7f7dcc3fd88c89a11ec53ec762bb8ba0a96d01ffa2cd45eb1d1d8dd5c5\windows-amd64;C:\Users\beyza\.gradle\native\0d407fdbe67a94daf76414ababcb853783967236a71b16ec16e742cd7a986fd3\windows-amd64

VM Arguments:
jvm_args: --add-opens=java.base/java.util=ALL-UNNAMED --add-opens=java.base/java.lang=ALL-UNNAMED --add-opens=java.base/java.lang.invoke=ALL-UNNAMED --add-opens=java.base/java.util=ALL-UNNAMED --add-opens=java.prefs/java.util.prefs=ALL-UNNAMED --add-opens=java.prefs/java.util.prefs=ALL-UNNAMED --add-opens=java.base/java.nio.charset=ALL-UNNAMED --add-opens=java.base/java.net=ALL-UNNAMED --add-opens=java.base/java.util.concurrent.atomic=ALL-UNNAMED -Xmx2048m -Dfile.encoding=UTF-8 -Duser.country=TR -Duser.language=tr -Duser.variant 
java_command: org.gradle.launcher.daemon.bootstrap.GradleDaemon 7.5
java_class_path (initial): C:\Users\beyza\.gradle\wrapper\dists\gradle-7.5-bin\f1w0cc9nuo0eivz97x2xlu9sv\gradle-7.5\lib\gradle-launcher-7.5.jar
Launcher Type: SUN_STANDARD

[Global flags]
     intx CICompilerCount                          = 4                                         {product} {ergonomic}
     uint ConcGCThreads                            = 2                                         {product} {ergonomic}
     uint G1ConcRefinementThreads                  = 8                                         {product} {ergonomic}
   size_t G1HeapRegionSize                         = 1048576                                   {product} {ergonomic}
    uintx GCDrainStackTargetSize                   = 64                                        {product} {ergonomic}
   size_t InitialHeapSize                          = 58720256                                  {product} {ergonomic}
   size_t MarkStackSize                            = 4194304                                   {product} {ergonomic}
   size_t MaxHeapSize                              = 2147483648                                {product} {command line}
   size_t MaxNewSize                               = 1287651328                                {product} {ergonomic}
   size_t MinHeapDeltaBytes                        = 1048576                                   {product} {ergonomic}
   size_t MinHeapSize                              = 8388608                                   {product} {ergonomic}
    uintx NonNMethodCodeHeapSize                   = 5839372                                {pd product} {ergonomic}
    uintx NonProfiledCodeHeapSize                  = 122909434                              {pd product} {ergonomic}
    uintx ProfiledCodeHeapSize                     = 122909434                              {pd product} {ergonomic}
    uintx ReservedCodeCacheSize                    = 251658240                              {pd product} {ergonomic}
     bool SegmentedCodeCache                       = true                                      {product} {ergonomic}
   size_t SoftMaxHeapSize                          = 2147483648                             {manageable} {ergonomic}
     bool UseCompressedClassPointers               = true                           {product lp64_product} {ergonomic}
     bool UseCompressedOops                        = true                           {product lp64_product} {ergonomic}
     bool UseG1GC                                  = true                                      {product} {ergonomic}
     bool UseLargePagesIndividualAllocation        = false                                  {pd product} {ergonomic}

Logging:
Log output configuration:
 #0: stdout all=warning uptime,level,tags
 #1: stderr all=off uptime,level,tags

Environment Variables:
PATH=C:\Program Files\Common Files\Oracle\Java\javapath;C:\WINDOWS\system32;C:\WINDOWS;C:\WINDOWS\System32\Wbem;C:\WINDOWS\System32\WindowsPowerShell\v1.0\;C:\WINDOWS\System32\OpenSSH\;C:\Program Files\Microsoft SQL Server\Client SDK\ODBC\170\Tools\Binn\;C:\Program Files (x86)\Microsoft SQL Server\150\Tools\Binn\;C:\Program Files\Microsoft SQL Server\150\Tools\Binn\;C:\Program Files\Microsoft SQL Server\150\DTS\Binn\;C:\Program Files\MATLAB\R2021b\bin;C:\Program Files\Java\jdk-17\bin;C:\Program Files\Git\cmd;C:\Users\beyza\AppData\Local\Microsoft\WindowsApps;C:\Program Files\Azure Data Studio\bin;C:\flutter_windows_2.5.3-stable\flutter\bin
USERNAME=beyza
OS=Windows_NT
PROCESSOR_IDENTIFIER=AMD64 Family 23 Model 24 Stepping 1, AuthenticAMD
TMP=C:\Users\beyza\AppData\Local\Temp
TEMP=C:\Users\beyza\AppData\Local\Temp



---------------  S Y S T E M  ---------------

OS:
 Windows 10 , 64 bit Build 19041 (10.0.19041.2788)
OS uptime: 3 days 20:31 hours

CPU: total 8 (initial active 8) (8 cores per cpu, 2 threads per core) family 23 model 24 stepping 1 microcode 0x0, cx8, cmov, fxsr, ht, mmx, 3dnowpref, sse, sse2, sse3, ssse3, sse4a, sse4.1, sse4.2, popcnt, lzcnt, tsc, tscinvbit, avx, avx2, aes, clmul, bmi1, bmi2, adx, sha, fma, vzeroupper, clflush, clflushopt

Memory: 4k page, system-wide physical 3531M (106M free)
TotalPageFile size 14283M (AvailPageFile size 57M)
current process WorkingSet (physical memory assigned to process): 174M, peak: 180M
current process commit charge ("private bytes"): 462M, peak: 568M

vm_info: OpenJDK 64-Bit Server VM (17.0.6+0-b2043.56-9586694) for windows-amd64 JRE (17.0.6+0-b2043.56-9586694), built on Feb  9 2023 20:06:20 by "androidbuild" with MS VC++ 16.10 / 16.11 (VS2019)

END.
